nohup: ignoring input
Data_flie is not Exists
figures is not Exists
NeuralNet(
  (network): Sequential(
    (0): Linear(in_features=3, out_features=64, bias=True)
    (1): Tanh()
    (2): Linear(in_features=64, out_features=64, bias=True)
    (3): Tanh()
    (4): Linear(in_features=64, out_features=64, bias=True)
    (5): Tanh()
    (6): Linear(in_features=64, out_features=64, bias=True)
    (7): Tanh()
    (8): Linear(in_features=64, out_features=64, bias=True)
    (9): Tanh()
    (10): Linear(in_features=64, out_features=1, bias=True)
  )
)
starting Adam training
/home/ub20/miniconda3/envs/py39torch/lib/python3.9/site-packages/torch/autograd/graph.py:744: UserWarning: Attempting to run cuBLAS, but there was no current CUDA context! Attempting to set the primary context... (Triggered internally at ../aten/src/ATen/cuda/CublasHandlePool.cpp:135.)
  return Variable._execution_engine.run_backward(  # Calls into the C++ engine to run the backward pass
It: 100, Time: 3.58, mse_0: 6.6090e-01, mse_f: 1.3199e+04, total loss: 1.3231e+04, Error: 9.8506e-01
It: 200, Time: 2.76, mse_0: 5.8846e+00, mse_f: 1.3243e+04, total loss: 1.3284e+04, Error: 9.8577e-01
It: 300, Time: 2.94, mse_0: 7.5104e+00, mse_f: 1.2971e+04, total loss: 1.3166e+04, Error: 9.4080e-01
It: 400, Time: 3.13, mse_0: 2.6365e+01, mse_f: 1.0563e+04, total loss: 1.0743e+04, Error: 1.8253e-01
It: 500, Time: 2.77, mse_0: 7.8314e+00, mse_f: 1.0415e+04, total loss: 1.0476e+04, Error: 9.1950e-02
It: 600, Time: 2.75, mse_0: 1.0874e+01, mse_f: 1.0287e+04, total loss: 1.0331e+04, Error: 6.8686e-02
It: 700, Time: 2.75, mse_0: 2.3753e+01, mse_f: 8.7061e+03, total loss: 8.8404e+03, Error: 1.1057e-01
It: 800, Time: 2.48, mse_0: 4.9230e+01, mse_f: 6.0201e+03, total loss: 6.2005e+03, Error: 1.4634e-01
It: 900, Time: 2.57, mse_0: 4.2444e+01, mse_f: 3.4317e+03, total loss: 3.6049e+03, Error: 1.1301e-01
It: 1000, Time: 2.51, mse_0: 4.3816e+01, mse_f: 1.8731e+03, total loss: 2.0448e+03, Error: 5.9109e-02
It: 1100, Time: 2.64, mse_0: 3.2333e+01, mse_f: 7.7766e+02, total loss: 9.0247e+02, Error: 4.2924e-02
It: 1200, Time: 2.67, mse_0: 4.2908e+01, mse_f: 2.7033e+02, total loss: 3.7487e+02, Error: 3.6966e-02
It: 1300, Time: 2.90, mse_0: 3.4066e+01, mse_f: 1.4467e+02, total loss: 2.1415e+02, Error: 2.9498e-02
It: 1400, Time: 2.73, mse_0: 2.7109e+01, mse_f: 8.6371e+01, total loss: 1.3191e+02, Error: 2.4810e-02
It: 1500, Time: 2.73, mse_0: 2.6633e+01, mse_f: 6.2454e+01, total loss: 1.0410e+02, Error: 2.2031e-02
It: 1600, Time: 2.69, mse_0: 3.0414e+01, mse_f: 4.8996e+01, total loss: 9.5219e+01, Error: 2.2403e-02
It: 1700, Time: 2.74, mse_0: 2.6529e+01, mse_f: 3.9773e+01, total loss: 7.6347e+01, Error: 1.5751e-02
It: 1800, Time: 2.44, mse_0: 2.6636e+01, mse_f: 3.4455e+01, total loss: 6.9970e+01, Error: 2.0108e-02
It: 1900, Time: 2.64, mse_0: 2.5757e+01, mse_f: 3.0351e+01, total loss: 6.2900e+01, Error: 1.7071e-02
It: 2000, Time: 2.81, mse_0: 2.9195e+01, mse_f: 2.8583e+01, total loss: 6.7731e+01, Error: 1.9597e-02
starting L-BFGS training
It: 100, Time: 3.72, mse_0: 2.5373e+01, mse_f: 2.1719e+01, total loss: 5.1445e+01, Error: 1.2511e-02
It: 200, Time: 4.98, mse_0: 2.5143e+01, mse_f: 1.5867e+01, total loss: 4.3918e+01, Error: 1.1292e-02
It: 300, Time: 4.53, mse_0: 2.4906e+01, mse_f: 1.2669e+01, total loss: 3.9796e+01, Error: 1.0787e-02
It: 400, Time: 5.39, mse_0: 2.4733e+01, mse_f: 1.0876e+01, total loss: 3.7380e+01, Error: 9.9304e-03
It: 500, Time: 5.16, mse_0: 2.4550e+01, mse_f: 9.2610e+00, total loss: 3.5367e+01, Error: 9.5131e-03
Error u: 9.513136e-03
ferru =  0.024258917
Error u: 9.513136e-03
u_pred.shape after=  (105, 103, 51)
NeuralNet(
  (network): Sequential(
    (0): Linear(in_features=3, out_features=64, bias=True)
    (1): Tanh()
    (2): Linear(in_features=64, out_features=64, bias=True)
    (3): Tanh()
    (4): Linear(in_features=64, out_features=64, bias=True)
    (5): Tanh()
    (6): Linear(in_features=64, out_features=64, bias=True)
    (7): Tanh()
    (8): Linear(in_features=64, out_features=64, bias=True)
    (9): Tanh()
    (10): Linear(in_features=64, out_features=1, bias=True)
  )
)
starting Adam training
It: 100, Time: 3.52, mse_0: 1.7390e+03, mse_f: 1.2402e+04, total loss: 1.6812e+04, Error: 4.9324e-01
It: 200, Time: 3.73, mse_0: 1.7345e+02, mse_f: 1.0820e+04, total loss: 1.1340e+04, Error: 2.4643e-01
It: 300, Time: 3.41, mse_0: 5.3502e+01, mse_f: 1.0383e+04, total loss: 1.0539e+04, Error: 1.1380e-01
It: 400, Time: 3.48, mse_0: 5.2494e+01, mse_f: 9.9245e+03, total loss: 1.0034e+04, Error: 6.4203e-02
It: 500, Time: 2.62, mse_0: 4.2794e+01, mse_f: 8.8914e+03, total loss: 8.9969e+03, Error: 9.5018e-02
It: 600, Time: 2.62, mse_0: 5.8566e+01, mse_f: 6.4734e+03, total loss: 6.5990e+03, Error: 1.0494e-01
It: 700, Time: 2.62, mse_0: 6.1918e+01, mse_f: 4.5484e+03, total loss: 4.6923e+03, Error: 9.6208e-02
It: 800, Time: 2.79, mse_0: 2.4845e+01, mse_f: 3.6629e+03, total loss: 3.7823e+03, Error: 6.3697e-02
It: 900, Time: 2.69, mse_0: 2.1055e+01, mse_f: 2.2022e+03, total loss: 2.3230e+03, Error: 7.4904e-02
It: 1000, Time: 2.78, mse_0: 2.2211e+01, mse_f: 1.0557e+03, total loss: 1.2075e+03, Error: 5.5885e-02
It: 1100, Time: 2.66, mse_0: 1.0080e+01, mse_f: 7.4416e+02, total loss: 8.4698e+02, Error: 4.3104e-02
It: 1200, Time: 2.64, mse_0: 1.5631e+01, mse_f: 4.9090e+02, total loss: 5.8831e+02, Error: 3.7423e-02
It: 1300, Time: 2.74, mse_0: 1.0067e+01, mse_f: 2.5172e+02, total loss: 3.1448e+02, Error: 3.2344e-02
It: 1400, Time: 3.42, mse_0: 1.0299e+01, mse_f: 1.6225e+02, total loss: 2.0435e+02, Error: 2.1843e-02
It: 1500, Time: 3.47, mse_0: 3.1828e+00, mse_f: 1.0922e+02, total loss: 1.2953e+02, Error: 1.7438e-02
starting L-BFGS training
It: 100, Time: 4.71, mse_0: 2.0029e+00, mse_f: 6.5488e+01, total loss: 7.7971e+01, Error: 1.2964e-02
It: 200, Time: 5.64, mse_0: 1.1159e+00, mse_f: 4.3035e+01, total loss: 5.2074e+01, Error: 1.1145e-02
It: 300, Time: 5.59, mse_0: 9.7112e-01, mse_f: 3.1321e+01, total loss: 3.8347e+01, Error: 7.4660e-03
It: 400, Time: 5.26, mse_0: 5.1651e-01, mse_f: 2.4630e+01, total loss: 3.0179e+01, Error: 5.2299e-03
It: 500, Time: 4.83, mse_0: 4.3969e-01, mse_f: 1.9808e+01, total loss: 2.4242e+01, Error: 4.4034e-03
Error u: 4.403428e-03
ferru =  0.03367191
Error u: 5.967377e-03
u_pred.shape after=  (105, 103, 101)
NeuralNet(
  (network): Sequential(
    (0): Linear(in_features=3, out_features=64, bias=True)
    (1): Tanh()
    (2): Linear(in_features=64, out_features=64, bias=True)
    (3): Tanh()
    (4): Linear(in_features=64, out_features=64, bias=True)
    (5): Tanh()
    (6): Linear(in_features=64, out_features=64, bias=True)
    (7): Tanh()
    (8): Linear(in_features=64, out_features=64, bias=True)
    (9): Tanh()
    (10): Linear(in_features=64, out_features=1, bias=True)
  )
)
starting Adam training
It: 100, Time: 2.61, mse_0: 4.0450e+03, mse_f: 1.7711e+04, total loss: 2.4228e+04, Error: 7.7575e-01
It: 200, Time: 2.69, mse_0: 2.8416e+02, mse_f: 1.0889e+04, total loss: 1.1802e+04, Error: 1.8087e-01
It: 300, Time: 2.53, mse_0: 1.5743e+02, mse_f: 1.0202e+04, total loss: 1.0550e+04, Error: 7.3423e-02
It: 400, Time: 2.62, mse_0: 5.9077e+01, mse_f: 7.7623e+03, total loss: 7.9483e+03, Error: 5.5778e-02
It: 500, Time: 2.65, mse_0: 5.7501e+01, mse_f: 5.2923e+03, total loss: 5.5111e+03, Error: 4.6781e-02
It: 600, Time: 2.76, mse_0: 3.7934e+01, mse_f: 3.5510e+03, total loss: 3.7324e+03, Error: 4.9164e-02
It: 700, Time: 2.72, mse_0: 3.2655e+01, mse_f: 2.1274e+03, total loss: 2.2627e+03, Error: 4.7504e-02
It: 800, Time: 2.82, mse_0: 1.4091e+01, mse_f: 1.1826e+03, total loss: 1.2804e+03, Error: 4.5296e-02
It: 900, Time: 2.66, mse_0: 9.8221e+00, mse_f: 5.0795e+02, total loss: 5.8942e+02, Error: 4.4221e-02
It: 1000, Time: 2.77, mse_0: 5.7209e+00, mse_f: 2.8412e+02, total loss: 3.4613e+02, Error: 3.7853e-02
It: 1100, Time: 2.84, mse_0: 4.6985e+00, mse_f: 1.7632e+02, total loss: 2.2123e+02, Error: 3.6291e-02
It: 1200, Time: 2.63, mse_0: 3.3261e+00, mse_f: 9.8733e+01, total loss: 1.1739e+02, Error: 4.0654e-02
It: 1300, Time: 2.80, mse_0: 2.1144e+00, mse_f: 7.4958e+01, total loss: 8.8569e+01, Error: 3.6848e-02
It: 1400, Time: 2.81, mse_0: 2.2124e+00, mse_f: 5.8618e+01, total loss: 7.0356e+01, Error: 3.1622e-02
It: 1500, Time: 2.61, mse_0: 1.7529e+00, mse_f: 4.6885e+01, total loss: 5.6721e+01, Error: 2.6257e-02
starting L-BFGS training
It: 100, Time: 3.52, mse_0: 9.9309e-01, mse_f: 3.1005e+01, total loss: 3.8762e+01, Error: 1.1689e-02
It: 200, Time: 4.85, mse_0: 7.0245e-01, mse_f: 1.9713e+01, total loss: 2.5043e+01, Error: 9.6053e-03
It: 300, Time: 4.89, mse_0: 4.9611e-01, mse_f: 1.3728e+01, total loss: 1.7940e+01, Error: 9.3832e-03
It: 400, Time: 4.64, mse_0: 4.1297e-01, mse_f: 9.9481e+00, total loss: 1.3226e+01, Error: 8.4498e-03
It: 500, Time: 4.90, mse_0: 3.7743e-01, mse_f: 7.6460e+00, total loss: 1.0105e+01, Error: 6.6599e-03
Error u: 6.659876e-03
ferru =  0.021856308
Error u: 6.359940e-03
u_pred.shape after=  (105, 103, 151)
NeuralNet(
  (network): Sequential(
    (0): Linear(in_features=3, out_features=64, bias=True)
    (1): Tanh()
    (2): Linear(in_features=64, out_features=64, bias=True)
    (3): Tanh()
    (4): Linear(in_features=64, out_features=64, bias=True)
    (5): Tanh()
    (6): Linear(in_features=64, out_features=64, bias=True)
    (7): Tanh()
    (8): Linear(in_features=64, out_features=64, bias=True)
    (9): Tanh()
    (10): Linear(in_features=64, out_features=1, bias=True)
  )
)
starting Adam training
It: 100, Time: 2.76, mse_0: 1.5342e+04, mse_f: 1.8400e+04, total loss: 3.6461e+04, Error: 8.8292e-01
It: 200, Time: 2.86, mse_0: 8.5622e+02, mse_f: 1.0993e+04, total loss: 1.3213e+04, Error: 1.9158e-01
It: 300, Time: 2.87, mse_0: 1.7587e+02, mse_f: 1.0621e+04, total loss: 1.1163e+04, Error: 9.5991e-02
It: 400, Time: 2.96, mse_0: 4.4167e+01, mse_f: 1.0326e+04, total loss: 1.0522e+04, Error: 3.8039e-02
It: 500, Time: 2.78, mse_0: 4.0717e+01, mse_f: 1.0049e+04, total loss: 1.0152e+04, Error: 3.3469e-02
It: 600, Time: 2.66, mse_0: 6.2534e+01, mse_f: 8.9279e+03, total loss: 9.0325e+03, Error: 3.6196e-02
It: 700, Time: 2.68, mse_0: 7.8488e+01, mse_f: 6.6762e+03, total loss: 6.8504e+03, Error: 5.0998e-02
It: 800, Time: 2.91, mse_0: 5.8920e+01, mse_f: 4.8168e+03, total loss: 5.0181e+03, Error: 4.1021e-02
It: 900, Time: 3.39, mse_0: 3.2088e+01, mse_f: 2.4834e+03, total loss: 2.6216e+03, Error: 2.8060e-02
It: 1000, Time: 3.72, mse_0: 1.6739e+01, mse_f: 1.2694e+03, total loss: 1.3617e+03, Error: 2.2698e-02
It: 1100, Time: 3.17, mse_0: 7.4487e+00, mse_f: 7.4298e+02, total loss: 8.1622e+02, Error: 1.5791e-02
It: 1200, Time: 2.77, mse_0: 1.0047e+01, mse_f: 3.6688e+02, total loss: 4.6093e+02, Error: 1.0758e-02
It: 1300, Time: 2.75, mse_0: 3.3780e+00, mse_f: 2.2903e+02, total loss: 2.7380e+02, Error: 8.9157e-03
It: 1400, Time: 2.73, mse_0: 3.1534e+00, mse_f: 1.6263e+02, total loss: 1.8949e+02, Error: 1.3544e-02
It: 1500, Time: 2.63, mse_0: 2.4377e+00, mse_f: 1.1393e+02, total loss: 1.3361e+02, Error: 6.1497e-03
starting L-BFGS training
It: 100, Time: 3.34, mse_0: 4.8111e-01, mse_f: 6.6891e+01, total loss: 7.7005e+01, Error: 8.2571e-03
It: 200, Time: 4.24, mse_0: 3.6152e-01, mse_f: 3.9116e+01, total loss: 4.7936e+01, Error: 7.5576e-03
It: 300, Time: 5.12, mse_0: 2.9262e-01, mse_f: 2.4023e+01, total loss: 3.0698e+01, Error: 6.8603e-03
It: 400, Time: 5.53, mse_0: 2.2944e-01, mse_f: 1.7654e+01, total loss: 2.2576e+01, Error: 5.7419e-03
It: 500, Time: 5.57, mse_0: 1.9620e-01, mse_f: 1.3374e+01, total loss: 1.6889e+01, Error: 5.3829e-03
Error u: 5.382943e-03
ferru =  0.027477738
Error u: 6.030614e-03
u_pred.shape after=  (105, 103, 201)
