Data_flie is Exists
figures is Exists
self.u0.shape=  torch.Size([100, 1])
NeuralNet(
  (network): Sequential(
    (0): Linear(in_features=2, out_features=48, bias=True)
    (1): Tanh()
    (2): Linear(in_features=48, out_features=48, bias=True)
    (3): Tanh()
    (4): Linear(in_features=48, out_features=48, bias=True)
    (5): Tanh()
    (6): Linear(in_features=48, out_features=48, bias=True)
    (7): Tanh()
    (8): Linear(in_features=48, out_features=2, bias=True)
  )
)
starting Adam training
It: 100, Time: 3.75, mse_0: 1.1592e+04, mse_f: 6.9944e+03, total loss: 2.4799e+04, Error u,v: 8.7695e-02, 2.2195e-01
It: 200, Time: 3.40, mse_0: 1.5190e+03, mse_f: 1.9779e+03, total loss: 3.9957e+03, Error u,v: 4.2762e-02, 5.9141e-02
It: 300, Time: 3.41, mse_0: 2.0980e+02, mse_f: 6.1338e+02, total loss: 8.9217e+02, Error u,v: 2.4989e-02, 2.6888e-02
It: 400, Time: 3.27, mse_0: 1.0779e+02, mse_f: 2.0156e+02, total loss: 3.3370e+02, Error u,v: 1.4712e-02, 1.9638e-02
It: 500, Time: 3.56, mse_0: 3.5208e+01, mse_f: 8.4395e+01, total loss: 1.4065e+02, Error u,v: 7.2398e-03, 9.0873e-03
It: 600, Time: 3.68, mse_0: 1.2283e+01, mse_f: 3.7156e+01, total loss: 5.7489e+01, Error u,v: 3.6371e-03, 6.4315e-03
It: 700, Time: 3.59, mse_0: 7.9969e+00, mse_f: 2.1586e+01, total loss: 3.5784e+01, Error u,v: 3.4222e-03, 5.8114e-03
It: 800, Time: 3.61, mse_0: 4.2629e+00, mse_f: 1.0637e+01, total loss: 1.9761e+01, Error u,v: 2.5100e-03, 4.1278e-03
It: 900, Time: 3.23, mse_0: 3.2556e+00, mse_f: 6.6266e+00, total loss: 1.4041e+01, Error u,v: 1.9392e-03, 3.6604e-03
It: 1000, Time: 3.54, mse_0: 2.5703e+00, mse_f: 4.8709e+00, total loss: 1.1443e+01, Error u,v: 1.8973e-03, 3.0476e-03
It: 1100, Time: 3.60, mse_0: 2.8314e+00, mse_f: 5.3009e+00, total loss: 1.2729e+01, Error u,v: 2.5130e-03, 6.3303e-03
It: 1200, Time: 3.12, mse_0: 2.7842e+00, mse_f: 4.2366e+00, total loss: 1.0715e+01, Error u,v: 2.1719e-03, 4.4761e-03
It: 1300, Time: 3.70, mse_0: 2.2630e+00, mse_f: 4.0648e+00, total loss: 1.0147e+01, Error u,v: 1.8279e-03, 3.4103e-03
It: 1400, Time: 3.76, mse_0: 1.7151e+00, mse_f: 2.8359e+00, total loss: 7.4163e+00, Error u,v: 1.6189e-03, 2.5256e-03
It: 1500, Time: 3.66, mse_0: 2.0830e+00, mse_f: 3.9124e+00, total loss: 9.5860e+00, Error u,v: 1.8234e-03, 3.3190e-03
It: 1600, Time: 3.20, mse_0: 2.8557e+00, mse_f: 5.3601e+00, total loss: 1.2620e+01, Error u,v: 2.0553e-03, 4.0266e-03
It: 1700, Time: 3.53, mse_0: 2.3675e+00, mse_f: 4.4370e+00, total loss: 1.0555e+01, Error u,v: 2.2195e-03, 4.4572e-03
It: 1800, Time: 3.48, mse_0: 3.0972e+00, mse_f: 4.8593e+00, total loss: 1.1570e+01, Error u,v: 2.3595e-03, 4.8034e-03
It: 1900, Time: 3.60, mse_0: 1.8511e+00, mse_f: 3.4946e+00, total loss: 8.3547e+00, Error u,v: 2.1879e-03, 4.1718e-03
It: 2000, Time: 3.55, mse_0: 1.9475e+00, mse_f: 3.1529e+00, total loss: 7.6542e+00, Error u,v: 1.5842e-03, 2.4862e-03
It: 2100, Time: 3.50, mse_0: 1.4592e+00, mse_f: 2.7876e+00, total loss: 6.6972e+00, Error u,v: 1.5501e-03, 2.1831e-03
It: 2200, Time: 4.09, mse_0: 2.5191e+00, mse_f: 4.1450e+00, total loss: 9.5442e+00, Error u,v: 1.9225e-03, 3.3393e-03
It: 2300, Time: 4.00, mse_0: 1.6576e+00, mse_f: 2.6354e+00, total loss: 6.4305e+00, Error u,v: 2.3480e-03, 2.3180e-03
It: 2400, Time: 3.84, mse_0: 1.8928e+00, mse_f: 3.3174e+00, total loss: 6.8958e+00, Error u,v: 3.7329e-03, 1.5379e-03
It: 2500, Time: 3.96, mse_0: 2.5873e+00, mse_f: 3.9857e+00, total loss: 9.5419e+00, Error u,v: 1.9951e-03, 2.8390e-03
It: 2600, Time: 4.07, mse_0: 1.0734e+00, mse_f: 2.0810e+00, total loss: 4.9107e+00, Error u,v: 1.5984e-03, 2.7473e-03
It: 2700, Time: 4.10, mse_0: 3.2429e+00, mse_f: 5.6090e+00, total loss: 1.3028e+01, Error u,v: 1.4455e-03, 6.0329e-03
It: 2800, Time: 4.08, mse_0: 2.4521e+00, mse_f: 4.4313e+00, total loss: 1.0217e+01, Error u,v: 1.3426e-03, 4.8295e-03
It: 2900, Time: 4.22, mse_0: 2.9082e+00, mse_f: 5.0766e+00, total loss: 1.0590e+01, Error u,v: 3.6381e-03, 3.3526e-03
It: 3000, Time: 3.93, mse_0: 1.2641e+00, mse_f: 2.4875e+00, total loss: 4.9121e+00, Error u,v: 2.5120e-03, 1.3468e-03
It: 3100, Time: 4.13, mse_0: 3.2182e+00, mse_f: 5.4561e+00, total loss: 1.1983e+01, Error u,v: 1.6072e-03, 5.7631e-03
It: 3200, Time: 4.17, mse_0: 3.2459e+00, mse_f: 5.0287e+00, total loss: 1.1186e+01, Error u,v: 1.7055e-03, 5.9535e-03
It: 3300, Time: 4.17, mse_0: 2.4630e+00, mse_f: 4.8584e+00, total loss: 9.9332e+00, Error u,v: 4.0473e-03, 2.6392e-03
It: 3400, Time: 4.24, mse_0: 1.6633e+00, mse_f: 2.8628e+00, total loss: 5.9546e+00, Error u,v: 2.0286e-03, 2.7341e-03
It: 3500, Time: 3.96, mse_0: 2.1241e+00, mse_f: 3.4483e+00, total loss: 7.6606e+00, Error u,v: 1.3359e-03, 5.2112e-03
It: 3600, Time: 4.28, mse_0: 2.5789e+00, mse_f: 4.4285e+00, total loss: 9.6814e+00, Error u,v: 1.2471e-03, 4.7332e-03
It: 3700, Time: 4.27, mse_0: 1.0209e+00, mse_f: 2.0129e+00, total loss: 3.9012e+00, Error u,v: 2.4838e-03, 1.7321e-03
It: 3800, Time: 4.21, mse_0: 5.1330e-01, mse_f: 1.1846e+00, total loss: 2.3609e+00, Error u,v: 9.6161e-04, 1.4652e-03
It: 3900, Time: 4.25, mse_0: 1.3064e+00, mse_f: 2.5505e+00, total loss: 5.0197e+00, Error u,v: 1.2356e-03, 3.3015e-03
It: 4000, Time: 4.28, mse_0: 1.6116e+00, mse_f: 2.8041e+00, total loss: 5.7038e+00, Error u,v: 1.2086e-03, 3.7643e-03
It: 4100, Time: 4.23, mse_0: 1.7241e+00, mse_f: 3.0781e+00, total loss: 6.4630e+00, Error u,v: 1.0667e-03, 4.2428e-03
It: 4200, Time: 4.09, mse_0: 2.3130e+00, mse_f: 3.7928e+00, total loss: 8.2100e+00, Error u,v: 1.1645e-03, 4.9821e-03
It: 4300, Time: 4.33, mse_0: 2.1728e+00, mse_f: 3.6541e+00, total loss: 8.0783e+00, Error u,v: 1.3237e-03, 5.4740e-03
It: 4400, Time: 4.32, mse_0: 2.0828e+00, mse_f: 3.8890e+00, total loss: 7.5954e+00, Error u,v: 2.6501e-03, 3.5999e-03
It: 4500, Time: 4.28, mse_0: 1.6717e+00, mse_f: 3.3518e+00, total loss: 7.0149e+00, Error u,v: 3.1820e-03, 2.9691e-03
It: 4600, Time: 4.33, mse_0: 2.1775e+00, mse_f: 3.4461e+00, total loss: 7.6161e+00, Error u,v: 1.5935e-03, 5.0310e-03
It: 4700, Time: 4.27, mse_0: 1.0126e+00, mse_f: 2.3087e+00, total loss: 5.2346e+00, Error u,v: 3.1139e-03, 1.9287e-03
It: 4800, Time: 4.31, mse_0: 5.6610e-01, mse_f: 1.2406e+00, total loss: 2.1110e+00, Error u,v: 1.8000e-03, 1.6408e-03
It: 4900, Time: 4.34, mse_0: 7.2388e-01, mse_f: 1.2196e+00, total loss: 3.1254e+00, Error u,v: 5.6262e-04, 1.4681e-03
It: 5000, Time: 4.22, mse_0: 2.4334e+00, mse_f: 3.8611e+00, total loss: 8.5021e+00, Error u,v: 1.7045e-03, 5.0446e-03
It: 5100, Time: 4.35, mse_0: 1.2647e+00, mse_f: 2.2510e+00, total loss: 3.8014e+00, Error u,v: 2.7602e-03, 1.8114e-03
It: 5200, Time: 4.32, mse_0: 1.1934e+00, mse_f: 2.6246e+00, total loss: 7.1001e+00, Error u,v: 1.9105e-03, 2.9158e-03
It: 5300, Time: 4.32, mse_0: 1.0608e+00, mse_f: 1.8710e+00, total loss: 3.8415e+00, Error u,v: 7.8861e-04, 2.6128e-03
It: 5400, Time: 4.38, mse_0: 2.4046e+00, mse_f: 3.7447e+00, total loss: 8.1652e+00, Error u,v: 1.1757e-03, 5.1844e-03
It: 5500, Time: 4.46, mse_0: 1.0527e+00, mse_f: 1.8683e+00, total loss: 3.0982e+00, Error u,v: 2.3537e-03, 1.7043e-03
It: 5600, Time: 4.43, mse_0: 2.5071e+00, mse_f: 4.2931e+00, total loss: 7.6534e+00, Error u,v: 4.1025e-03, 2.1870e-03
It: 5700, Time: 4.30, mse_0: 1.4346e+00, mse_f: 2.2531e+00, total loss: 4.2556e+00, Error u,v: 2.1681e-03, 1.7275e-03
It: 5800, Time: 4.20, mse_0: 1.7437e+00, mse_f: 2.5532e+00, total loss: 6.7994e+00, Error u,v: 9.3167e-04, 3.8864e-03
It: 5900, Time: 4.20, mse_0: 2.8530e-01, mse_f: 5.6483e-01, total loss: 1.2007e+00, Error u,v: 4.9565e-04, 1.5670e-03
It: 6000, Time: 4.17, mse_0: 1.4661e+00, mse_f: 2.4353e+00, total loss: 5.3380e+00, Error u,v: 1.2722e-03, 4.4073e-03
It: 6100, Time: 4.12, mse_0: 3.8884e-01, mse_f: 7.1923e-01, total loss: 1.2983e+00, Error u,v: 1.4059e-03, 1.6099e-03
It: 6200, Time: 4.19, mse_0: 2.1614e+00, mse_f: 3.5899e+00, total loss: 6.7071e+00, Error u,v: 4.1773e-03, 2.4538e-03
It: 6300, Time: 4.31, mse_0: 5.4363e-01, mse_f: 1.2222e+00, total loss: 2.1581e+00, Error u,v: 2.7896e-03, 7.7983e-04
It: 6400, Time: 4.28, mse_0: 2.1723e+00, mse_f: 3.2270e+00, total loss: 7.3531e+00, Error u,v: 1.1606e-03, 4.9917e-03
It: 6500, Time: 4.18, mse_0: 4.2616e-01, mse_f: 8.7866e-01, total loss: 1.6235e+00, Error u,v: 9.3920e-04, 2.8227e-03
It: 6600, Time: 4.03, mse_0: 2.0307e+00, mse_f: 3.1829e+00, total loss: 6.2069e+00, Error u,v: 3.5966e-03, 2.7516e-03
It: 6700, Time: 4.02, mse_0: 2.3203e-01, mse_f: 5.3725e-01, total loss: 9.5397e-01, Error u,v: 2.1041e-03, 1.0275e-03
It: 6800, Time: 4.13, mse_0: 1.8036e+00, mse_f: 2.8134e+00, total loss: 5.6691e+00, Error u,v: 1.9776e-03, 3.8858e-03
It: 6900, Time: 3.87, mse_0: 2.7694e-01, mse_f: 6.0351e-01, total loss: 9.7159e-01, Error u,v: 1.2382e-03, 1.2412e-03
It: 7000, Time: 4.09, mse_0: 1.9124e+00, mse_f: 2.7720e+00, total loss: 6.2956e+00, Error u,v: 1.4757e-03, 4.1640e-03
It: 7100, Time: 3.89, mse_0: 8.7101e-01, mse_f: 1.9114e+00, total loss: 3.8714e+00, Error u,v: 1.4867e-03, 1.6908e-03
It: 7200, Time: 3.40, mse_0: 2.0765e+00, mse_f: 3.5759e+00, total loss: 6.1953e+00, Error u,v: 3.8566e-03, 1.6926e-03
It: 7300, Time: 3.29, mse_0: 1.2931e+00, mse_f: 2.0280e+00, total loss: 4.5524e+00, Error u,v: 1.3570e-03, 3.8633e-03
It: 7400, Time: 3.28, mse_0: 6.8815e-01, mse_f: 9.7422e-01, total loss: 2.1021e+00, Error u,v: 1.1399e-03, 2.7395e-03
It: 7500, Time: 3.29, mse_0: 1.4613e+00, mse_f: 2.2198e+00, total loss: 4.9124e+00, Error u,v: 8.3279e-04, 3.4077e-03
It: 7600, Time: 3.36, mse_0: 7.0156e-01, mse_f: 1.4886e+00, total loss: 3.8413e+00, Error u,v: 1.1279e-03, 1.9163e-03
It: 7700, Time: 3.24, mse_0: 1.7422e+00, mse_f: 3.1756e+00, total loss: 5.6331e+00, Error u,v: 3.3736e-03, 1.9434e-03
It: 7800, Time: 3.25, mse_0: 8.7377e-01, mse_f: 1.4332e+00, total loss: 3.6589e+00, Error u,v: 9.4686e-04, 3.2590e-03
It: 7900, Time: 3.23, mse_0: 8.6421e-01, mse_f: 1.3501e+00, total loss: 2.3336e+00, Error u,v: 1.8072e-03, 6.0898e-04
It: 8000, Time: 3.25, mse_0: 1.9448e+00, mse_f: 2.9058e+00, total loss: 6.2938e+00, Error u,v: 1.5401e-03, 4.5433e-03
It: 8100, Time: 3.58, mse_0: 4.6741e-01, mse_f: 9.0160e-01, total loss: 2.9562e+00, Error u,v: 1.3024e-03, 1.8082e-03
It: 8200, Time: 3.71, mse_0: 4.8713e-01, mse_f: 8.0178e-01, total loss: 1.7289e+00, Error u,v: 8.9515e-04, 1.9007e-03
It: 8300, Time: 3.34, mse_0: 1.2249e+00, mse_f: 2.5474e+00, total loss: 6.2160e+00, Error u,v: 1.8427e-03, 2.6118e-03
It: 8400, Time: 3.14, mse_0: 8.4749e-01, mse_f: 1.3002e+00, total loss: 2.3471e+00, Error u,v: 2.4879e-03, 1.1283e-03
It: 8500, Time: 3.27, mse_0: 7.5794e-01, mse_f: 1.3414e+00, total loss: 2.8862e+00, Error u,v: 7.9603e-04, 2.9344e-03
It: 8600, Time: 3.24, mse_0: 1.7879e+00, mse_f: 2.5113e+00, total loss: 5.5570e+00, Error u,v: 1.8740e-03, 3.4149e-03
It: 8700, Time: 3.44, mse_0: 5.6521e-01, mse_f: 9.4238e-01, total loss: 2.2203e+00, Error u,v: 1.1685e-03, 2.7995e-03
It: 8800, Time: 4.17, mse_0: 1.0934e+00, mse_f: 1.6552e+00, total loss: 4.1858e+00, Error u,v: 7.9482e-04, 3.2071e-03
It: 8900, Time: 3.36, mse_0: 7.3665e-01, mse_f: 1.5233e+00, total loss: 4.4237e+00, Error u,v: 1.3814e-03, 1.8038e-03
It: 9000, Time: 2.82, mse_0: 9.7874e-01, mse_f: 1.8018e+00, total loss: 3.4230e+00, Error u,v: 2.3994e-03, 1.9202e-03
It: 9100, Time: 3.11, mse_0: 7.4689e-01, mse_f: 1.3598e+00, total loss: 4.0876e+00, Error u,v: 5.6144e-04, 2.6132e-03
It: 9200, Time: 3.62, mse_0: 1.1252e+00, mse_f: 1.9939e+00, total loss: 3.2177e+00, Error u,v: 2.6059e-03, 7.9947e-04
It: 9300, Time: 3.40, mse_0: 1.0475e+00, mse_f: 1.5881e+00, total loss: 3.9987e+00, Error u,v: 1.0291e-03, 3.8681e-03
It: 9400, Time: 3.02, mse_0: 9.6239e-01, mse_f: 1.4039e+00, total loss: 2.7088e+00, Error u,v: 1.6449e-03, 1.1150e-03
It: 9500, Time: 2.99, mse_0: 1.1549e+00, mse_f: 1.7321e+00, total loss: 3.7801e+00, Error u,v: 1.6155e-03, 3.9003e-03
It: 9600, Time: 3.19, mse_0: 1.0271e+00, mse_f: 1.3421e+00, total loss: 3.6024e+00, Error u,v: 6.7165e-04, 2.3590e-03
It: 9700, Time: 3.14, mse_0: 6.1454e-01, mse_f: 1.1698e+00, total loss: 2.1285e+00, Error u,v: 2.1518e-03, 2.1746e-03
It: 9800, Time: 3.26, mse_0: 1.0796e+00, mse_f: 1.4421e+00, total loss: 4.1930e+00, Error u,v: 5.6539e-04, 3.0882e-03
It: 9900, Time: 3.31, mse_0: 1.1729e+00, mse_f: 2.3559e+00, total loss: 4.7193e+00, Error u,v: 3.2686e-03, 1.1133e-03
It: 10000, Time: 3.05, mse_0: 2.5329e-01, mse_f: 3.2432e-01, total loss: 1.0811e+00, Error u,v: 2.9625e-04, 1.2590e-03
It: 10100, Time: 3.01, mse_0: 1.3880e+00, mse_f: 2.6982e+00, total loss: 5.5980e+00, Error u,v: 3.3694e-03, 2.0403e-03
It: 10200, Time: 3.10, mse_0: 8.6513e-01, mse_f: 1.1374e+00, total loss: 2.6879e+00, Error u,v: 8.4121e-04, 2.8460e-03
It: 10300, Time: 2.89, mse_0: 7.0733e-01, mse_f: 1.5119e+00, total loss: 2.9191e+00, Error u,v: 2.5810e-03, 1.0164e-03
It: 10400, Time: 3.03, mse_0: 1.4274e+00, mse_f: 1.9222e+00, total loss: 4.6062e+00, Error u,v: 1.0288e-03, 4.0601e-03
It: 10500, Time: 3.66, mse_0: 5.2839e-01, mse_f: 9.5878e-01, total loss: 1.7836e+00, Error u,v: 1.3303e-03, 1.1509e-03
It: 10600, Time: 3.52, mse_0: 1.2203e+00, mse_f: 1.6545e+00, total loss: 3.9665e+00, Error u,v: 9.9572e-04, 4.0301e-03
It: 10700, Time: 2.87, mse_0: 1.0778e+00, mse_f: 1.5782e+00, total loss: 3.5987e+00, Error u,v: 6.7912e-04, 2.8871e-03
It: 10800, Time: 2.76, mse_0: 4.4611e-01, mse_f: 7.4492e-01, total loss: 2.3480e+00, Error u,v: 9.5022e-04, 2.3313e-03
It: 10900, Time: 2.99, mse_0: 1.0082e+00, mse_f: 1.4699e+00, total loss: 3.4492e+00, Error u,v: 6.5064e-04, 3.1139e-03
It: 11000, Time: 3.21, mse_0: 7.7375e-01, mse_f: 1.4116e+00, total loss: 4.6929e+00, Error u,v: 1.7561e-03, 2.1776e-03
It: 11100, Time: 3.02, mse_0: 3.4547e-01, mse_f: 6.6600e-01, total loss: 1.2226e+00, Error u,v: 1.0455e-03, 1.1784e-03
It: 11200, Time: 3.00, mse_0: 7.2448e-01, mse_f: 1.2366e+00, total loss: 4.3512e+00, Error u,v: 1.7354e-03, 2.4190e-03
It: 11300, Time: 3.35, mse_0: 9.1316e-01, mse_f: 1.7632e+00, total loss: 3.7310e+00, Error u,v: 2.3879e-03, 1.6844e-03
It: 11400, Time: 3.76, mse_0: 2.6650e-01, mse_f: 3.6639e-01, total loss: 1.4695e+00, Error u,v: 8.1973e-04, 1.5993e-03
It: 11500, Time: 3.59, mse_0: 1.1354e+00, mse_f: 2.2185e+00, total loss: 4.5679e+00, Error u,v: 3.0603e-03, 1.8264e-03
It: 11600, Time: 3.40, mse_0: 1.0191e+00, mse_f: 1.3913e+00, total loss: 3.1013e+00, Error u,v: 9.8249e-04, 2.9468e-03
It: 11700, Time: 3.72, mse_0: 7.2334e-01, mse_f: 1.3840e+00, total loss: 2.3504e+00, Error u,v: 2.7076e-03, 5.9871e-04
It: 11800, Time: 3.30, mse_0: 1.1151e+00, mse_f: 1.6935e+00, total loss: 3.3470e+00, Error u,v: 1.5638e-03, 2.7833e-03
It: 11900, Time: 3.42, mse_0: 1.2011e+00, mse_f: 1.6791e+00, total loss: 3.8059e+00, Error u,v: 2.0271e-03, 3.2025e-03
It: 12000, Time: 3.62, mse_0: 5.9781e-01, mse_f: 1.0525e+00, total loss: 1.7354e+00, Error u,v: 1.1887e-03, 6.4242e-04
It: 12100, Time: 3.69, mse_0: 6.5239e-01, mse_f: 8.6897e-01, total loss: 2.7745e+00, Error u,v: 1.1078e-03, 3.0785e-03
It: 12200, Time: 3.17, mse_0: 1.3735e+00, mse_f: 1.9912e+00, total loss: 4.4210e+00, Error u,v: 1.0488e-03, 3.7523e-03
It: 12300, Time: 3.10, mse_0: 3.2207e-01, mse_f: 4.2170e-01, total loss: 1.5504e+00, Error u,v: 4.6171e-04, 1.1034e-03
It: 12400, Time: 3.18, mse_0: 8.9166e-01, mse_f: 1.2436e+00, total loss: 2.8620e+00, Error u,v: 9.8994e-04, 3.8114e-03
It: 12500, Time: 3.40, mse_0: 1.5323e+00, mse_f: 2.0543e+00, total loss: 4.9499e+00, Error u,v: 9.3262e-04, 3.7217e-03
It: 12600, Time: 3.30, mse_0: 4.6833e-01, mse_f: 7.1916e-01, total loss: 1.3677e+00, Error u,v: 1.4105e-03, 8.8027e-04
It: 12700, Time: 3.06, mse_0: 5.4982e-01, mse_f: 8.0671e-01, total loss: 1.8341e+00, Error u,v: 8.0079e-04, 2.8768e-03
It: 12800, Time: 2.99, mse_0: 1.6420e+00, mse_f: 2.2392e+00, total loss: 5.2213e+00, Error u,v: 1.7006e-03, 3.4908e-03
It: 12900, Time: 2.95, mse_0: 1.0517e-01, mse_f: 2.2186e-01, total loss: 4.6027e-01, Error u,v: 1.0229e-03, 7.0837e-04
It: 13000, Time: 3.36, mse_0: 7.4956e-01, mse_f: 1.0085e+00, total loss: 2.5229e+00, Error u,v: 1.0814e-03, 3.1260e-03
It: 13100, Time: 3.57, mse_0: 1.5254e+00, mse_f: 2.0094e+00, total loss: 4.8551e+00, Error u,v: 1.0959e-03, 4.2718e-03
It: 13200, Time: 3.37, mse_0: 6.8535e-01, mse_f: 1.0600e+00, total loss: 2.3042e+00, Error u,v: 1.1597e-03, 1.7910e-03
It: 13300, Time: 2.97, mse_0: 4.8132e-01, mse_f: 6.2889e-01, total loss: 1.4488e+00, Error u,v: 8.5092e-04, 2.3443e-03
It: 13400, Time: 2.99, mse_0: 1.4427e+00, mse_f: 1.9910e+00, total loss: 4.6523e+00, Error u,v: 1.8077e-03, 3.6919e-03
It: 13500, Time: 2.95, mse_0: 6.4843e-01, mse_f: 1.0273e+00, total loss: 2.0296e+00, Error u,v: 6.3848e-04, 1.6739e-03
It: 13600, Time: 3.16, mse_0: 2.5888e-01, mse_f: 3.4972e-01, total loss: 1.7099e+00, Error u,v: 3.3558e-04, 1.5312e-03
It: 13700, Time: 3.77, mse_0: 7.0462e-01, mse_f: 1.0345e+00, total loss: 2.3503e+00, Error u,v: 1.5021e-03, 3.0202e-03
It: 13800, Time: 3.94, mse_0: 1.0480e+00, mse_f: 1.3659e+00, total loss: 3.2663e+00, Error u,v: 9.3591e-04, 3.3774e-03
It: 13900, Time: 3.71, mse_0: 1.0396e+00, mse_f: 1.5662e+00, total loss: 2.9032e+00, Error u,v: 2.1682e-03, 1.5971e-03
It: 14000, Time: 3.52, mse_0: 3.5105e-01, mse_f: 6.6856e-01, total loss: 2.0723e+00, Error u,v: 4.1657e-04, 1.8129e-03
It: 14100, Time: 3.21, mse_0: 5.9974e-01, mse_f: 8.9132e-01, total loss: 2.7339e+00, Error u,v: 9.5117e-04, 2.7546e-03
It: 14200, Time: 3.02, mse_0: 7.6125e-01, mse_f: 9.4385e-01, total loss: 2.4305e+00, Error u,v: 6.7069e-04, 2.8214e-03
It: 14300, Time: 3.48, mse_0: 6.6739e-01, mse_f: 1.2993e+00, total loss: 2.3011e+00, Error u,v: 2.6563e-03, 5.0761e-04
It: 14400, Time: 3.55, mse_0: 1.0556e+00, mse_f: 1.7359e+00, total loss: 3.4614e+00, Error u,v: 1.6048e-03, 2.2352e-03
It: 14500, Time: 3.60, mse_0: 4.3246e-01, mse_f: 5.2858e-01, total loss: 1.5389e+00, Error u,v: 1.6046e-03, 1.6448e-03
It: 14600, Time: 3.57, mse_0: 4.2378e-01, mse_f: 8.7549e-01, total loss: 2.0278e+00, Error u,v: 1.2511e-03, 1.7942e-03
It: 14700, Time: 3.54, mse_0: 7.8676e-01, mse_f: 1.3493e+00, total loss: 4.6405e+00, Error u,v: 1.9319e-03, 2.0663e-03
It: 14800, Time: 3.65, mse_0: 1.1093e+00, mse_f: 1.9582e+00, total loss: 3.3735e+00, Error u,v: 2.8677e-03, 4.6382e-04
It: 14900, Time: 3.63, mse_0: 4.5477e-01, mse_f: 7.3509e-01, total loss: 1.4981e+00, Error u,v: 5.5859e-04, 2.0692e-03
It: 15000, Time: 3.56, mse_0: 9.5400e-01, mse_f: 1.2432e+00, total loss: 2.8034e+00, Error u,v: 1.6951e-03, 2.2479e-03
starting L-BFGS training
It: 100, Time: 4.53, mse_0: 2.5016e-02, mse_f: 1.0534e-01, total loss: 1.6238e-01, Error u,v: 1.6176e-04, 2.8330e-04
It: 200, Time: 5.36, mse_0: 2.2042e-02, mse_f: 9.6496e-02, total loss: 1.5144e-01, Error u,v: 1.5455e-04, 2.6930e-04
It: 300, Time: 5.61, mse_0: 2.0558e-02, mse_f: 8.7737e-02, total loss: 1.4104e-01, Error u,v: 1.5306e-04, 2.5791e-04
It: 400, Time: 5.56, mse_0: 2.0328e-02, mse_f: 7.8917e-02, total loss: 1.3100e-01, Error u,v: 1.5348e-04, 2.5142e-04
It: 500, Time: 5.62, mse_0: 1.9821e-02, mse_f: 7.2974e-02, total loss: 1.2273e-01, Error u,v: 1.5523e-04, 2.4581e-04
It: 600, Time: 5.56, mse_0: 1.9293e-02, mse_f: 6.7177e-02, total loss: 1.1417e-01, Error u,v: 1.4149e-04, 2.4692e-04
It: 700, Time: 5.44, mse_0: 1.6885e-02, mse_f: 6.2810e-02, total loss: 1.0627e-01, Error u,v: 1.4427e-04, 2.3851e-04
It: 800, Time: 5.43, mse_0: 1.4963e-02, mse_f: 5.8251e-02, total loss: 9.7395e-02, Error u,v: 1.3105e-04, 2.2190e-04
It: 900, Time: 5.36, mse_0: 1.3285e-02, mse_f: 5.4243e-02, total loss: 8.9503e-02, Error u,v: 1.2451e-04, 2.1062e-04
It: 1000, Time: 5.47, mse_0: 1.1751e-02, mse_f: 5.1031e-02, total loss: 8.2610e-02, Error u,v: 1.1540e-04, 1.9381e-04
It: 1100, Time: 5.31, mse_0: 1.0165e-02, mse_f: 4.7404e-02, total loss: 7.5766e-02, Error u,v: 1.0674e-04, 1.7685e-04
It: 1200, Time: 5.46, mse_0: 9.2661e-03, mse_f: 4.4661e-02, total loss: 7.0296e-02, Error u,v: 1.0414e-04, 1.6347e-04
It: 1300, Time: 5.59, mse_0: 9.0445e-03, mse_f: 4.2002e-02, total loss: 6.5800e-02, Error u,v: 1.0245e-04, 1.6091e-04
It: 1400, Time: 5.65, mse_0: 8.4050e-03, mse_f: 3.9550e-02, total loss: 6.1289e-02, Error u,v: 9.5463e-05, 1.5933e-04
It: 1500, Time: 5.64, mse_0: 8.1534e-03, mse_f: 3.7032e-02, total loss: 5.7185e-02, Error u,v: 8.5913e-05, 1.5763e-04
It: 1600, Time: 5.64, mse_0: 7.7403e-03, mse_f: 3.4801e-02, total loss: 5.3267e-02, Error u,v: 7.8577e-05, 1.4914e-04
It: 1700, Time: 5.73, mse_0: 6.9630e-03, mse_f: 3.3111e-02, total loss: 5.0380e-02, Error u,v: 7.5012e-05, 1.4632e-04
It: 1800, Time: 5.73, mse_0: 6.4188e-03, mse_f: 3.1916e-02, total loss: 4.8098e-02, Error u,v: 7.0122e-05, 1.4354e-04
It: 1900, Time: 5.66, mse_0: 6.2173e-03, mse_f: 3.0200e-02, total loss: 4.5582e-02, Error u,v: 6.3517e-05, 1.4266e-04
It: 2000, Time: 6.35, mse_0: 6.0569e-03, mse_f: 2.8614e-02, total loss: 4.3344e-02, Error u,v: 6.1443e-05, 1.4448e-04
It: 2100, Time: 11.80, mse_0: 5.6342e-03, mse_f: 2.7161e-02, total loss: 4.0917e-02, Error u,v: 5.7606e-05, 1.4333e-04
It: 2200, Time: 11.60, mse_0: 5.1540e-03, mse_f: 2.5452e-02, total loss: 3.8302e-02, Error u,v: 5.7129e-05, 1.3733e-04
It: 2300, Time: 9.67, mse_0: 5.1570e-03, mse_f: 2.3433e-02, total loss: 3.5771e-02, Error u,v: 5.4475e-05, 1.3040e-04
It: 2400, Time: 11.26, mse_0: 4.9118e-03, mse_f: 2.2187e-02, total loss: 3.3846e-02, Error u,v: 5.3994e-05, 1.2304e-04
It: 2500, Time: 11.70, mse_0: 4.9458e-03, mse_f: 2.0880e-02, total loss: 3.2085e-02, Error u,v: 5.9628e-05, 1.1738e-04
It: 2600, Time: 11.32, mse_0: 4.9713e-03, mse_f: 1.9645e-02, total loss: 3.0646e-02, Error u,v: 6.0998e-05, 1.1620e-04
It: 2700, Time: 10.64, mse_0: 4.8202e-03, mse_f: 1.8637e-02, total loss: 2.9341e-02, Error u,v: 6.2876e-05, 1.0957e-04
It: 2800, Time: 11.35, mse_0: 4.5931e-03, mse_f: 1.7807e-02, total loss: 2.7972e-02, Error u,v: 5.9763e-05, 1.0355e-04
It: 2900, Time: 11.16, mse_0: 4.4100e-03, mse_f: 1.7392e-02, total loss: 2.7153e-02, Error u,v: 5.7340e-05, 1.0202e-04
It: 3000, Time: 12.25, mse_0: 4.3084e-03, mse_f: 1.6618e-02, total loss: 2.5723e-02, Error u,v: 5.5016e-05, 9.8785e-05
It: 3100, Time: 10.56, mse_0: 4.1342e-03, mse_f: 1.5781e-02, total loss: 2.4488e-02, Error u,v: 5.6386e-05, 9.5913e-05
It: 3200, Time: 11.75, mse_0: 3.5333e-03, mse_f: 1.5013e-02, total loss: 2.2909e-02, Error u,v: 5.4792e-05, 8.6498e-05
It: 3300, Time: 11.95, mse_0: 3.2090e-03, mse_f: 1.4379e-02, total loss: 2.1748e-02, Error u,v: 5.0578e-05, 8.1480e-05
It: 3400, Time: 5.74, mse_0: 3.0361e-03, mse_f: 1.3807e-02, total loss: 2.0765e-02, Error u,v: 4.6492e-05, 7.7067e-05
It: 3500, Time: 4.48, mse_0: 2.6792e-03, mse_f: 1.3163e-02, total loss: 1.9545e-02, Error u,v: 4.0805e-05, 6.9882e-05
It: 3600, Time: 4.25, mse_0: 2.5447e-03, mse_f: 1.2470e-02, total loss: 1.8605e-02, Error u,v: 3.8774e-05, 6.6407e-05
It: 3700, Time: 4.38, mse_0: 2.4338e-03, mse_f: 1.2030e-02, total loss: 1.7977e-02, Error u,v: 3.6193e-05, 6.2618e-05
It: 3800, Time: 5.26, mse_0: 2.3931e-03, mse_f: 1.1633e-02, total loss: 1.7344e-02, Error u,v: 3.4896e-05, 6.0080e-05
It: 3900, Time: 4.86, mse_0: 2.3617e-03, mse_f: 1.1158e-02, total loss: 1.6668e-02, Error u,v: 3.5295e-05, 5.6287e-05
It: 4000, Time: 5.88, mse_0: 2.3331e-03, mse_f: 1.0738e-02, total loss: 1.5995e-02, Error u,v: 3.5799e-05, 5.4674e-05
It: 4100, Time: 11.05, mse_0: 2.2781e-03, mse_f: 1.0283e-02, total loss: 1.5293e-02, Error u,v: 3.2818e-05, 5.4709e-05
It: 4200, Time: 11.15, mse_0: 2.1590e-03, mse_f: 1.0071e-02, total loss: 1.4708e-02, Error u,v: 3.2482e-05, 5.1704e-05
It: 4300, Time: 12.37, mse_0: 2.1382e-03, mse_f: 9.7727e-03, total loss: 1.4181e-02, Error u,v: 3.2533e-05, 5.0214e-05
It: 4400, Time: 11.18, mse_0: 2.1554e-03, mse_f: 9.4116e-03, total loss: 1.3715e-02, Error u,v: 3.3934e-05, 4.9256e-05
It: 4500, Time: 11.27, mse_0: 2.1252e-03, mse_f: 9.1844e-03, total loss: 1.3334e-02, Error u,v: 3.4239e-05, 4.8024e-05
It: 4600, Time: 11.69, mse_0: 2.1314e-03, mse_f: 8.9516e-03, total loss: 1.2952e-02, Error u,v: 3.6169e-05, 4.7382e-05
It: 4700, Time: 12.55, mse_0: 2.0435e-03, mse_f: 8.6955e-03, total loss: 1.2519e-02, Error u,v: 3.7124e-05, 4.5408e-05
It: 4800, Time: 12.15, mse_0: 1.9333e-03, mse_f: 8.4230e-03, total loss: 1.2067e-02, Error u,v: 3.6776e-05, 4.2432e-05
It: 4900, Time: 11.80, mse_0: 1.8365e-03, mse_f: 8.1823e-03, total loss: 1.1498e-02, Error u,v: 3.8239e-05, 4.0113e-05
It: 5000, Time: 11.51, mse_0: 1.7298e-03, mse_f: 7.9377e-03, total loss: 1.1056e-02, Error u,v: 3.7932e-05, 3.7870e-05
It: 5100, Time: 10.67, mse_0: 1.7416e-03, mse_f: 7.6686e-03, total loss: 1.0661e-02, Error u,v: 3.9973e-05, 3.5513e-05
It: 5200, Time: 10.63, mse_0: 1.7176e-03, mse_f: 7.4326e-03, total loss: 1.0260e-02, Error u,v: 4.0667e-05, 3.5377e-05
It: 5300, Time: 9.41, mse_0: 1.7082e-03, mse_f: 7.2415e-03, total loss: 9.9702e-03, Error u,v: 4.0796e-05, 3.2670e-05
It: 5400, Time: 9.85, mse_0: 1.6967e-03, mse_f: 7.0449e-03, total loss: 9.6676e-03, Error u,v: 4.0890e-05, 3.1895e-05
It: 5500, Time: 8.50, mse_0: 1.6379e-03, mse_f: 6.8764e-03, total loss: 9.3937e-03, Error u,v: 4.1247e-05, 3.1782e-05
It: 5600, Time: 9.36, mse_0: 1.6074e-03, mse_f: 6.7338e-03, total loss: 9.1622e-03, Error u,v: 4.1466e-05, 3.1450e-05
It: 5700, Time: 9.89, mse_0: 1.5826e-03, mse_f: 6.5836e-03, total loss: 8.9657e-03, Error u,v: 4.1883e-05, 3.1332e-05
It: 5800, Time: 8.75, mse_0: 1.5794e-03, mse_f: 6.4267e-03, total loss: 8.7464e-03, Error u,v: 4.2643e-05, 3.3019e-05
It: 5900, Time: 9.66, mse_0: 1.5588e-03, mse_f: 6.2485e-03, total loss: 8.5216e-03, Error u,v: 4.3667e-05, 3.4166e-05
It: 6000, Time: 9.10, mse_0: 1.5176e-03, mse_f: 6.0852e-03, total loss: 8.2633e-03, Error u,v: 4.3710e-05, 3.4066e-05
It: 6100, Time: 9.58, mse_0: 1.4681e-03, mse_f: 5.9741e-03, total loss: 8.0563e-03, Error u,v: 4.3770e-05, 3.3414e-05
It: 6200, Time: 9.63, mse_0: 1.4318e-03, mse_f: 5.8452e-03, total loss: 7.8693e-03, Error u,v: 4.4520e-05, 3.2826e-05
It: 6300, Time: 8.51, mse_0: 1.4003e-03, mse_f: 5.6594e-03, total loss: 7.6430e-03, Error u,v: 4.4725e-05, 3.2447e-05
It: 6400, Time: 10.39, mse_0: 1.3844e-03, mse_f: 5.5018e-03, total loss: 7.4329e-03, Error u,v: 4.4783e-05, 3.2072e-05
It: 6500, Time: 7.85, mse_0: 1.3085e-03, mse_f: 5.3605e-03, total loss: 7.1885e-03, Error u,v: 4.4395e-05, 3.1518e-05
It: 6600, Time: 4.96, mse_0: 1.2861e-03, mse_f: 5.2399e-03, total loss: 7.0150e-03, Error u,v: 4.4605e-05, 3.1377e-05
It: 6700, Time: 4.96, mse_0: 1.2309e-03, mse_f: 5.1543e-03, total loss: 6.8622e-03, Error u,v: 4.4287e-05, 3.0715e-05
It: 6800, Time: 4.60, mse_0: 1.1874e-03, mse_f: 5.0295e-03, total loss: 6.6885e-03, Error u,v: 4.3217e-05, 3.0157e-05
It: 6900, Time: 4.61, mse_0: 1.1331e-03, mse_f: 4.8901e-03, total loss: 6.4840e-03, Error u,v: 4.2016e-05, 3.0179e-05
It: 7000, Time: 4.56, mse_0: 1.0976e-03, mse_f: 4.7596e-03, total loss: 6.3140e-03, Error u,v: 4.1479e-05, 3.1151e-05
It: 7100, Time: 4.18, mse_0: 1.1149e-03, mse_f: 4.6234e-03, total loss: 6.1677e-03, Error u,v: 4.1689e-05, 3.3061e-05
It: 7200, Time: 4.83, mse_0: 1.1031e-03, mse_f: 4.5272e-03, total loss: 6.0398e-03, Error u,v: 4.1348e-05, 3.2791e-05
It: 7300, Time: 5.55, mse_0: 1.0874e-03, mse_f: 4.4382e-03, total loss: 5.8919e-03, Error u,v: 4.1526e-05, 3.3558e-05
It: 7400, Time: 5.08, mse_0: 1.0581e-03, mse_f: 4.3667e-03, total loss: 5.7521e-03, Error u,v: 4.1811e-05, 3.3669e-05
It: 7500, Time: 4.53, mse_0: 1.0327e-03, mse_f: 4.2752e-03, total loss: 5.6193e-03, Error u,v: 4.2108e-05, 3.3082e-05
It: 7600, Time: 5.14, mse_0: 1.0074e-03, mse_f: 4.2130e-03, total loss: 5.5225e-03, Error u,v: 4.1911e-05, 3.2988e-05
It: 7700, Time: 5.53, mse_0: 9.8567e-04, mse_f: 4.1504e-03, total loss: 5.4278e-03, Error u,v: 4.1085e-05, 3.2745e-05
It: 7800, Time: 5.06, mse_0: 9.8125e-04, mse_f: 4.0750e-03, total loss: 5.3298e-03, Error u,v: 4.1148e-05, 3.2618e-05
It: 7900, Time: 4.56, mse_0: 9.4615e-04, mse_f: 4.0184e-03, total loss: 5.2256e-03, Error u,v: 4.1034e-05, 3.2035e-05
It: 8000, Time: 4.62, mse_0: 9.1611e-04, mse_f: 3.9579e-03, total loss: 5.1146e-03, Error u,v: 4.1020e-05, 3.1326e-05
It: 8100, Time: 4.92, mse_0: 8.6635e-04, mse_f: 3.8991e-03, total loss: 4.9990e-03, Error u,v: 4.0222e-05, 3.0924e-05
It: 8200, Time: 4.78, mse_0: 8.2809e-04, mse_f: 3.8321e-03, total loss: 4.8803e-03, Error u,v: 4.0045e-05, 2.9859e-05
It: 8300, Time: 4.64, mse_0: 7.8928e-04, mse_f: 3.7418e-03, total loss: 4.7536e-03, Error u,v: 3.9295e-05, 2.9106e-05
It: 8400, Time: 4.70, mse_0: 7.4873e-04, mse_f: 3.6740e-03, total loss: 4.6347e-03, Error u,v: 3.8750e-05, 2.8148e-05
It: 8500, Time: 5.47, mse_0: 7.1160e-04, mse_f: 3.6244e-03, total loss: 4.5416e-03, Error u,v: 3.7990e-05, 2.7534e-05
It: 8600, Time: 5.26, mse_0: 6.9004e-04, mse_f: 3.5679e-03, total loss: 4.4563e-03, Error u,v: 3.7581e-05, 2.7547e-05
It: 8700, Time: 4.69, mse_0: 6.4745e-04, mse_f: 3.4981e-03, total loss: 4.3479e-03, Error u,v: 3.6457e-05, 2.7020e-05
It: 8800, Time: 4.58, mse_0: 6.0552e-04, mse_f: 3.4427e-03, total loss: 4.2394e-03, Error u,v: 3.5158e-05, 2.6433e-05
It: 8900, Time: 4.99, mse_0: 5.6851e-04, mse_f: 3.3563e-03, total loss: 4.1249e-03, Error u,v: 3.3605e-05, 2.6622e-05
It: 9000, Time: 4.91, mse_0: 5.4264e-04, mse_f: 3.2777e-03, total loss: 4.0178e-03, Error u,v: 3.2466e-05, 2.5973e-05
It: 9100, Time: 5.28, mse_0: 5.1833e-04, mse_f: 3.2045e-03, total loss: 3.9276e-03, Error u,v: 3.1434e-05, 2.5574e-05
It: 9200, Time: 5.17, mse_0: 4.9624e-04, mse_f: 3.1319e-03, total loss: 3.8341e-03, Error u,v: 3.0449e-05, 2.5336e-05
It: 9300, Time: 4.73, mse_0: 4.9113e-04, mse_f: 3.0610e-03, total loss: 3.7559e-03, Error u,v: 2.9867e-05, 2.5825e-05
It: 9400, Time: 4.61, mse_0: 4.7694e-04, mse_f: 2.9947e-03, total loss: 3.6664e-03, Error u,v: 2.9076e-05, 2.5192e-05
It: 9500, Time: 4.81, mse_0: 4.5455e-04, mse_f: 2.9252e-03, total loss: 3.5715e-03, Error u,v: 2.7961e-05, 2.4546e-05
It: 9600, Time: 4.64, mse_0: 4.3156e-04, mse_f: 2.8587e-03, total loss: 3.4695e-03, Error u,v: 2.6519e-05, 2.3634e-05
It: 9700, Time: 4.80, mse_0: 3.9923e-04, mse_f: 2.8192e-03, total loss: 3.3929e-03, Error u,v: 2.5330e-05, 2.3257e-05
It: 9800, Time: 4.87, mse_0: 3.8630e-04, mse_f: 2.7815e-03, total loss: 3.3297e-03, Error u,v: 2.4691e-05, 2.2894e-05
It: 9900, Time: 4.92, mse_0: 3.6768e-04, mse_f: 2.7429e-03, total loss: 3.2637e-03, Error u,v: 2.3757e-05, 2.2570e-05
It: 10000, Time: 5.31, mse_0: 3.5891e-04, mse_f: 2.6907e-03, total loss: 3.1976e-03, Error u,v: 2.2990e-05, 2.2166e-05
It: 10100, Time: 5.33, mse_0: 3.6916e-04, mse_f: 2.6387e-03, total loss: 3.1377e-03, Error u,v: 2.2949e-05, 2.2113e-05
It: 10200, Time: 4.63, mse_0: 3.5556e-04, mse_f: 2.5806e-03, total loss: 3.0587e-03, Error u,v: 2.1877e-05, 2.2000e-05
It: 10300, Time: 4.71, mse_0: 3.3319e-04, mse_f: 2.5292e-03, total loss: 2.9793e-03, Error u,v: 2.0739e-05, 2.2092e-05
It: 10400, Time: 5.12, mse_0: 3.2271e-04, mse_f: 2.4520e-03, total loss: 2.8853e-03, Error u,v: 2.0218e-05, 2.1905e-05
It: 10500, Time: 5.10, mse_0: 3.1648e-04, mse_f: 2.4035e-03, total loss: 2.8225e-03, Error u,v: 1.9913e-05, 2.2036e-05
It: 10600, Time: 5.16, mse_0: 3.2439e-04, mse_f: 2.3513e-03, total loss: 2.7709e-03, Error u,v: 1.9874e-05, 2.2395e-05
It: 10700, Time: 5.38, mse_0: 3.1800e-04, mse_f: 2.3040e-03, total loss: 2.7154e-03, Error u,v: 1.9364e-05, 2.3362e-05
It: 10800, Time: 4.12, mse_0: 3.1586e-04, mse_f: 2.2662e-03, total loss: 2.6713e-03, Error u,v: 1.9152e-05, 2.4196e-05
It: 10900, Time: 4.13, mse_0: 3.0560e-04, mse_f: 2.2344e-03, total loss: 2.6275e-03, Error u,v: 1.8970e-05, 2.4102e-05
It: 11000, Time: 4.74, mse_0: 3.0019e-04, mse_f: 2.2060e-03, total loss: 2.5918e-03, Error u,v: 1.8804e-05, 2.3944e-05
It: 11100, Time: 5.40, mse_0: 2.9500e-04, mse_f: 2.1743e-03, total loss: 2.5527e-03, Error u,v: 1.8985e-05, 2.2938e-05
It: 11200, Time: 5.41, mse_0: 2.9000e-04, mse_f: 2.1457e-03, total loss: 2.5197e-03, Error u,v: 1.8655e-05, 2.2638e-05
It: 11300, Time: 4.76, mse_0: 2.8506e-04, mse_f: 2.1302e-03, total loss: 2.4962e-03, Error u,v: 1.8720e-05, 2.2269e-05
It: 11400, Time: 4.42, mse_0: 2.8091e-04, mse_f: 2.1086e-03, total loss: 2.4666e-03, Error u,v: 1.8802e-05, 2.1554e-05
It: 11500, Time: 4.91, mse_0: 2.7533e-04, mse_f: 2.0870e-03, total loss: 2.4377e-03, Error u,v: 1.8660e-05, 2.1047e-05
It: 11600, Time: 4.81, mse_0: 2.6886e-04, mse_f: 2.0603e-03, total loss: 2.4027e-03, Error u,v: 1.8276e-05, 2.0529e-05
It: 11700, Time: 4.73, mse_0: 2.6649e-04, mse_f: 2.0364e-03, total loss: 2.3710e-03, Error u,v: 1.8171e-05, 2.0467e-05
It: 11800, Time: 4.83, mse_0: 2.6229e-04, mse_f: 2.0114e-03, total loss: 2.3399e-03, Error u,v: 1.8408e-05, 2.0342e-05
It: 11900, Time: 4.64, mse_0: 2.5854e-04, mse_f: 1.9819e-03, total loss: 2.3060e-03, Error u,v: 1.8426e-05, 1.9863e-05
It: 12000, Time: 4.81, mse_0: 2.5508e-04, mse_f: 1.9532e-03, total loss: 2.2729e-03, Error u,v: 1.8502e-05, 1.9769e-05
It: 12100, Time: 4.42, mse_0: 2.5074e-04, mse_f: 1.9282e-03, total loss: 2.2399e-03, Error u,v: 1.8494e-05, 1.9266e-05
It: 12200, Time: 4.54, mse_0: 2.4857e-04, mse_f: 1.9078e-03, total loss: 2.2151e-03, Error u,v: 1.8562e-05, 1.8968e-05
It: 12300, Time: 4.71, mse_0: 2.4834e-04, mse_f: 1.8804e-03, total loss: 2.1860e-03, Error u,v: 1.8780e-05, 1.8414e-05
It: 12400, Time: 4.60, mse_0: 2.4558e-04, mse_f: 1.8512e-03, total loss: 2.1548e-03, Error u,v: 1.8677e-05, 1.8131e-05
It: 12500, Time: 5.19, mse_0: 2.4488e-04, mse_f: 1.8294e-03, total loss: 2.1308e-03, Error u,v: 1.8708e-05, 1.7918e-05
It: 12600, Time: 5.32, mse_0: 2.4432e-04, mse_f: 1.8102e-03, total loss: 2.1118e-03, Error u,v: 1.8811e-05, 1.7688e-05
It: 12700, Time: 4.78, mse_0: 2.4410e-04, mse_f: 1.7880e-03, total loss: 2.0914e-03, Error u,v: 1.8878e-05, 1.7432e-05
It: 12800, Time: 4.79, mse_0: 2.4446e-04, mse_f: 1.7671e-03, total loss: 2.0711e-03, Error u,v: 1.8912e-05, 1.7325e-05
It: 12900, Time: 4.89, mse_0: 2.4084e-04, mse_f: 1.7450e-03, total loss: 2.0447e-03, Error u,v: 1.8706e-05, 1.7096e-05
It: 13000, Time: 5.11, mse_0: 2.3917e-04, mse_f: 1.7258e-03, total loss: 2.0225e-03, Error u,v: 1.8623e-05, 1.7139e-05
It: 13100, Time: 4.99, mse_0: 2.3942e-04, mse_f: 1.7117e-03, total loss: 2.0087e-03, Error u,v: 1.8635e-05, 1.7101e-05
It: 13200, Time: 5.46, mse_0: 2.3685e-04, mse_f: 1.6832e-03, total loss: 1.9789e-03, Error u,v: 1.8600e-05, 1.7022e-05
It: 13300, Time: 4.42, mse_0: 2.3327e-04, mse_f: 1.6623e-03, total loss: 1.9518e-03, Error u,v: 1.8543e-05, 1.6894e-05
It: 13400, Time: 4.24, mse_0: 2.3081e-04, mse_f: 1.6419e-03, total loss: 1.9303e-03, Error u,v: 1.8352e-05, 1.7235e-05
It: 13500, Time: 4.65, mse_0: 2.3118e-04, mse_f: 1.6134e-03, total loss: 1.9054e-03, Error u,v: 1.8361e-05, 1.7184e-05
It: 13600, Time: 4.95, mse_0: 2.3192e-04, mse_f: 1.5812e-03, total loss: 1.8725e-03, Error u,v: 1.8774e-05, 1.7098e-05
It: 13700, Time: 4.83, mse_0: 2.2933e-04, mse_f: 1.5560e-03, total loss: 1.8434e-03, Error u,v: 1.8519e-05, 1.7257e-05
It: 13800, Time: 4.23, mse_0: 2.2913e-04, mse_f: 1.5401e-03, total loss: 1.8225e-03, Error u,v: 1.8671e-05, 1.7071e-05
It: 13900, Time: 4.12, mse_0: 2.2750e-04, mse_f: 1.5258e-03, total loss: 1.8041e-03, Error u,v: 1.8586e-05, 1.6755e-05
It: 14000, Time: 4.45, mse_0: 2.2197e-04, mse_f: 1.5016e-03, total loss: 1.7752e-03, Error u,v: 1.8267e-05, 1.6151e-05
It: 14100, Time: 4.48, mse_0: 2.2131e-04, mse_f: 1.4858e-03, total loss: 1.7561e-03, Error u,v: 1.8099e-05, 1.5935e-05
It: 14200, Time: 4.59, mse_0: 2.2503e-04, mse_f: 1.4632e-03, total loss: 1.7365e-03, Error u,v: 1.7976e-05, 1.5794e-05
It: 14300, Time: 4.75, mse_0: 2.2745e-04, mse_f: 1.4487e-03, total loss: 1.7225e-03, Error u,v: 1.7943e-05, 1.5838e-05
It: 14400, Time: 4.71, mse_0: 2.2771e-04, mse_f: 1.4365e-03, total loss: 1.7103e-03, Error u,v: 1.7890e-05, 1.5802e-05
It: 14500, Time: 4.23, mse_0: 2.2933e-04, mse_f: 1.4208e-03, total loss: 1.6957e-03, Error u,v: 1.7763e-05, 1.5717e-05
It: 14600, Time: 4.41, mse_0: 2.3154e-04, mse_f: 1.4051e-03, total loss: 1.6813e-03, Error u,v: 1.7820e-05, 1.5557e-05
It: 14700, Time: 4.36, mse_0: 2.3101e-04, mse_f: 1.3948e-03, total loss: 1.6708e-03, Error u,v: 1.7693e-05, 1.5504e-05
It: 14800, Time: 4.37, mse_0: 2.3263e-04, mse_f: 1.3736e-03, total loss: 1.6518e-03, Error u,v: 1.7332e-05, 1.5610e-05
It: 14900, Time: 4.74, mse_0: 2.2980e-04, mse_f: 1.3549e-03, total loss: 1.6294e-03, Error u,v: 1.7255e-05, 1.5360e-05
It: 15000, Time: 4.67, mse_0: 2.3044e-04, mse_f: 1.3385e-03, total loss: 1.6138e-03, Error u,v: 1.7118e-05, 1.5479e-05
It: 15100, Time: 4.65, mse_0: 2.2911e-04, mse_f: 1.3210e-03, total loss: 1.5944e-03, Error u,v: 1.7054e-05, 1.5399e-05
It: 15200, Time: 4.87, mse_0: 2.2564e-04, mse_f: 1.3089e-03, total loss: 1.5791e-03, Error u,v: 1.6951e-05, 1.5219e-05
It: 15300, Time: 4.85, mse_0: 2.1990e-04, mse_f: 1.2989e-03, total loss: 1.5644e-03, Error u,v: 1.6758e-05, 1.5057e-05
It: 15400, Time: 4.56, mse_0: 2.1614e-04, mse_f: 1.2812e-03, total loss: 1.5447e-03, Error u,v: 1.6623e-05, 1.4963e-05
It: 15500, Time: 4.46, mse_0: 2.1420e-04, mse_f: 1.2646e-03, total loss: 1.5236e-03, Error u,v: 1.6679e-05, 1.4931e-05
It: 15600, Time: 4.97, mse_0: 2.1179e-04, mse_f: 1.2501e-03, total loss: 1.5072e-03, Error u,v: 1.6333e-05, 1.5117e-05
It: 15700, Time: 5.16, mse_0: 2.0787e-04, mse_f: 1.2352e-03, total loss: 1.4891e-03, Error u,v: 1.6274e-05, 1.4906e-05
It: 15800, Time: 4.78, mse_0: 2.0488e-04, mse_f: 1.2254e-03, total loss: 1.4775e-03, Error u,v: 1.6136e-05, 1.4654e-05
It: 15900, Time: 4.86, mse_0: 1.9982e-04, mse_f: 1.2150e-03, total loss: 1.4638e-03, Error u,v: 1.6046e-05, 1.4386e-05
It: 16000, Time: 4.48, mse_0: 1.9745e-04, mse_f: 1.2062e-03, total loss: 1.4519e-03, Error u,v: 1.5895e-05, 1.4345e-05
It: 16100, Time: 4.44, mse_0: 1.9446e-04, mse_f: 1.1992e-03, total loss: 1.4423e-03, Error u,v: 1.5724e-05, 1.4264e-05
It: 16200, Time: 5.01, mse_0: 1.9368e-04, mse_f: 1.1905e-03, total loss: 1.4322e-03, Error u,v: 1.5705e-05, 1.4277e-05
It: 16300, Time: 5.30, mse_0: 1.9390e-04, mse_f: 1.1768e-03, total loss: 1.4199e-03, Error u,v: 1.5588e-05, 1.4489e-05
It: 16400, Time: 4.41, mse_0: 1.9155e-04, mse_f: 1.1694e-03, total loss: 1.4105e-03, Error u,v: 1.5732e-05, 1.4125e-05
It: 16500, Time: 4.09, mse_0: 1.9089e-04, mse_f: 1.1581e-03, total loss: 1.3990e-03, Error u,v: 1.5815e-05, 1.3871e-05
It: 16600, Time: 4.45, mse_0: 1.9043e-04, mse_f: 1.1463e-03, total loss: 1.3871e-03, Error u,v: 1.5773e-05, 1.3507e-05
It: 16700, Time: 5.01, mse_0: 1.8633e-04, mse_f: 1.1358e-03, total loss: 1.3737e-03, Error u,v: 1.5322e-05, 1.3552e-05
It: 16800, Time: 5.26, mse_0: 1.8495e-04, mse_f: 1.1261e-03, total loss: 1.3620e-03, Error u,v: 1.4989e-05, 1.3491e-05
It: 16900, Time: 5.37, mse_0: 1.8320e-04, mse_f: 1.1117e-03, total loss: 1.3445e-03, Error u,v: 1.4738e-05, 1.3268e-05
It: 17000, Time: 4.94, mse_0: 1.7826e-04, mse_f: 1.0965e-03, total loss: 1.3250e-03, Error u,v: 1.4281e-05, 1.3070e-05
It: 17100, Time: 4.65, mse_0: 1.7286e-04, mse_f: 1.0854e-03, total loss: 1.3064e-03, Error u,v: 1.3902e-05, 1.3093e-05
It: 17200, Time: 4.47, mse_0: 1.7092e-04, mse_f: 1.0753e-03, total loss: 1.2930e-03, Error u,v: 1.3823e-05, 1.3195e-05
It: 17300, Time: 4.34, mse_0: 1.6722e-04, mse_f: 1.0656e-03, total loss: 1.2787e-03, Error u,v: 1.3544e-05, 1.3343e-05
It: 17400, Time: 4.43, mse_0: 1.6589e-04, mse_f: 1.0528e-03, total loss: 1.2644e-03, Error u,v: 1.3417e-05, 1.3183e-05
It: 17500, Time: 5.80, mse_0: 1.6319e-04, mse_f: 1.0427e-03, total loss: 1.2521e-03, Error u,v: 1.3303e-05, 1.2940e-05
It: 17600, Time: 5.77, mse_0: 1.6121e-04, mse_f: 1.0330e-03, total loss: 1.2411e-03, Error u,v: 1.3251e-05, 1.3111e-05
It: 17700, Time: 4.47, mse_0: 1.5962e-04, mse_f: 1.0222e-03, total loss: 1.2284e-03, Error u,v: 1.3172e-05, 1.2799e-05
It: 17800, Time: 4.57, mse_0: 1.5906e-04, mse_f: 1.0100e-03, total loss: 1.2153e-03, Error u,v: 1.3160e-05, 1.2618e-05
It: 17900, Time: 4.99, mse_0: 1.5700e-04, mse_f: 9.9914e-04, total loss: 1.2023e-03, Error u,v: 1.3144e-05, 1.2533e-05
It: 18000, Time: 5.08, mse_0: 1.5528e-04, mse_f: 9.9303e-04, total loss: 1.1943e-03, Error u,v: 1.3042e-05, 1.2528e-05
It: 18100, Time: 5.41, mse_0: 1.5390e-04, mse_f: 9.8279e-04, total loss: 1.1821e-03, Error u,v: 1.2956e-05, 1.2571e-05
It: 18200, Time: 5.53, mse_0: 1.5131e-04, mse_f: 9.7406e-04, total loss: 1.1699e-03, Error u,v: 1.2882e-05, 1.2587e-05
It: 18300, Time: 5.23, mse_0: 1.5084e-04, mse_f: 9.5740e-04, total loss: 1.1524e-03, Error u,v: 1.2937e-05, 1.2730e-05
It: 18400, Time: 5.06, mse_0: 1.4934e-04, mse_f: 9.4722e-04, total loss: 1.1383e-03, Error u,v: 1.2878e-05, 1.2554e-05
It: 18500, Time: 4.70, mse_0: 1.4914e-04, mse_f: 9.3937e-04, total loss: 1.1282e-03, Error u,v: 1.2899e-05, 1.2315e-05
It: 18600, Time: 4.87, mse_0: 1.4791e-04, mse_f: 9.3319e-04, total loss: 1.1204e-03, Error u,v: 1.2870e-05, 1.2337e-05
It: 18700, Time: 5.66, mse_0: 1.4931e-04, mse_f: 9.2338e-04, total loss: 1.1105e-03, Error u,v: 1.2956e-05, 1.2396e-05
It: 18800, Time: 5.87, mse_0: 1.4841e-04, mse_f: 9.1717e-04, total loss: 1.1020e-03, Error u,v: 1.2945e-05, 1.2450e-05
It: 18900, Time: 4.58, mse_0: 1.4745e-04, mse_f: 9.1187e-04, total loss: 1.0950e-03, Error u,v: 1.2998e-05, 1.2487e-05
It: 19000, Time: 4.60, mse_0: 1.4632e-04, mse_f: 9.0722e-04, total loss: 1.0888e-03, Error u,v: 1.2965e-05, 1.2478e-05
It: 19100, Time: 5.02, mse_0: 1.4458e-04, mse_f: 9.0154e-04, total loss: 1.0820e-03, Error u,v: 1.2860e-05, 1.2283e-05
It: 19200, Time: 5.15, mse_0: 1.4463e-04, mse_f: 8.9517e-04, total loss: 1.0746e-03, Error u,v: 1.2772e-05, 1.2275e-05
It: 19300, Time: 5.39, mse_0: 1.4283e-04, mse_f: 8.9087e-04, total loss: 1.0681e-03, Error u,v: 1.2699e-05, 1.2136e-05
It: 19400, Time: 5.55, mse_0: 1.4129e-04, mse_f: 8.8630e-04, total loss: 1.0615e-03, Error u,v: 1.2611e-05, 1.2115e-05
It: 19500, Time: 5.17, mse_0: 1.4024e-04, mse_f: 8.8013e-04, total loss: 1.0542e-03, Error u,v: 1.2629e-05, 1.2121e-05
It: 19600, Time: 5.44, mse_0: 1.3959e-04, mse_f: 8.7765e-04, total loss: 1.0509e-03, Error u,v: 1.2635e-05, 1.2091e-05
It: 19700, Time: 4.98, mse_0: 1.3873e-04, mse_f: 8.7357e-04, total loss: 1.0450e-03, Error u,v: 1.2636e-05, 1.2186e-05
It: 19800, Time: 5.02, mse_0: 1.3793e-04, mse_f: 8.6937e-04, total loss: 1.0393e-03, Error u,v: 1.2493e-05, 1.2281e-05
It: 19900, Time: 4.82, mse_0: 1.3676e-04, mse_f: 8.6617e-04, total loss: 1.0340e-03, Error u,v: 1.2392e-05, 1.2364e-05
It: 20000, Time: 4.48, mse_0: 1.3536e-04, mse_f: 8.6362e-04, total loss: 1.0300e-03, Error u,v: 1.2247e-05, 1.2446e-05
It: 20100, Time: 4.71, mse_0: 1.3554e-04, mse_f: 8.5892e-04, total loss: 1.0251e-03, Error u,v: 1.2209e-05, 1.2526e-05
It: 20200, Time: 4.48, mse_0: 1.3440e-04, mse_f: 8.5566e-04, total loss: 1.0199e-03, Error u,v: 1.2211e-05, 1.2518e-05
It: 20300, Time: 4.76, mse_0: 1.3504e-04, mse_f: 8.4874e-04, total loss: 1.0128e-03, Error u,v: 1.2205e-05, 1.2602e-05
It: 20400, Time: 5.19, mse_0: 1.3390e-04, mse_f: 8.4347e-04, total loss: 1.0064e-03, Error u,v: 1.2152e-05, 1.2761e-05
It: 20500, Time: 5.05, mse_0: 1.3404e-04, mse_f: 8.3818e-04, total loss: 1.0007e-03, Error u,v: 1.2087e-05, 1.2832e-05
It: 20600, Time: 4.92, mse_0: 1.3352e-04, mse_f: 8.3262e-04, total loss: 9.9439e-04, Error u,v: 1.1995e-05, 1.2898e-05
It: 20700, Time: 4.75, mse_0: 1.3242e-04, mse_f: 8.2764e-04, total loss: 9.8800e-04, Error u,v: 1.1916e-05, 1.2866e-05
It: 20800, Time: 4.72, mse_0: 1.3213e-04, mse_f: 8.2425e-04, total loss: 9.8431e-04, Error u,v: 1.1888e-05, 1.2847e-05
It: 20900, Time: 5.02, mse_0: 1.3142e-04, mse_f: 8.1890e-04, total loss: 9.7771e-04, Error u,v: 1.1806e-05, 1.2847e-05
It: 21000, Time: 4.56, mse_0: 1.3176e-04, mse_f: 8.1389e-04, total loss: 9.7254e-04, Error u,v: 1.1853e-05, 1.2808e-05
It: 21100, Time: 4.60, mse_0: 1.3207e-04, mse_f: 8.0659e-04, total loss: 9.6547e-04, Error u,v: 1.1832e-05, 1.2768e-05
It: 21200, Time: 5.17, mse_0: 1.3133e-04, mse_f: 8.0079e-04, total loss: 9.5884e-04, Error u,v: 1.1780e-05, 1.2754e-05
It: 21300, Time: 5.41, mse_0: 1.3139e-04, mse_f: 7.9697e-04, total loss: 9.5454e-04, Error u,v: 1.1788e-05, 1.2791e-05
It: 21400, Time: 4.54, mse_0: 1.3098e-04, mse_f: 7.9360e-04, total loss: 9.5062e-04, Error u,v: 1.1824e-05, 1.2885e-05
It: 21500, Time: 4.11, mse_0: 1.3056e-04, mse_f: 7.8942e-04, total loss: 9.4621e-04, Error u,v: 1.1854e-05, 1.2942e-05
It: 21600, Time: 4.27, mse_0: 1.2971e-04, mse_f: 7.8484e-04, total loss: 9.4077e-04, Error u,v: 1.1828e-05, 1.2971e-05
It: 21700, Time: 4.87, mse_0: 1.2866e-04, mse_f: 7.8082e-04, total loss: 9.3578e-04, Error u,v: 1.1792e-05, 1.2934e-05
It: 21800, Time: 4.92, mse_0: 1.2822e-04, mse_f: 7.7581e-04, total loss: 9.3024e-04, Error u,v: 1.1761e-05, 1.2839e-05
It: 21900, Time: 4.77, mse_0: 1.2742e-04, mse_f: 7.7113e-04, total loss: 9.2456e-04, Error u,v: 1.1749e-05, 1.2836e-05
It: 22000, Time: 4.92, mse_0: 1.2752e-04, mse_f: 7.6710e-04, total loss: 9.2058e-04, Error u,v: 1.1782e-05, 1.2826e-05
It: 22100, Time: 5.13, mse_0: 1.2762e-04, mse_f: 7.6139e-04, total loss: 9.1503e-04, Error u,v: 1.1755e-05, 1.2910e-05
It: 22200, Time: 5.16, mse_0: 1.2854e-04, mse_f: 7.5573e-04, total loss: 9.0949e-04, Error u,v: 1.1707e-05, 1.3086e-05
It: 22300, Time: 4.72, mse_0: 1.2797e-04, mse_f: 7.5299e-04, total loss: 9.0603e-04, Error u,v: 1.1695e-05, 1.3063e-05
It: 22400, Time: 4.67, mse_0: 1.2687e-04, mse_f: 7.4805e-04, total loss: 8.9998e-04, Error u,v: 1.1676e-05, 1.3042e-05
It: 22500, Time: 4.65, mse_0: 1.2543e-04, mse_f: 7.4548e-04, total loss: 8.9589e-04, Error u,v: 1.1551e-05, 1.3049e-05
It: 22600, Time: 5.09, mse_0: 1.2400e-04, mse_f: 7.4345e-04, total loss: 8.9244e-04, Error u,v: 1.1480e-05, 1.3072e-05
It: 22700, Time: 5.01, mse_0: 1.2323e-04, mse_f: 7.4051e-04, total loss: 8.8882e-04, Error u,v: 1.1468e-05, 1.3064e-05
It: 22800, Time: 5.07, mse_0: 1.2229e-04, mse_f: 7.3888e-04, total loss: 8.8628e-04, Error u,v: 1.1449e-05, 1.3119e-05
It: 22900, Time: 4.50, mse_0: 1.2142e-04, mse_f: 7.3737e-04, total loss: 8.8380e-04, Error u,v: 1.1404e-05, 1.3038e-05
It: 23000, Time: 4.86, mse_0: 1.1984e-04, mse_f: 7.3443e-04, total loss: 8.7923e-04, Error u,v: 1.1426e-05, 1.2928e-05
It: 23100, Time: 4.67, mse_0: 1.1818e-04, mse_f: 7.3119e-04, total loss: 8.7360e-04, Error u,v: 1.1409e-05, 1.2885e-05
It: 23200, Time: 4.49, mse_0: 1.1692e-04, mse_f: 7.2772e-04, total loss: 8.6900e-04, Error u,v: 1.1439e-05, 1.2783e-05
It: 23300, Time: 4.85, mse_0: 1.1549e-04, mse_f: 7.2316e-04, total loss: 8.6282e-04, Error u,v: 1.1380e-05, 1.2742e-05
It: 23400, Time: 4.71, mse_0: 1.1499e-04, mse_f: 7.1802e-04, total loss: 8.5763e-04, Error u,v: 1.1333e-05, 1.2747e-05
It: 23500, Time: 4.80, mse_0: 1.1393e-04, mse_f: 7.1363e-04, total loss: 8.5215e-04, Error u,v: 1.1285e-05, 1.2817e-05
It: 23600, Time: 4.22, mse_0: 1.1347e-04, mse_f: 7.1060e-04, total loss: 8.4827e-04, Error u,v: 1.1329e-05, 1.2778e-05
It: 23700, Time: 4.15, mse_0: 1.1334e-04, mse_f: 7.0765e-04, total loss: 8.4488e-04, Error u,v: 1.1371e-05, 1.2793e-05
It: 23800, Time: 4.69, mse_0: 1.1309e-04, mse_f: 7.0508e-04, total loss: 8.4182e-04, Error u,v: 1.1404e-05, 1.2755e-05
It: 23900, Time: 4.81, mse_0: 1.1134e-04, mse_f: 7.0217e-04, total loss: 8.3719e-04, Error u,v: 1.1361e-05, 1.2565e-05
It: 24000, Time: 4.54, mse_0: 1.0938e-04, mse_f: 6.9862e-04, total loss: 8.3122e-04, Error u,v: 1.1287e-05, 1.2479e-05
It: 24100, Time: 4.59, mse_0: 1.0890e-04, mse_f: 6.9479e-04, total loss: 8.2693e-04, Error u,v: 1.1331e-05, 1.2474e-05
It: 24200, Time: 4.68, mse_0: 1.0835e-04, mse_f: 6.9189e-04, total loss: 8.2360e-04, Error u,v: 1.1310e-05, 1.2401e-05
It: 24300, Time: 4.94, mse_0: 1.0810e-04, mse_f: 6.8905e-04, total loss: 8.2076e-04, Error u,v: 1.1326e-05, 1.2391e-05
It: 24400, Time: 4.85, mse_0: 1.0799e-04, mse_f: 6.8575e-04, total loss: 8.1734e-04, Error u,v: 1.1328e-05, 1.2436e-05
It: 24500, Time: 4.85, mse_0: 1.0900e-04, mse_f: 6.8008e-04, total loss: 8.1170e-04, Error u,v: 1.1419e-05, 1.2433e-05
It: 24600, Time: 4.74, mse_0: 1.0869e-04, mse_f: 6.7801e-04, total loss: 8.0904e-04, Error u,v: 1.1461e-05, 1.2483e-05
It: 24700, Time: 4.46, mse_0: 1.0893e-04, mse_f: 6.7574e-04, total loss: 8.0678e-04, Error u,v: 1.1456e-05, 1.2500e-05
It: 24800, Time: 4.33, mse_0: 1.0927e-04, mse_f: 6.7232e-04, total loss: 8.0353e-04, Error u,v: 1.1472e-05, 1.2541e-05
It: 24900, Time: 4.64, mse_0: 1.0937e-04, mse_f: 6.6950e-04, total loss: 8.0053e-04, Error u,v: 1.1482e-05, 1.2490e-05
It: 25000, Time: 4.67, mse_0: 1.0910e-04, mse_f: 6.6688e-04, total loss: 7.9752e-04, Error u,v: 1.1516e-05, 1.2401e-05
It: 25100, Time: 5.15, mse_0: 1.0958e-04, mse_f: 6.6267e-04, total loss: 7.9349e-04, Error u,v: 1.1654e-05, 1.2296e-05
It: 25200, Time: 5.57, mse_0: 1.0905e-04, mse_f: 6.5968e-04, total loss: 7.8970e-04, Error u,v: 1.1729e-05, 1.2221e-05
It: 25300, Time: 4.46, mse_0: 1.0918e-04, mse_f: 6.5539e-04, total loss: 7.8531e-04, Error u,v: 1.1777e-05, 1.2146e-05
It: 25400, Time: 4.57, mse_0: 1.0926e-04, mse_f: 6.5290e-04, total loss: 7.8256e-04, Error u,v: 1.1776e-05, 1.2145e-05
It: 25500, Time: 4.74, mse_0: 1.0880e-04, mse_f: 6.5010e-04, total loss: 7.7889e-04, Error u,v: 1.1788e-05, 1.2167e-05
It: 25600, Time: 4.50, mse_0: 1.0938e-04, mse_f: 6.4711e-04, total loss: 7.7630e-04, Error u,v: 1.1844e-05, 1.2257e-05
It: 25700, Time: 4.75, mse_0: 1.0973e-04, mse_f: 6.4352e-04, total loss: 7.7282e-04, Error u,v: 1.1846e-05, 1.2316e-05
It: 25800, Time: 5.00, mse_0: 1.0973e-04, mse_f: 6.4057e-04, total loss: 7.6987e-04, Error u,v: 1.1890e-05, 1.2208e-05
It: 25900, Time: 4.92, mse_0: 1.0860e-04, mse_f: 6.3831e-04, total loss: 7.6665e-04, Error u,v: 1.1931e-05, 1.2043e-05
It: 26000, Time: 5.09, mse_0: 1.0839e-04, mse_f: 6.3416e-04, total loss: 7.6273e-04, Error u,v: 1.1893e-05, 1.1960e-05
It: 26100, Time: 4.92, mse_0: 1.0714e-04, mse_f: 6.3065e-04, total loss: 7.5769e-04, Error u,v: 1.1884e-05, 1.1816e-05
It: 26200, Time: 4.21, mse_0: 1.0746e-04, mse_f: 6.2737e-04, total loss: 7.5408e-04, Error u,v: 1.1888e-05, 1.1650e-05
It: 26300, Time: 4.46, mse_0: 1.0712e-04, mse_f: 6.2520e-04, total loss: 7.5163e-04, Error u,v: 1.1897e-05, 1.1596e-05
It: 26400, Time: 5.50, mse_0: 1.0628e-04, mse_f: 6.2285e-04, total loss: 7.4812e-04, Error u,v: 1.1866e-05, 1.1530e-05
It: 26500, Time: 5.45, mse_0: 1.0483e-04, mse_f: 6.1978e-04, total loss: 7.4351e-04, Error u,v: 1.1865e-05, 1.1546e-05
It: 26600, Time: 4.64, mse_0: 1.0380e-04, mse_f: 6.1623e-04, total loss: 7.3871e-04, Error u,v: 1.1860e-05, 1.1526e-05
It: 26700, Time: 4.85, mse_0: 1.0362e-04, mse_f: 6.1231e-04, total loss: 7.3451e-04, Error u,v: 1.1864e-05, 1.1505e-05
It: 26800, Time: 5.28, mse_0: 1.0263e-04, mse_f: 6.0770e-04, total loss: 7.2887e-04, Error u,v: 1.1855e-05, 1.1527e-05
It: 26900, Time: 5.19, mse_0: 1.0165e-04, mse_f: 6.0453e-04, total loss: 7.2514e-04, Error u,v: 1.1746e-05, 1.1383e-05
It: 27000, Time: 5.18, mse_0: 1.0076e-04, mse_f: 6.0015e-04, total loss: 7.2000e-04, Error u,v: 1.1671e-05, 1.1352e-05
It: 27100, Time: 5.21, mse_0: 9.8918e-05, mse_f: 5.9549e-04, total loss: 7.1342e-04, Error u,v: 1.1491e-05, 1.1184e-05
It: 27200, Time: 4.60, mse_0: 9.7520e-05, mse_f: 5.9139e-04, total loss: 7.0795e-04, Error u,v: 1.1356e-05, 1.1132e-05
It: 27300, Time: 4.55, mse_0: 9.7398e-05, mse_f: 5.8683e-04, total loss: 7.0313e-04, Error u,v: 1.1334e-05, 1.1106e-05
It: 27400, Time: 4.42, mse_0: 9.5760e-05, mse_f: 5.8363e-04, total loss: 6.9797e-04, Error u,v: 1.1235e-05, 1.1006e-05
It: 27500, Time: 4.85, mse_0: 9.5437e-05, mse_f: 5.8092e-04, total loss: 6.9455e-04, Error u,v: 1.1251e-05, 1.1013e-05
It: 27600, Time: 5.80, mse_0: 9.3912e-05, mse_f: 5.7946e-04, total loss: 6.9131e-04, Error u,v: 1.1173e-05, 1.0941e-05
It: 27700, Time: 5.96, mse_0: 9.2963e-05, mse_f: 5.7729e-04, total loss: 6.8800e-04, Error u,v: 1.1098e-05, 1.0878e-05
It: 27800, Time: 4.47, mse_0: 9.2363e-05, mse_f: 5.7281e-04, total loss: 6.8270e-04, Error u,v: 1.1030e-05, 1.0821e-05
It: 27900, Time: 4.43, mse_0: 9.1932e-05, mse_f: 5.6971e-04, total loss: 6.7893e-04, Error u,v: 1.0962e-05, 1.0767e-05
It: 28000, Time: 4.77, mse_0: 9.0806e-05, mse_f: 5.6777e-04, total loss: 6.7580e-04, Error u,v: 1.0946e-05, 1.0668e-05
It: 28100, Time: 4.94, mse_0: 9.0121e-05, mse_f: 5.6548e-04, total loss: 6.7260e-04, Error u,v: 1.0958e-05, 1.0629e-05
It: 28200, Time: 5.26, mse_0: 8.9870e-05, mse_f: 5.6215e-04, total loss: 6.6893e-04, Error u,v: 1.0984e-05, 1.0595e-05
It: 28300, Time: 5.04, mse_0: 8.9720e-05, mse_f: 5.5847e-04, total loss: 6.6494e-04, Error u,v: 1.0999e-05, 1.0559e-05
It: 28400, Time: 5.11, mse_0: 8.9156e-05, mse_f: 5.5509e-04, total loss: 6.6085e-04, Error u,v: 1.1030e-05, 1.0539e-05
It: 28500, Time: 5.00, mse_0: 8.8666e-05, mse_f: 5.5090e-04, total loss: 6.5623e-04, Error u,v: 1.1001e-05, 1.0610e-05
It: 28600, Time: 5.09, mse_0: 8.7042e-05, mse_f: 5.4619e-04, total loss: 6.4958e-04, Error u,v: 1.0928e-05, 1.0675e-05
It: 28700, Time: 4.80, mse_0: 8.7779e-05, mse_f: 5.4196e-04, total loss: 6.4557e-04, Error u,v: 1.0977e-05, 1.0828e-05
It: 28800, Time: 4.94, mse_0: 8.7060e-05, mse_f: 5.3884e-04, total loss: 6.4127e-04, Error u,v: 1.0969e-05, 1.0942e-05
It: 28900, Time: 5.61, mse_0: 8.6299e-05, mse_f: 5.3477e-04, total loss: 6.3606e-04, Error u,v: 1.0912e-05, 1.1014e-05
It: 29000, Time: 5.08, mse_0: 8.5570e-05, mse_f: 5.3238e-04, total loss: 6.3284e-04, Error u,v: 1.0884e-05, 1.0941e-05
It: 29100, Time: 4.63, mse_0: 8.4906e-05, mse_f: 5.2982e-04, total loss: 6.2948e-04, Error u,v: 1.0886e-05, 1.0893e-05
It: 29200, Time: 4.73, mse_0: 8.3764e-05, mse_f: 5.2753e-04, total loss: 6.2578e-04, Error u,v: 1.0899e-05, 1.0750e-05
It: 29300, Time: 4.95, mse_0: 8.3136e-05, mse_f: 5.2494e-04, total loss: 6.2255e-04, Error u,v: 1.0902e-05, 1.0587e-05
It: 29400, Time: 5.09, mse_0: 8.1690e-05, mse_f: 5.2321e-04, total loss: 6.1923e-04, Error u,v: 1.0880e-05, 1.0471e-05
It: 29500, Time: 5.14, mse_0: 8.0082e-05, mse_f: 5.2121e-04, total loss: 6.1560e-04, Error u,v: 1.0843e-05, 1.0250e-05
It: 29600, Time: 4.86, mse_0: 7.8960e-05, mse_f: 5.1851e-04, total loss: 6.1201e-04, Error u,v: 1.0831e-05, 1.0054e-05
It: 29700, Time: 5.59, mse_0: 7.7480e-05, mse_f: 5.1494e-04, total loss: 6.0725e-04, Error u,v: 1.0809e-05, 9.9903e-06
It: 29800, Time: 5.55, mse_0: 7.6626e-05, mse_f: 5.1225e-04, total loss: 6.0351e-04, Error u,v: 1.0703e-05, 9.8703e-06
It: 29900, Time: 5.13, mse_0: 7.6060e-05, mse_f: 5.0942e-04, total loss: 6.0000e-04, Error u,v: 1.0667e-05, 9.8098e-06
It: 30000, Time: 4.21, mse_0: 7.5541e-05, mse_f: 5.0621e-04, total loss: 5.9647e-04, Error u,v: 1.0596e-05, 9.8079e-06
It: 30100, Time: 4.76, mse_0: 7.5550e-05, mse_f: 5.0412e-04, total loss: 5.9450e-04, Error u,v: 1.0595e-05, 9.8026e-06
It: 30200, Time: 5.36, mse_0: 7.4585e-05, mse_f: 5.0203e-04, total loss: 5.9150e-04, Error u,v: 1.0505e-05, 9.7946e-06
It: 30300, Time: 4.78, mse_0: 7.4153e-05, mse_f: 4.9993e-04, total loss: 5.8899e-04, Error u,v: 1.0448e-05, 9.8154e-06
It: 30400, Time: 4.97, mse_0: 7.3610e-05, mse_f: 4.9858e-04, total loss: 5.8707e-04, Error u,v: 1.0412e-05, 9.8389e-06
It: 30500, Time: 5.10, mse_0: 7.3593e-05, mse_f: 4.9720e-04, total loss: 5.8553e-04, Error u,v: 1.0390e-05, 9.8158e-06
It: 30600, Time: 4.65, mse_0: 7.3136e-05, mse_f: 4.9596e-04, total loss: 5.8385e-04, Error u,v: 1.0354e-05, 9.8283e-06
It: 30700, Time: 4.70, mse_0: 7.2312e-05, mse_f: 4.9416e-04, total loss: 5.8120e-04, Error u,v: 1.0308e-05, 9.8468e-06
It: 30800, Time: 5.09, mse_0: 7.1354e-05, mse_f: 4.9189e-04, total loss: 5.7806e-04, Error u,v: 1.0210e-05, 9.8799e-06
It: 30900, Time: 4.95, mse_0: 7.0866e-05, mse_f: 4.8929e-04, total loss: 5.7522e-04, Error u,v: 1.0160e-05, 9.9194e-06
It: 31000, Time: 5.09, mse_0: 7.0546e-05, mse_f: 4.8740e-04, total loss: 5.7287e-04, Error u,v: 1.0111e-05, 9.9462e-06
It: 31100, Time: 4.97, mse_0: 7.0587e-05, mse_f: 4.8557e-04, total loss: 5.7087e-04, Error u,v: 1.0063e-05, 1.0049e-05
It: 31200, Time: 4.55, mse_0: 7.0541e-05, mse_f: 4.8404e-04, total loss: 5.6921e-04, Error u,v: 1.0038e-05, 1.0068e-05
It: 31300, Time: 4.39, mse_0: 7.0352e-05, mse_f: 4.8230e-04, total loss: 5.6698e-04, Error u,v: 1.0000e-05, 1.0057e-05
It: 31400, Time: 5.37, mse_0: 6.9963e-05, mse_f: 4.8005e-04, total loss: 5.6416e-04, Error u,v: 9.9563e-06, 1.0086e-05
It: 31500, Time: 5.15, mse_0: 6.9473e-05, mse_f: 4.7786e-04, total loss: 5.6127e-04, Error u,v: 9.9108e-06, 1.0165e-05
It: 31600, Time: 4.18, mse_0: 6.9109e-05, mse_f: 4.7577e-04, total loss: 5.5866e-04, Error u,v: 9.8838e-06, 1.0205e-05
It: 31700, Time: 4.28, mse_0: 6.8915e-05, mse_f: 4.7450e-04, total loss: 5.5697e-04, Error u,v: 9.8511e-06, 1.0214e-05
It: 31800, Time: 4.63, mse_0: 6.8253e-05, mse_f: 4.7332e-04, total loss: 5.5518e-04, Error u,v: 9.8553e-06, 1.0138e-05
It: 31900, Time: 4.69, mse_0: 6.7702e-05, mse_f: 4.7264e-04, total loss: 5.5405e-04, Error u,v: 9.8125e-06, 1.0140e-05
It: 32000, Time: 4.69, mse_0: 6.6876e-05, mse_f: 4.7171e-04, total loss: 5.5236e-04, Error u,v: 9.7452e-06, 1.0114e-05
It: 32100, Time: 4.69, mse_0: 6.6168e-05, mse_f: 4.7062e-04, total loss: 5.5031e-04, Error u,v: 9.7387e-06, 1.0120e-05
It: 32200, Time: 5.04, mse_0: 6.5733e-05, mse_f: 4.6958e-04, total loss: 5.4851e-04, Error u,v: 9.6686e-06, 1.0139e-05
It: 32300, Time: 5.10, mse_0: 6.5399e-05, mse_f: 4.6769e-04, total loss: 5.4612e-04, Error u,v: 9.6369e-06, 1.0169e-05
It: 32400, Time: 5.00, mse_0: 6.4728e-05, mse_f: 4.6671e-04, total loss: 5.4456e-04, Error u,v: 9.6132e-06, 1.0212e-05
It: 32500, Time: 4.52, mse_0: 6.4746e-05, mse_f: 4.6573e-04, total loss: 5.4347e-04, Error u,v: 9.6090e-06, 1.0241e-05
It: 32600, Time: 4.95, mse_0: 6.4715e-05, mse_f: 4.6500e-04, total loss: 5.4266e-04, Error u,v: 9.5864e-06, 1.0261e-05
It: 32700, Time: 5.17, mse_0: 6.4567e-05, mse_f: 4.6411e-04, total loss: 5.4159e-04, Error u,v: 9.5356e-06, 1.0270e-05
It: 32800, Time: 5.01, mse_0: 6.4403e-05, mse_f: 4.6313e-04, total loss: 5.4042e-04, Error u,v: 9.4845e-06, 1.0360e-05
It: 32900, Time: 5.25, mse_0: 6.4288e-05, mse_f: 4.6220e-04, total loss: 5.3928e-04, Error u,v: 9.4544e-06, 1.0381e-05
It: 33000, Time: 4.65, mse_0: 6.4161e-05, mse_f: 4.6087e-04, total loss: 5.3774e-04, Error u,v: 9.4156e-06, 1.0399e-05
It: 33100, Time: 4.08, mse_0: 6.3759e-05, mse_f: 4.5976e-04, total loss: 5.3618e-04, Error u,v: 9.3539e-06, 1.0402e-05
It: 33200, Time: 4.17, mse_0: 6.3485e-05, mse_f: 4.5828e-04, total loss: 5.3439e-04, Error u,v: 9.3120e-06, 1.0399e-05
It: 33300, Time: 4.42, mse_0: 6.3209e-05, mse_f: 4.5759e-04, total loss: 5.3349e-04, Error u,v: 9.2770e-06, 1.0410e-05
It: 33400, Time: 4.87, mse_0: 6.2271e-05, mse_f: 4.5657e-04, total loss: 5.3170e-04, Error u,v: 9.2184e-06, 1.0387e-05
It: 33500, Time: 4.81, mse_0: 6.2139e-05, mse_f: 4.5528e-04, total loss: 5.3013e-04, Error u,v: 9.1844e-06, 1.0390e-05
It: 33600, Time: 4.54, mse_0: 6.2268e-05, mse_f: 4.5304e-04, total loss: 5.2802e-04, Error u,v: 9.1286e-06, 1.0478e-05
It: 33700, Time: 4.36, mse_0: 6.1731e-05, mse_f: 4.5175e-04, total loss: 5.2603e-04, Error u,v: 9.0227e-06, 1.0584e-05
It: 33800, Time: 4.11, mse_0: 6.1711e-05, mse_f: 4.5041e-04, total loss: 5.2458e-04, Error u,v: 8.9507e-06, 1.0672e-05
It: 33900, Time: 4.13, mse_0: 6.1422e-05, mse_f: 4.4892e-04, total loss: 5.2289e-04, Error u,v: 8.9111e-06, 1.0691e-05
It: 34000, Time: 4.84, mse_0: 6.0741e-05, mse_f: 4.4760e-04, total loss: 5.2091e-04, Error u,v: 8.8780e-06, 1.0629e-05
It: 34100, Time: 4.92, mse_0: 6.0987e-05, mse_f: 4.4618e-04, total loss: 5.1974e-04, Error u,v: 8.8480e-06, 1.0630e-05
It: 34200, Time: 4.71, mse_0: 6.0997e-05, mse_f: 4.4474e-04, total loss: 5.1823e-04, Error u,v: 8.7794e-06, 1.0617e-05
It: 34300, Time: 4.33, mse_0: 6.0711e-05, mse_f: 4.4368e-04, total loss: 5.1687e-04, Error u,v: 8.7404e-06, 1.0554e-05
It: 34400, Time: 4.45, mse_0: 6.0495e-05, mse_f: 4.4264e-04, total loss: 5.1566e-04, Error u,v: 8.7124e-06, 1.0530e-05
It: 34500, Time: 4.71, mse_0: 6.0251e-05, mse_f: 4.4114e-04, total loss: 5.1413e-04, Error u,v: 8.6930e-06, 1.0505e-05
It: 34600, Time: 4.85, mse_0: 6.0134e-05, mse_f: 4.4004e-04, total loss: 5.1295e-04, Error u,v: 8.6518e-06, 1.0506e-05
It: 34700, Time: 4.83, mse_0: 6.0380e-05, mse_f: 4.3933e-04, total loss: 5.1247e-04, Error u,v: 8.6536e-06, 1.0478e-05
It: 34800, Time: 4.98, mse_0: 6.0134e-05, mse_f: 4.3839e-04, total loss: 5.1135e-04, Error u,v: 8.6314e-06, 1.0458e-05
It: 34900, Time: 4.33, mse_0: 5.9669e-05, mse_f: 4.3730e-04, total loss: 5.0992e-04, Error u,v: 8.5762e-06, 1.0443e-05
It: 35000, Time: 4.54, mse_0: 5.9648e-05, mse_f: 4.3649e-04, total loss: 5.0909e-04, Error u,v: 8.5592e-06, 1.0439e-05
It: 35100, Time: 4.57, mse_0: 5.9628e-05, mse_f: 4.3583e-04, total loss: 5.0836e-04, Error u,v: 8.5464e-06, 1.0404e-05
It: 35200, Time: 4.39, mse_0: 5.9357e-05, mse_f: 4.3486e-04, total loss: 5.0721e-04, Error u,v: 8.5193e-06, 1.0353e-05
It: 35300, Time: 4.95, mse_0: 5.9116e-05, mse_f: 4.3399e-04, total loss: 5.0610e-04, Error u,v: 8.5061e-06, 1.0335e-05
It: 35400, Time: 5.54, mse_0: 5.8913e-05, mse_f: 4.3344e-04, total loss: 5.0537e-04, Error u,v: 8.4738e-06, 1.0323e-05
It: 35500, Time: 4.98, mse_0: 5.8863e-05, mse_f: 4.3247e-04, total loss: 5.0431e-04, Error u,v: 8.4337e-06, 1.0336e-05
It: 35600, Time: 4.66, mse_0: 5.8939e-05, mse_f: 4.3136e-04, total loss: 5.0342e-04, Error u,v: 8.4131e-06, 1.0349e-05
It: 35700, Time: 4.60, mse_0: 5.8997e-05, mse_f: 4.3080e-04, total loss: 5.0294e-04, Error u,v: 8.4212e-06, 1.0336e-05
It: 35800, Time: 4.52, mse_0: 5.9248e-05, mse_f: 4.2914e-04, total loss: 5.0159e-04, Error u,v: 8.4263e-06, 1.0263e-05
It: 35900, Time: 4.55, mse_0: 5.9157e-05, mse_f: 4.2760e-04, total loss: 5.0003e-04, Error u,v: 8.4249e-06, 1.0209e-05
It: 36000, Time: 5.12, mse_0: 5.9263e-05, mse_f: 4.2611e-04, total loss: 4.9861e-04, Error u,v: 8.3930e-06, 1.0189e-05
It: 36100, Time: 5.04, mse_0: 5.9248e-05, mse_f: 4.2524e-04, total loss: 4.9783e-04, Error u,v: 8.3349e-06, 1.0183e-05
It: 36200, Time: 4.95, mse_0: 5.9487e-05, mse_f: 4.2371e-04, total loss: 4.9638e-04, Error u,v: 8.2775e-06, 1.0155e-05
It: 36300, Time: 5.16, mse_0: 5.9259e-05, mse_f: 4.2217e-04, total loss: 4.9455e-04, Error u,v: 8.2498e-06, 1.0167e-05
It: 36400, Time: 4.70, mse_0: 5.9065e-05, mse_f: 4.2124e-04, total loss: 4.9332e-04, Error u,v: 8.2646e-06, 1.0153e-05
It: 36500, Time: 4.48, mse_0: 5.8733e-05, mse_f: 4.2019e-04, total loss: 4.9173e-04, Error u,v: 8.2523e-06, 1.0140e-05
It: 36600, Time: 5.53, mse_0: 5.8126e-05, mse_f: 4.1883e-04, total loss: 4.9000e-04, Error u,v: 8.2132e-06, 1.0102e-05
It: 36700, Time: 5.38, mse_0: 5.7924e-05, mse_f: 4.1754e-04, total loss: 4.8839e-04, Error u,v: 8.1840e-06, 1.0044e-05
It: 36800, Time: 4.23, mse_0: 5.7263e-05, mse_f: 4.1586e-04, total loss: 4.8613e-04, Error u,v: 8.1074e-06, 9.9696e-06
It: 36900, Time: 4.37, mse_0: 5.6873e-05, mse_f: 4.1419e-04, total loss: 4.8402e-04, Error u,v: 8.0389e-06, 9.8928e-06
It: 37000, Time: 5.14, mse_0: 5.6407e-05, mse_f: 4.1340e-04, total loss: 4.8267e-04, Error u,v: 8.0209e-06, 9.8597e-06
It: 37100, Time: 5.19, mse_0: 5.6332e-05, mse_f: 4.1280e-04, total loss: 4.8200e-04, Error u,v: 7.9990e-06, 9.8267e-06
It: 37200, Time: 5.50, mse_0: 5.6558e-05, mse_f: 4.1141e-04, total loss: 4.8085e-04, Error u,v: 7.9747e-06, 9.8199e-06
It: 37300, Time: 5.32, mse_0: 5.6467e-05, mse_f: 4.1073e-04, total loss: 4.8005e-04, Error u,v: 7.9633e-06, 9.8242e-06
It: 37400, Time: 4.94, mse_0: 5.6536e-05, mse_f: 4.0991e-04, total loss: 4.7929e-04, Error u,v: 7.9414e-06, 9.8254e-06
It: 37500, Time: 4.90, mse_0: 5.6468e-05, mse_f: 4.0885e-04, total loss: 4.7831e-04, Error u,v: 7.9068e-06, 9.8441e-06
It: 37600, Time: 4.46, mse_0: 5.6694e-05, mse_f: 4.0760e-04, total loss: 4.7722e-04, Error u,v: 7.8919e-06, 9.8458e-06
It: 37700, Time: 4.36, mse_0: 5.6685e-05, mse_f: 4.0687e-04, total loss: 4.7652e-04, Error u,v: 7.8420e-06, 9.8351e-06
It: 37800, Time: 5.52, mse_0: 5.6375e-05, mse_f: 4.0609e-04, total loss: 4.7548e-04, Error u,v: 7.8289e-06, 9.8235e-06
It: 37900, Time: 6.11, mse_0: 5.6406e-05, mse_f: 4.0550e-04, total loss: 4.7490e-04, Error u,v: 7.8307e-06, 9.8343e-06
It: 38000, Time: 5.14, mse_0: 5.6246e-05, mse_f: 4.0463e-04, total loss: 4.7399e-04, Error u,v: 7.8175e-06, 9.8553e-06
It: 38100, Time: 4.69, mse_0: 5.6277e-05, mse_f: 4.0415e-04, total loss: 4.7340e-04, Error u,v: 7.7993e-06, 9.8592e-06
It: 38200, Time: 4.88, mse_0: 5.6321e-05, mse_f: 4.0326e-04, total loss: 4.7256e-04, Error u,v: 7.7880e-06, 9.8762e-06
It: 38300, Time: 4.88, mse_0: 5.6047e-05, mse_f: 4.0234e-04, total loss: 4.7132e-04, Error u,v: 7.7851e-06, 9.8860e-06
It: 38400, Time: 5.13, mse_0: 5.6152e-05, mse_f: 4.0150e-04, total loss: 4.7061e-04, Error u,v: 7.7973e-06, 9.8781e-06
It: 38500, Time: 5.31, mse_0: 5.5982e-05, mse_f: 4.0082e-04, total loss: 4.6986e-04, Error u,v: 7.7841e-06, 9.8559e-06
It: 38600, Time: 5.32, mse_0: 5.5790e-05, mse_f: 4.0001e-04, total loss: 4.6879e-04, Error u,v: 7.7926e-06, 9.8297e-06
It: 38700, Time: 5.04, mse_0: 5.6123e-05, mse_f: 3.9929e-04, total loss: 4.6833e-04, Error u,v: 7.8155e-06, 9.8409e-06
It: 38800, Time: 4.85, mse_0: 5.6233e-05, mse_f: 3.9847e-04, total loss: 4.6764e-04, Error u,v: 7.8133e-06, 9.8275e-06
It: 38900, Time: 4.39, mse_0: 5.5969e-05, mse_f: 3.9743e-04, total loss: 4.6632e-04, Error u,v: 7.8414e-06, 9.8162e-06
It: 39000, Time: 4.59, mse_0: 5.5842e-05, mse_f: 3.9694e-04, total loss: 4.6570e-04, Error u,v: 7.8585e-06, 9.8046e-06
It: 39100, Time: 5.96, mse_0: 5.6024e-05, mse_f: 3.9621e-04, total loss: 4.6521e-04, Error u,v: 7.8658e-06, 9.8128e-06
It: 39200, Time: 5.81, mse_0: 5.5572e-05, mse_f: 3.9572e-04, total loss: 4.6434e-04, Error u,v: 7.8717e-06, 9.8036e-06
It: 39300, Time: 5.26, mse_0: 5.5526e-05, mse_f: 3.9480e-04, total loss: 4.6345e-04, Error u,v: 7.8797e-06, 9.7666e-06
It: 39400, Time: 5.34, mse_0: 5.5059e-05, mse_f: 3.9408e-04, total loss: 4.6226e-04, Error u,v: 7.8972e-06, 9.7113e-06
It: 39500, Time: 4.82, mse_0: 5.5148e-05, mse_f: 3.9351e-04, total loss: 4.6176e-04, Error u,v: 7.9050e-06, 9.6999e-06
It: 39600, Time: 5.08, mse_0: 5.5005e-05, mse_f: 3.9325e-04, total loss: 4.6135e-04, Error u,v: 7.9010e-06, 9.7015e-06
It: 39700, Time: 4.92, mse_0: 5.4997e-05, mse_f: 3.9298e-04, total loss: 4.6101e-04, Error u,v: 7.9012e-06, 9.7095e-06
It: 39800, Time: 4.82, mse_0: 5.4941e-05, mse_f: 3.9256e-04, total loss: 4.6045e-04, Error u,v: 7.9013e-06, 9.7059e-06
It: 39900, Time: 4.81, mse_0: 5.4759e-05, mse_f: 3.9210e-04, total loss: 4.5978e-04, Error u,v: 7.9166e-06, 9.7037e-06
It: 40000, Time: 5.04, mse_0: 5.4564e-05, mse_f: 3.9162e-04, total loss: 4.5903e-04, Error u,v: 7.8812e-06, 9.7037e-06
It: 40100, Time: 4.45, mse_0: 5.4243e-05, mse_f: 3.9072e-04, total loss: 4.5782e-04, Error u,v: 7.9022e-06, 9.6802e-06
It: 40200, Time: 4.86, mse_0: 5.4032e-05, mse_f: 3.9036e-04, total loss: 4.5728e-04, Error u,v: 7.8988e-06, 9.6751e-06
It: 40300, Time: 4.98, mse_0: 5.3714e-05, mse_f: 3.8977e-04, total loss: 4.5632e-04, Error u,v: 7.9164e-06, 9.6555e-06
It: 40400, Time: 4.94, mse_0: 5.3711e-05, mse_f: 3.8912e-04, total loss: 4.5570e-04, Error u,v: 7.9037e-06, 9.6475e-06
It: 40500, Time: 4.61, mse_0: 5.3331e-05, mse_f: 3.8818e-04, total loss: 4.5454e-04, Error u,v: 7.8856e-06, 9.6290e-06
It: 40600, Time: 4.23, mse_0: 5.3059e-05, mse_f: 3.8765e-04, total loss: 4.5360e-04, Error u,v: 7.8925e-06, 9.6149e-06
It: 40700, Time: 4.68, mse_0: 5.2939e-05, mse_f: 3.8659e-04, total loss: 4.5243e-04, Error u,v: 7.8781e-06, 9.6039e-06
It: 40800, Time: 4.81, mse_0: 5.2539e-05, mse_f: 3.8606e-04, total loss: 4.5161e-04, Error u,v: 7.8668e-06, 9.6024e-06
It: 40900, Time: 4.71, mse_0: 5.2247e-05, mse_f: 3.8526e-04, total loss: 4.5051e-04, Error u,v: 7.8292e-06, 9.6131e-06
It: 41000, Time: 5.01, mse_0: 5.2162e-05, mse_f: 3.8499e-04, total loss: 4.5021e-04, Error u,v: 7.8313e-06, 9.5946e-06
It: 41100, Time: 4.92, mse_0: 5.1973e-05, mse_f: 3.8466e-04, total loss: 4.4970e-04, Error u,v: 7.8332e-06, 9.5837e-06
It: 41200, Time: 4.64, mse_0: 5.1861e-05, mse_f: 3.8414e-04, total loss: 4.4908e-04, Error u,v: 7.8586e-06, 9.5684e-06
It: 41300, Time: 4.82, mse_0: 5.1902e-05, mse_f: 3.8332e-04, total loss: 4.4831e-04, Error u,v: 7.8477e-06, 9.5707e-06
It: 41400, Time: 5.05, mse_0: 5.1775e-05, mse_f: 3.8272e-04, total loss: 4.4763e-04, Error u,v: 7.8458e-06, 9.5487e-06
It: 41500, Time: 4.65, mse_0: 5.1520e-05, mse_f: 3.8196e-04, total loss: 4.4668e-04, Error u,v: 7.8514e-06, 9.5507e-06
It: 41600, Time: 4.80, mse_0: 5.1798e-05, mse_f: 3.8131e-04, total loss: 4.4619e-04, Error u,v: 7.8737e-06, 9.5346e-06
It: 41700, Time: 4.54, mse_0: 5.1525e-05, mse_f: 3.8083e-04, total loss: 4.4546e-04, Error u,v: 7.8742e-06, 9.5338e-06
It: 41800, Time: 4.83, mse_0: 5.1387e-05, mse_f: 3.8019e-04, total loss: 4.4463e-04, Error u,v: 7.8605e-06, 9.5288e-06
It: 41900, Time: 4.91, mse_0: 5.1411e-05, mse_f: 3.7987e-04, total loss: 4.4435e-04, Error u,v: 7.8469e-06, 9.5161e-06
It: 42000, Time: 4.66, mse_0: 5.1327e-05, mse_f: 3.7936e-04, total loss: 4.4373e-04, Error u,v: 7.8420e-06, 9.4902e-06
It: 42100, Time: 4.73, mse_0: 5.1219e-05, mse_f: 3.7893e-04, total loss: 4.4324e-04, Error u,v: 7.8510e-06, 9.4772e-06
It: 42200, Time: 5.11, mse_0: 5.1014e-05, mse_f: 3.7848e-04, total loss: 4.4249e-04, Error u,v: 7.8372e-06, 9.4606e-06
It: 42300, Time: 5.06, mse_0: 5.1043e-05, mse_f: 3.7804e-04, total loss: 4.4213e-04, Error u,v: 7.8172e-06, 9.4417e-06
It: 42400, Time: 4.70, mse_0: 5.0791e-05, mse_f: 3.7747e-04, total loss: 4.4134e-04, Error u,v: 7.7880e-06, 9.4464e-06
It: 42500, Time: 4.85, mse_0: 5.0749e-05, mse_f: 3.7702e-04, total loss: 4.4079e-04, Error u,v: 7.7721e-06, 9.4316e-06
It: 42600, Time: 5.01, mse_0: 5.0537e-05, mse_f: 3.7649e-04, total loss: 4.4015e-04, Error u,v: 7.7590e-06, 9.4498e-06
It: 42700, Time: 5.29, mse_0: 5.0177e-05, mse_f: 3.7597e-04, total loss: 4.3926e-04, Error u,v: 7.7430e-06, 9.4034e-06
It: 42800, Time: 5.63, mse_0: 5.0153e-05, mse_f: 3.7552e-04, total loss: 4.3887e-04, Error u,v: 7.7424e-06, 9.4020e-06
It: 42900, Time: 5.11, mse_0: 5.0072e-05, mse_f: 3.7524e-04, total loss: 4.3852e-04, Error u,v: 7.7272e-06, 9.4064e-06
It: 43000, Time: 4.13, mse_0: 4.9863e-05, mse_f: 3.7482e-04, total loss: 4.3788e-04, Error u,v: 7.7146e-06, 9.3997e-06
It: 43100, Time: 4.20, mse_0: 4.9687e-05, mse_f: 3.7421e-04, total loss: 4.3715e-04, Error u,v: 7.6789e-06, 9.4024e-06
It: 43200, Time: 4.75, mse_0: 4.9307e-05, mse_f: 3.7335e-04, total loss: 4.3588e-04, Error u,v: 7.6726e-06, 9.4129e-06
It: 43300, Time: 4.83, mse_0: 4.9006e-05, mse_f: 3.7227e-04, total loss: 4.3471e-04, Error u,v: 7.6687e-06, 9.4122e-06
It: 43400, Time: 4.51, mse_0: 4.8832e-05, mse_f: 3.7141e-04, total loss: 4.3356e-04, Error u,v: 7.6545e-06, 9.3638e-06
It: 43500, Time: 4.22, mse_0: 4.8480e-05, mse_f: 3.7081e-04, total loss: 4.3263e-04, Error u,v: 7.6547e-06, 9.3727e-06
It: 43600, Time: 4.17, mse_0: 4.8657e-05, mse_f: 3.7030e-04, total loss: 4.3235e-04, Error u,v: 7.6724e-06, 9.3577e-06
It: 43700, Time: 4.67, mse_0: 4.8279e-05, mse_f: 3.6993e-04, total loss: 4.3157e-04, Error u,v: 7.6650e-06, 9.3355e-06
It: 43800, Time: 4.67, mse_0: 4.8371e-05, mse_f: 3.6962e-04, total loss: 4.3140e-04, Error u,v: 7.6794e-06, 9.3570e-06
It: 43900, Time: 4.89, mse_0: 4.8326e-05, mse_f: 3.6927e-04, total loss: 4.3096e-04, Error u,v: 7.6794e-06, 9.3671e-06
It: 44000, Time: 4.79, mse_0: 4.8231e-05, mse_f: 3.6913e-04, total loss: 4.3075e-04, Error u,v: 7.6735e-06, 9.3671e-06
It: 44100, Time: 4.54, mse_0: 4.8036e-05, mse_f: 3.6870e-04, total loss: 4.3005e-04, Error u,v: 7.6574e-06, 9.3565e-06
It: 44200, Time: 4.28, mse_0: 4.8156e-05, mse_f: 3.6818e-04, total loss: 4.2959e-04, Error u,v: 7.6556e-06, 9.3431e-06
It: 44300, Time: 4.12, mse_0: 4.8017e-05, mse_f: 3.6777e-04, total loss: 4.2913e-04, Error u,v: 7.6583e-06, 9.3451e-06
It: 44400, Time: 3.98, mse_0: 4.7800e-05, mse_f: 3.6720e-04, total loss: 4.2843e-04, Error u,v: 7.6515e-06, 9.3347e-06
It: 44500, Time: 4.59, mse_0: 4.7823e-05, mse_f: 3.6691e-04, total loss: 4.2809e-04, Error u,v: 7.6509e-06, 9.3368e-06
It: 44600, Time: 4.99, mse_0: 4.8064e-05, mse_f: 3.6631e-04, total loss: 4.2770e-04, Error u,v: 7.6586e-06, 9.3514e-06
It: 44700, Time: 4.95, mse_0: 4.7775e-05, mse_f: 3.6571e-04, total loss: 4.2675e-04, Error u,v: 7.6619e-06, 9.3376e-06
It: 44800, Time: 4.41, mse_0: 4.7870e-05, mse_f: 3.6542e-04, total loss: 4.2650e-04, Error u,v: 7.6649e-06, 9.3228e-06
It: 44900, Time: 4.67, mse_0: 4.7756e-05, mse_f: 3.6530e-04, total loss: 4.2620e-04, Error u,v: 7.6628e-06, 9.3039e-06
It: 45000, Time: 4.72, mse_0: 4.7552e-05, mse_f: 3.6478e-04, total loss: 4.2550e-04, Error u,v: 7.6608e-06, 9.2935e-06
It: 45100, Time: 4.35, mse_0: 4.7370e-05, mse_f: 3.6431e-04, total loss: 4.2494e-04, Error u,v: 7.6474e-06, 9.2582e-06
It: 45200, Time: 4.70, mse_0: 4.7280e-05, mse_f: 3.6373e-04, total loss: 4.2435e-04, Error u,v: 7.6512e-06, 9.2373e-06
It: 45300, Time: 5.04, mse_0: 4.7216e-05, mse_f: 3.6282e-04, total loss: 4.2333e-04, Error u,v: 7.6635e-06, 9.1999e-06
It: 45400, Time: 5.06, mse_0: 4.6893e-05, mse_f: 3.6231e-04, total loss: 4.2271e-04, Error u,v: 7.6771e-06, 9.1980e-06
It: 45500, Time: 4.85, mse_0: 4.7455e-05, mse_f: 3.6179e-04, total loss: 4.2280e-04, Error u,v: 7.6979e-06, 9.1794e-06
It: 45600, Time: 4.61, mse_0: 4.6931e-05, mse_f: 3.6080e-04, total loss: 4.2104e-04, Error u,v: 7.7476e-06, 9.1612e-06
It: 45700, Time: 4.53, mse_0: 4.6604e-05, mse_f: 3.5995e-04, total loss: 4.1978e-04, Error u,v: 7.7336e-06, 9.1669e-06
It: 45800, Time: 4.72, mse_0: 4.6659e-05, mse_f: 3.5930e-04, total loss: 4.1918e-04, Error u,v: 7.7213e-06, 9.1412e-06
It: 45900, Time: 5.29, mse_0: 4.6273e-05, mse_f: 3.5881e-04, total loss: 4.1837e-04, Error u,v: 7.7082e-06, 9.1198e-06
It: 46000, Time: 5.12, mse_0: 4.6108e-05, mse_f: 3.5824e-04, total loss: 4.1762e-04, Error u,v: 7.6939e-06, 9.1091e-06
It: 46100, Time: 4.28, mse_0: 4.5881e-05, mse_f: 3.5754e-04, total loss: 4.1670e-04, Error u,v: 7.6784e-06, 9.1352e-06
It: 46200, Time: 4.31, mse_0: 4.5743e-05, mse_f: 3.5711e-04, total loss: 4.1609e-04, Error u,v: 7.6918e-06, 9.1236e-06
It: 46300, Time: 4.77, mse_0: 4.5711e-05, mse_f: 3.5691e-04, total loss: 4.1586e-04, Error u,v: 7.6888e-06, 9.1240e-06
It: 46400, Time: 4.88, mse_0: 4.5585e-05, mse_f: 3.5641e-04, total loss: 4.1526e-04, Error u,v: 7.6782e-06, 9.0861e-06
It: 46500, Time: 5.31, mse_0: 4.5219e-05, mse_f: 3.5589e-04, total loss: 4.1450e-04, Error u,v: 7.6533e-06, 9.0886e-06
It: 46600, Time: 5.41, mse_0: 4.4916e-05, mse_f: 3.5521e-04, total loss: 4.1346e-04, Error u,v: 7.6207e-06, 9.1068e-06
It: 46700, Time: 5.21, mse_0: 4.4795e-05, mse_f: 3.5428e-04, total loss: 4.1240e-04, Error u,v: 7.5903e-06, 9.1169e-06
It: 46800, Time: 4.60, mse_0: 4.4690e-05, mse_f: 3.5378e-04, total loss: 4.1178e-04, Error u,v: 7.5795e-06, 9.0867e-06
It: 46900, Time: 4.50, mse_0: 4.4506e-05, mse_f: 3.5340e-04, total loss: 4.1105e-04, Error u,v: 7.5710e-06, 9.0399e-06
It: 47000, Time: 4.37, mse_0: 4.4190e-05, mse_f: 3.5282e-04, total loss: 4.1014e-04, Error u,v: 7.5467e-06, 9.0090e-06
It: 47100, Time: 5.13, mse_0: 4.4092e-05, mse_f: 3.5204e-04, total loss: 4.0928e-04, Error u,v: 7.5326e-06, 8.9813e-06
It: 47200, Time: 5.92, mse_0: 4.3872e-05, mse_f: 3.5159e-04, total loss: 4.0853e-04, Error u,v: 7.5233e-06, 8.9657e-06
It: 47300, Time: 5.14, mse_0: 4.3925e-05, mse_f: 3.5089e-04, total loss: 4.0786e-04, Error u,v: 7.5047e-06, 8.9769e-06
It: 47400, Time: 4.75, mse_0: 4.3947e-05, mse_f: 3.5023e-04, total loss: 4.0721e-04, Error u,v: 7.4980e-06, 8.9761e-06
It: 47500, Time: 4.84, mse_0: 4.3780e-05, mse_f: 3.4984e-04, total loss: 4.0665e-04, Error u,v: 7.4817e-06, 8.9634e-06
It: 47600, Time: 4.94, mse_0: 4.3687e-05, mse_f: 3.4872e-04, total loss: 4.0543e-04, Error u,v: 7.4359e-06, 8.9897e-06
It: 47700, Time: 5.18, mse_0: 4.3113e-05, mse_f: 3.4771e-04, total loss: 4.0399e-04, Error u,v: 7.3965e-06, 9.0362e-06
It: 47800, Time: 5.38, mse_0: 4.2830e-05, mse_f: 3.4660e-04, total loss: 4.0250e-04, Error u,v: 7.3238e-06, 9.0469e-06
It: 47900, Time: 5.32, mse_0: 4.2534e-05, mse_f: 3.4603e-04, total loss: 4.0164e-04, Error u,v: 7.2607e-06, 9.0566e-06
It: 48000, Time: 5.10, mse_0: 4.2484e-05, mse_f: 3.4536e-04, total loss: 4.0085e-04, Error u,v: 7.2474e-06, 9.0677e-06
It: 48100, Time: 5.20, mse_0: 4.2038e-05, mse_f: 3.4464e-04, total loss: 3.9973e-04, Error u,v: 7.2090e-06, 9.0693e-06
It: 48200, Time: 4.91, mse_0: 4.2066e-05, mse_f: 3.4387e-04, total loss: 3.9900e-04, Error u,v: 7.1927e-06, 9.0468e-06
It: 48300, Time: 4.73, mse_0: 4.1669e-05, mse_f: 3.4316e-04, total loss: 3.9796e-04, Error u,v: 7.1430e-06, 9.0342e-06
It: 48400, Time: 5.76, mse_0: 4.1301e-05, mse_f: 3.4210e-04, total loss: 3.9643e-04, Error u,v: 7.1020e-06, 8.9887e-06
It: 48500, Time: 5.40, mse_0: 4.1074e-05, mse_f: 3.4111e-04, total loss: 3.9525e-04, Error u,v: 7.0500e-06, 8.9857e-06
It: 48600, Time: 4.71, mse_0: 4.1111e-05, mse_f: 3.3994e-04, total loss: 3.9405e-04, Error u,v: 7.0337e-06, 9.0403e-06
It: 48700, Time: 4.77, mse_0: 4.1227e-05, mse_f: 3.3944e-04, total loss: 3.9365e-04, Error u,v: 7.0041e-06, 9.0049e-06
It: 48800, Time: 5.45, mse_0: 4.0920e-05, mse_f: 3.3903e-04, total loss: 3.9303e-04, Error u,v: 6.9695e-06, 8.9921e-06
It: 48900, Time: 5.48, mse_0: 4.0706e-05, mse_f: 3.3855e-04, total loss: 3.9222e-04, Error u,v: 6.9293e-06, 8.9707e-06
It: 49000, Time: 5.38, mse_0: 4.0481e-05, mse_f: 3.3778e-04, total loss: 3.9128e-04, Error u,v: 6.8809e-06, 8.9203e-06
It: 49100, Time: 5.44, mse_0: 3.9515e-05, mse_f: 3.3700e-04, total loss: 3.8947e-04, Error u,v: 6.8294e-06, 8.8779e-06
It: 49200, Time: 5.66, mse_0: 3.9193e-05, mse_f: 3.3651e-04, total loss: 3.8862e-04, Error u,v: 6.8119e-06, 8.8352e-06
It: 49300, Time: 5.41, mse_0: 3.8710e-05, mse_f: 3.3527e-04, total loss: 3.8712e-04, Error u,v: 6.8032e-06, 8.7907e-06
It: 49400, Time: 5.09, mse_0: 3.8553e-05, mse_f: 3.3418e-04, total loss: 3.8594e-04, Error u,v: 6.7896e-06, 8.7623e-06
It: 49500, Time: 5.03, mse_0: 3.8527e-05, mse_f: 3.3334e-04, total loss: 3.8496e-04, Error u,v: 6.7742e-06, 8.7003e-06
It: 49600, Time: 4.59, mse_0: 3.8209e-05, mse_f: 3.3295e-04, total loss: 3.8425e-04, Error u,v: 6.7568e-06, 8.6659e-06
It: 49700, Time: 5.12, mse_0: 3.8404e-05, mse_f: 3.3235e-04, total loss: 3.8375e-04, Error u,v: 6.7518e-06, 8.6279e-06
It: 49800, Time: 4.60, mse_0: 3.8137e-05, mse_f: 3.3189e-04, total loss: 3.8294e-04, Error u,v: 6.7417e-06, 8.6147e-06
It: 49900, Time: 5.77, mse_0: 3.8075e-05, mse_f: 3.3152e-04, total loss: 3.8257e-04, Error u,v: 6.7529e-06, 8.6153e-06
It: 50000, Time: 5.28, mse_0: 3.8087e-05, mse_f: 3.3094e-04, total loss: 3.8184e-04, Error u,v: 6.7675e-06, 8.5970e-06
Error u: 6.767507e-06
Error v: 8.596991e-06
Error u: 6.767507e-06
Error v: 8.596991e-06
