Data_flie is Exists
figures is Exists
t.shape =  (101, 1)
Exact.shape=  (101, 103)
x.shape[0]=  103
NeuralNet(
  (network): Sequential(
    (0): Linear(in_features=2, out_features=48, bias=True)
    (1): Tanh()
    (2): Linear(in_features=48, out_features=48, bias=True)
    (3): Tanh()
    (4): Linear(in_features=48, out_features=48, bias=True)
    (5): Tanh()
    (6): Linear(in_features=48, out_features=48, bias=True)
    (7): Tanh()
    (8): Linear(in_features=48, out_features=2, bias=True)
  )
)
starting Adam training
It: 100, Time: 4.17, mse_0: 1.5907e+04, mse_f: 1.3686e+04, total loss: 3.1621e+04, Error u,v: 1.0574e-01, 3.0441e-01
It: 200, Time: 3.48, mse_0: 1.8456e+03, mse_f: 2.9317e+03, total loss: 5.0712e+03, Error u,v: 6.4270e-02, 8.2460e-02
It: 300, Time: 3.49, mse_0: 5.7097e+02, mse_f: 8.7103e+02, total loss: 1.5597e+03, Error u,v: 2.4783e-02, 4.1099e-02
It: 400, Time: 3.37, mse_0: 1.7329e+02, mse_f: 3.5643e+02, total loss: 5.6301e+02, Error u,v: 1.6694e-02, 2.7502e-02
It: 500, Time: 3.13, mse_0: 8.0243e+01, mse_f: 1.4900e+02, total loss: 2.5628e+02, Error u,v: 9.8882e-03, 1.2819e-02
It: 600, Time: 3.19, mse_0: 3.4019e+01, mse_f: 6.8470e+01, total loss: 1.1787e+02, Error u,v: 7.6791e-03, 6.6220e-03
It: 700, Time: 3.49, mse_0: 1.6223e+01, mse_f: 2.5162e+01, total loss: 4.8871e+01, Error u,v: 4.0233e-03, 5.7510e-03
It: 800, Time: 3.55, mse_0: 8.8374e+00, mse_f: 1.9496e+01, total loss: 3.4771e+01, Error u,v: 3.9716e-03, 4.5961e-03
It: 900, Time: 3.47, mse_0: 5.8681e+00, mse_f: 1.4098e+01, total loss: 2.4268e+01, Error u,v: 2.5623e-03, 3.8957e-03
It: 1000, Time: 3.27, mse_0: 4.3503e+00, mse_f: 1.0755e+01, total loss: 1.8682e+01, Error u,v: 2.2803e-03, 3.5076e-03
It: 1100, Time: 3.13, mse_0: 3.4968e+00, mse_f: 8.7205e+00, total loss: 1.5572e+01, Error u,v: 2.0691e-03, 3.2432e-03
It: 1200, Time: 3.20, mse_0: 2.9301e+00, mse_f: 7.4031e+00, total loss: 1.3303e+01, Error u,v: 1.8302e-03, 3.0152e-03
It: 1300, Time: 2.99, mse_0: 2.4408e+00, mse_f: 6.4574e+00, total loss: 1.1608e+01, Error u,v: 1.6683e-03, 2.7829e-03
It: 1400, Time: 3.00, mse_0: 2.0676e+00, mse_f: 5.8124e+00, total loss: 1.0293e+01, Error u,v: 1.5417e-03, 2.5906e-03
It: 1500, Time: 3.82, mse_0: 1.7680e+00, mse_f: 5.2475e+00, total loss: 9.1955e+00, Error u,v: 1.4207e-03, 2.4208e-03
It: 1600, Time: 3.85, mse_0: 1.5004e+00, mse_f: 4.7873e+00, total loss: 8.2881e+00, Error u,v: 1.3087e-03, 2.2470e-03
It: 1700, Time: 3.08, mse_0: 1.2955e+00, mse_f: 4.4008e+00, total loss: 7.5318e+00, Error u,v: 1.2207e-03, 2.0873e-03
It: 1800, Time: 3.19, mse_0: 1.1320e+00, mse_f: 4.0672e+00, total loss: 6.8960e+00, Error u,v: 1.1380e-03, 1.9560e-03
It: 1900, Time: 3.09, mse_0: 1.0018e+00, mse_f: 3.7780e+00, total loss: 6.3579e+00, Error u,v: 1.0748e-03, 1.8372e-03
It: 2000, Time: 3.10, mse_0: 8.9782e-01, mse_f: 3.5234e+00, total loss: 5.8976e+00, Error u,v: 1.0188e-03, 1.7314e-03
It: 2100, Time: 3.17, mse_0: 7.9462e+00, mse_f: 1.4868e+01, total loss: 2.8508e+01, Error u,v: 1.0576e-03, 2.0592e-03
It: 2200, Time: 3.31, mse_0: 4.4979e+00, mse_f: 7.9302e+00, total loss: 1.5420e+01, Error u,v: 1.4644e-03, 3.6716e-03
It: 2300, Time: 3.35, mse_0: 1.2955e+00, mse_f: 3.7300e+00, total loss: 6.6069e+00, Error u,v: 2.4149e-03, 3.7681e-03
It: 2400, Time: 3.44, mse_0: 1.0404e+00, mse_f: 3.2210e+00, total loss: 5.5369e+00, Error u,v: 8.8273e-04, 1.5188e-03
It: 2500, Time: 3.08, mse_0: 7.0085e-01, mse_f: 2.8296e+00, total loss: 4.7396e+00, Error u,v: 9.5321e-04, 1.3994e-03
It: 2600, Time: 2.83, mse_0: 6.8817e-01, mse_f: 2.6193e+00, total loss: 4.4409e+00, Error u,v: 1.0650e-03, 1.5508e-03
It: 2700, Time: 3.03, mse_0: 6.3624e-01, mse_f: 2.4219e+00, total loss: 4.1002e+00, Error u,v: 9.4786e-04, 1.2899e-03
It: 2800, Time: 3.39, mse_0: 7.0500e+00, mse_f: 6.8646e+00, total loss: 1.8925e+01, Error u,v: 2.6541e-03, 2.4572e-03
It: 2900, Time: 3.52, mse_0: 1.2013e+00, mse_f: 2.8732e+00, total loss: 5.5141e+00, Error u,v: 2.8529e-03, 1.7625e-03
It: 3000, Time: 3.33, mse_0: 9.0444e-01, mse_f: 2.6596e+00, total loss: 5.1367e+00, Error u,v: 1.6448e-03, 2.0125e-03
It: 3100, Time: 3.40, mse_0: 1.7962e+00, mse_f: 4.0956e+00, total loss: 7.7244e+00, Error u,v: 1.9533e-03, 4.8105e-03
It: 3200, Time: 3.51, mse_0: 1.2846e+00, mse_f: 2.7943e+00, total loss: 5.4068e+00, Error u,v: 1.9666e-03, 1.9876e-03
It: 3300, Time: 3.42, mse_0: 1.5860e+00, mse_f: 3.6750e+00, total loss: 7.0250e+00, Error u,v: 1.2052e-03, 3.5906e-03
It: 3400, Time: 3.35, mse_0: 2.3017e+00, mse_f: 4.4850e+00, total loss: 8.6341e+00, Error u,v: 2.3449e-03, 4.5391e-03
It: 3500, Time: 3.39, mse_0: 1.8211e+00, mse_f: 3.0547e+00, total loss: 6.3531e+00, Error u,v: 3.1277e-03, 3.2961e-03
It: 3600, Time: 3.09, mse_0: 4.4470e+00, mse_f: 5.3634e+00, total loss: 1.0987e+01, Error u,v: 5.6670e-03, 2.6145e-03
It: 3700, Time: 2.93, mse_0: 5.6968e-01, mse_f: 2.0503e+00, total loss: 3.7740e+00, Error u,v: 1.1243e-03, 1.9976e-03
It: 3800, Time: 3.03, mse_0: 4.7786e-01, mse_f: 1.5857e+00, total loss: 2.9078e+00, Error u,v: 9.3837e-04, 2.3539e-03
It: 3900, Time: 3.10, mse_0: 8.9933e-01, mse_f: 1.9475e+00, total loss: 3.7976e+00, Error u,v: 2.4859e-03, 1.6668e-03
It: 4000, Time: 3.32, mse_0: 3.8637e+00, mse_f: 5.6949e+00, total loss: 1.2599e+01, Error u,v: 3.3352e-03, 5.1892e-03
It: 4100, Time: 3.46, mse_0: 1.6982e+00, mse_f: 2.3054e+00, total loss: 7.1745e+00, Error u,v: 1.6502e-03, 3.0332e-03
It: 4200, Time: 3.64, mse_0: 1.6505e+00, mse_f: 2.9316e+00, total loss: 5.4894e+00, Error u,v: 1.4183e-03, 3.4383e-03
It: 4300, Time: 3.30, mse_0: 1.0305e+00, mse_f: 1.8912e+00, total loss: 3.4655e+00, Error u,v: 1.7829e-03, 1.4639e-03
It: 4400, Time: 3.08, mse_0: 2.1500e+00, mse_f: 3.1099e+00, total loss: 6.3075e+00, Error u,v: 3.3816e-03, 2.6878e-03
It: 4500, Time: 3.02, mse_0: 1.9005e+00, mse_f: 2.4713e+00, total loss: 5.8876e+00, Error u,v: 1.7973e-03, 2.9714e-03
It: 4600, Time: 3.31, mse_0: 4.2016e-01, mse_f: 1.2072e+00, total loss: 1.9442e+00, Error u,v: 6.6875e-04, 6.8384e-04
It: 4700, Time: 3.58, mse_0: 1.8841e+00, mse_f: 2.6001e+00, total loss: 5.9384e+00, Error u,v: 3.1637e-03, 2.7998e-03
It: 4800, Time: 3.53, mse_0: 1.2400e+00, mse_f: 2.2396e+00, total loss: 3.9447e+00, Error u,v: 3.3456e-03, 2.4175e-03
It: 4900, Time: 3.59, mse_0: 1.6463e+00, mse_f: 2.4718e+00, total loss: 6.2515e+00, Error u,v: 2.1463e-03, 3.6652e-03
It: 5000, Time: 3.42, mse_0: 2.2405e+00, mse_f: 3.3062e+00, total loss: 6.0152e+00, Error u,v: 4.0371e-03, 1.3557e-03
It: 5100, Time: 3.13, mse_0: 3.4911e+00, mse_f: 5.3615e+00, total loss: 1.0119e+01, Error u,v: 3.9551e-03, 4.3333e-03
It: 5200, Time: 3.37, mse_0: 2.2774e+00, mse_f: 3.4976e+00, total loss: 6.5864e+00, Error u,v: 2.5145e-03, 3.5462e-03
It: 5300, Time: 3.86, mse_0: 1.0794e+00, mse_f: 1.3734e+00, total loss: 3.4896e+00, Error u,v: 2.1149e-03, 2.5818e-03
It: 5400, Time: 3.46, mse_0: 2.1165e+00, mse_f: 3.3290e+00, total loss: 6.4277e+00, Error u,v: 2.4583e-03, 3.8254e-03
It: 5500, Time: 3.53, mse_0: 2.1218e+00, mse_f: 2.9895e+00, total loss: 5.8070e+00, Error u,v: 3.4058e-03, 3.1548e-03
It: 5600, Time: 3.78, mse_0: 1.0402e+00, mse_f: 1.2582e+00, total loss: 3.2728e+00, Error u,v: 2.3363e-03, 9.9267e-04
It: 5700, Time: 3.17, mse_0: 1.0057e+00, mse_f: 1.2934e+00, total loss: 4.2233e+00, Error u,v: 1.7363e-03, 1.9574e-03
It: 5800, Time: 3.27, mse_0: 1.5736e+00, mse_f: 2.7622e+00, total loss: 5.8052e+00, Error u,v: 1.4513e-03, 3.9225e-03
It: 5900, Time: 3.50, mse_0: 1.8057e+00, mse_f: 2.7172e+00, total loss: 6.5960e+00, Error u,v: 2.8225e-03, 3.7876e-03
It: 6000, Time: 3.99, mse_0: 8.9626e-01, mse_f: 1.7850e+00, total loss: 5.0471e+00, Error u,v: 1.3291e-03, 3.4051e-03
It: 6100, Time: 3.46, mse_0: 2.3859e-01, mse_f: 8.9671e-01, total loss: 1.5846e+00, Error u,v: 5.3982e-04, 2.0722e-03
It: 6200, Time: 3.27, mse_0: 1.1284e+00, mse_f: 1.3590e+00, total loss: 3.2077e+00, Error u,v: 2.9829e-03, 8.7793e-04
It: 6300, Time: 3.14, mse_0: 1.7498e+00, mse_f: 2.9445e+00, total loss: 5.7510e+00, Error u,v: 2.0276e-03, 3.0441e-03
It: 6400, Time: 3.20, mse_0: 1.7687e+00, mse_f: 2.9859e+00, total loss: 5.8421e+00, Error u,v: 3.1299e-03, 3.2591e-03
It: 6500, Time: 3.76, mse_0: 3.1162e-01, mse_f: 8.9074e-01, total loss: 1.6017e+00, Error u,v: 1.4519e-03, 1.9959e-03
It: 6600, Time: 3.83, mse_0: 8.5231e-01, mse_f: 1.4347e+00, total loss: 4.0303e+00, Error u,v: 1.0239e-03, 2.6702e-03
It: 6700, Time: 3.16, mse_0: 5.3863e-01, mse_f: 9.9848e-01, total loss: 1.8029e+00, Error u,v: 1.3833e-03, 1.1379e-03
It: 6800, Time: 2.92, mse_0: 1.3981e+00, mse_f: 2.8025e+00, total loss: 5.5814e+00, Error u,v: 1.7341e-03, 2.9004e-03
It: 6900, Time: 3.33, mse_0: 9.3599e-01, mse_f: 1.8561e+00, total loss: 3.7212e+00, Error u,v: 1.5379e-03, 3.1493e-03
It: 7000, Time: 3.20, mse_0: 9.7492e-01, mse_f: 1.9443e+00, total loss: 3.5788e+00, Error u,v: 1.9854e-03, 2.0619e-03
It: 7100, Time: 3.37, mse_0: 8.6453e-01, mse_f: 1.2148e+00, total loss: 3.6486e+00, Error u,v: 1.4123e-03, 1.5539e-03
It: 7200, Time: 3.55, mse_0: 8.0434e-01, mse_f: 1.4990e+00, total loss: 4.5072e+00, Error u,v: 1.1548e-03, 2.8017e-03
It: 7300, Time: 3.60, mse_0: 1.2786e+00, mse_f: 1.9449e+00, total loss: 3.8828e+00, Error u,v: 3.2676e-03, 2.3785e-03
It: 7400, Time: 3.68, mse_0: 2.5792e+00, mse_f: 3.9337e+00, total loss: 7.6417e+00, Error u,v: 3.7260e-03, 2.9797e-03
It: 7500, Time: 3.73, mse_0: 7.4942e-01, mse_f: 9.9787e-01, total loss: 2.1805e+00, Error u,v: 2.9237e-03, 1.5270e-03
It: 7600, Time: 3.19, mse_0: 5.7923e-01, mse_f: 8.1381e-01, total loss: 2.9370e+00, Error u,v: 1.2573e-03, 2.4485e-03
It: 7700, Time: 3.39, mse_0: 1.1531e+00, mse_f: 1.3217e+00, total loss: 4.5143e+00, Error u,v: 9.7571e-04, 2.3082e-03
It: 7800, Time: 3.48, mse_0: 9.2488e-01, mse_f: 1.3853e+00, total loss: 3.2486e+00, Error u,v: 1.6178e-03, 2.5234e-03
It: 7900, Time: 3.48, mse_0: 6.2919e-01, mse_f: 1.2375e+00, total loss: 2.3951e+00, Error u,v: 1.0149e-03, 2.1357e-03
It: 8000, Time: 3.53, mse_0: 1.3990e+00, mse_f: 2.2177e+00, total loss: 6.1102e+00, Error u,v: 1.5089e-03, 3.4953e-03
It: 8100, Time: 3.87, mse_0: 1.4546e+00, mse_f: 2.2315e+00, total loss: 6.2047e+00, Error u,v: 1.6118e-03, 3.9513e-03
It: 8200, Time: 3.83, mse_0: 1.3342e+00, mse_f: 1.5005e+00, total loss: 4.3563e+00, Error u,v: 1.8516e-03, 2.7913e-03
It: 8300, Time: 3.54, mse_0: 2.4279e-01, mse_f: 5.4370e-01, total loss: 1.4393e+00, Error u,v: 8.1871e-04, 2.0992e-03
It: 8400, Time: 3.75, mse_0: 1.7518e+00, mse_f: 1.9003e+00, total loss: 5.7990e+00, Error u,v: 1.8429e-03, 3.2931e-03
It: 8500, Time: 3.50, mse_0: 7.9221e-01, mse_f: 7.5227e-01, total loss: 2.9500e+00, Error u,v: 1.6689e-03, 2.6513e-03
It: 8600, Time: 3.64, mse_0: 2.5571e-01, mse_f: 5.0093e-01, total loss: 1.3265e+00, Error u,v: 2.2686e-04, 4.0562e-04
It: 8700, Time: 3.40, mse_0: 1.6893e+00, mse_f: 1.7811e+00, total loss: 5.4834e+00, Error u,v: 2.3150e-03, 3.9133e-03
It: 8800, Time: 3.00, mse_0: 2.3715e-01, mse_f: 5.8194e-01, total loss: 1.5760e+00, Error u,v: 5.4935e-04, 8.1545e-04
It: 8900, Time: 3.23, mse_0: 1.3234e+00, mse_f: 1.2073e+00, total loss: 4.1219e+00, Error u,v: 1.6900e-03, 2.8997e-03
It: 9000, Time: 3.40, mse_0: 9.0364e-01, mse_f: 1.9144e+00, total loss: 3.9726e+00, Error u,v: 2.1415e-03, 2.4331e-03
It: 9100, Time: 3.39, mse_0: 7.8694e-01, mse_f: 7.1163e-01, total loss: 2.5680e+00, Error u,v: 1.4982e-03, 2.1520e-03
It: 9200, Time: 3.07, mse_0: 8.2857e-01, mse_f: 1.7362e+00, total loss: 4.5382e+00, Error u,v: 1.0704e-03, 2.4773e-03
It: 9300, Time: 3.34, mse_0: 6.1751e-01, mse_f: 8.3505e-01, total loss: 1.8648e+00, Error u,v: 1.6741e-03, 2.1722e-03
It: 9400, Time: 3.68, mse_0: 5.5775e-01, mse_f: 6.8267e-01, total loss: 2.9408e+00, Error u,v: 6.0303e-04, 1.9226e-03
It: 9500, Time: 3.58, mse_0: 7.7586e-01, mse_f: 1.3636e+00, total loss: 2.6959e+00, Error u,v: 1.6535e-03, 1.8631e-03
It: 9600, Time: 3.36, mse_0: 1.6828e+00, mse_f: 1.8402e+00, total loss: 4.8266e+00, Error u,v: 2.1591e-03, 3.5314e-03
It: 9700, Time: 3.62, mse_0: 5.4659e-01, mse_f: 1.0012e+00, total loss: 3.4077e+00, Error u,v: 6.2429e-04, 2.1131e-03
It: 9800, Time: 3.96, mse_0: 1.1873e-01, mse_f: 3.5202e-01, total loss: 5.4185e-01, Error u,v: 8.7178e-04, 9.7628e-04
It: 9900, Time: 3.66, mse_0: 7.5296e-01, mse_f: 1.2978e+00, total loss: 3.9234e+00, Error u,v: 1.1711e-03, 3.0462e-03
It: 10000, Time: 3.33, mse_0: 7.5099e-01, mse_f: 6.8785e-01, total loss: 2.8244e+00, Error u,v: 1.5420e-03, 1.6635e-03
It: 10100, Time: 3.50, mse_0: 5.2074e-01, mse_f: 8.9157e-01, total loss: 2.0425e+00, Error u,v: 1.1442e-03, 2.1605e-03
It: 10200, Time: 3.45, mse_0: 1.7640e+00, mse_f: 1.8253e+00, total loss: 6.0463e+00, Error u,v: 1.7646e-03, 3.7145e-03
It: 10300, Time: 3.64, mse_0: 6.7249e-01, mse_f: 1.0199e+00, total loss: 3.3032e+00, Error u,v: 1.0113e-03, 2.2033e-03
It: 10400, Time: 3.64, mse_0: 5.5407e-01, mse_f: 8.1774e-01, total loss: 1.4455e+00, Error u,v: 1.9415e-03, 5.6772e-04
It: 10500, Time: 3.38, mse_0: 7.1635e-01, mse_f: 1.5741e+00, total loss: 3.7503e+00, Error u,v: 7.8206e-04, 2.5317e-03
It: 10600, Time: 3.31, mse_0: 6.5059e-01, mse_f: 8.1416e-01, total loss: 1.6870e+00, Error u,v: 2.7296e-03, 6.7162e-04
It: 10700, Time: 3.55, mse_0: 1.7029e+00, mse_f: 2.9709e+00, total loss: 5.7550e+00, Error u,v: 2.6488e-03, 2.4887e-03
It: 10800, Time: 4.31, mse_0: 9.5106e-01, mse_f: 1.3809e+00, total loss: 3.0616e+00, Error u,v: 1.2019e-03, 2.5768e-03
It: 10900, Time: 3.94, mse_0: 5.4407e-01, mse_f: 1.1675e+00, total loss: 3.2820e+00, Error u,v: 1.1651e-03, 1.8437e-03
It: 11000, Time: 3.41, mse_0: 8.3632e-01, mse_f: 1.3682e+00, total loss: 2.4706e+00, Error u,v: 1.9847e-03, 2.1131e-03
It: 11100, Time: 3.43, mse_0: 5.7801e-01, mse_f: 5.3091e-01, total loss: 2.2870e+00, Error u,v: 1.0457e-03, 2.1826e-03
It: 11200, Time: 3.31, mse_0: 6.3694e-01, mse_f: 6.2101e-01, total loss: 2.9966e+00, Error u,v: 1.0060e-03, 1.5057e-03
It: 11300, Time: 3.29, mse_0: 7.7751e-01, mse_f: 1.3224e+00, total loss: 2.5873e+00, Error u,v: 1.3844e-03, 2.5803e-03
It: 11400, Time: 4.11, mse_0: 3.7459e-01, mse_f: 7.6328e-01, total loss: 2.5430e+00, Error u,v: 6.4002e-04, 1.9086e-03
It: 11500, Time: 3.99, mse_0: 4.5772e-01, mse_f: 7.2653e-01, total loss: 1.9151e+00, Error u,v: 1.9303e-03, 1.5763e-03
It: 11600, Time: 2.84, mse_0: 1.3991e+00, mse_f: 2.2463e+00, total loss: 4.2501e+00, Error u,v: 3.2874e-03, 2.1706e-03
It: 11700, Time: 2.81, mse_0: 1.0609e+00, mse_f: 1.6897e+00, total loss: 2.9153e+00, Error u,v: 2.7064e-03, 1.1547e-03
It: 11800, Time: 2.86, mse_0: 8.9090e-01, mse_f: 1.2348e+00, total loss: 2.7024e+00, Error u,v: 1.6778e-03, 2.1902e-03
It: 11900, Time: 2.87, mse_0: 9.0906e-01, mse_f: 9.6386e-01, total loss: 3.6480e+00, Error u,v: 1.4073e-03, 2.9577e-03
It: 12000, Time: 3.36, mse_0: 6.7384e-01, mse_f: 6.1320e-01, total loss: 2.6274e+00, Error u,v: 1.9601e-03, 1.4640e-03
It: 12100, Time: 3.50, mse_0: 1.6490e+00, mse_f: 2.4324e+00, total loss: 4.6824e+00, Error u,v: 3.1711e-03, 3.1266e-03
It: 12200, Time: 3.35, mse_0: 1.0578e+00, mse_f: 1.5191e+00, total loss: 2.6640e+00, Error u,v: 2.3938e-03, 9.5872e-04
It: 12300, Time: 3.48, mse_0: 4.8990e-01, mse_f: 5.8413e-01, total loss: 2.3206e+00, Error u,v: 5.4830e-04, 1.8315e-03
It: 12400, Time: 3.12, mse_0: 7.0206e-01, mse_f: 1.2541e+00, total loss: 3.0943e+00, Error u,v: 9.2733e-04, 2.2756e-03
It: 12500, Time: 2.89, mse_0: 6.1277e-01, mse_f: 1.2977e+00, total loss: 2.5543e+00, Error u,v: 1.5412e-03, 1.5972e-03
It: 12600, Time: 2.93, mse_0: 4.6780e-01, mse_f: 8.6741e-01, total loss: 1.7200e+00, Error u,v: 7.2952e-04, 1.7361e-03
It: 12700, Time: 2.87, mse_0: 1.0145e+00, mse_f: 1.9038e+00, total loss: 3.7937e+00, Error u,v: 2.8010e-03, 2.0482e-03
It: 12800, Time: 2.86, mse_0: 3.9247e-01, mse_f: 4.6911e-01, total loss: 1.3181e+00, Error u,v: 8.2913e-04, 1.7775e-03
It: 12900, Time: 4.02, mse_0: 5.1727e-01, mse_f: 8.6464e-01, total loss: 3.1930e+00, Error u,v: 5.4582e-04, 1.4829e-03
It: 13000, Time: 3.71, mse_0: 1.1089e+00, mse_f: 1.7891e+00, total loss: 3.4579e+00, Error u,v: 2.0929e-03, 1.9470e-03
It: 13100, Time: 3.15, mse_0: 7.5402e-01, mse_f: 9.2933e-01, total loss: 1.9010e+00, Error u,v: 3.0248e-03, 1.2195e-03
It: 13200, Time: 3.15, mse_0: 6.0264e-01, mse_f: 1.0490e+00, total loss: 2.2559e+00, Error u,v: 1.7688e-03, 2.2542e-03
It: 13300, Time: 3.16, mse_0: 8.4202e-01, mse_f: 1.2271e+00, total loss: 3.4264e+00, Error u,v: 1.3596e-03, 2.9273e-03
It: 13400, Time: 3.11, mse_0: 3.9477e-01, mse_f: 7.0158e-01, total loss: 2.6109e+00, Error u,v: 7.7049e-04, 1.7294e-03
It: 13500, Time: 3.30, mse_0: 7.6775e-01, mse_f: 1.0553e+00, total loss: 2.8397e+00, Error u,v: 7.2721e-04, 2.2533e-03
It: 13600, Time: 3.39, mse_0: 8.9934e-01, mse_f: 1.1863e+00, total loss: 2.2020e+00, Error u,v: 1.8489e-03, 5.2682e-04
It: 13700, Time: 3.37, mse_0: 4.8109e-01, mse_f: 9.0412e-01, total loss: 2.1732e+00, Error u,v: 7.3857e-04, 1.9166e-03
It: 13800, Time: 3.55, mse_0: 1.3475e+00, mse_f: 1.7235e+00, total loss: 3.7125e+00, Error u,v: 2.7850e-03, 2.7090e-03
It: 13900, Time: 3.57, mse_0: 3.8180e-01, mse_f: 8.5040e-01, total loss: 2.1436e+00, Error u,v: 4.1683e-04, 1.5829e-03
It: 14000, Time: 3.31, mse_0: 1.5107e+00, mse_f: 1.8824e+00, total loss: 4.0884e+00, Error u,v: 2.6323e-03, 2.5790e-03
It: 14100, Time: 3.27, mse_0: 9.5705e-01, mse_f: 1.5333e+00, total loss: 4.0427e+00, Error u,v: 1.1099e-03, 3.0014e-03
It: 14200, Time: 3.24, mse_0: 1.2227e+00, mse_f: 1.2421e+00, total loss: 3.0310e+00, Error u,v: 2.3054e-03, 1.1918e-03
It: 14300, Time: 3.52, mse_0: 8.2349e-01, mse_f: 1.7029e+00, total loss: 4.7069e+00, Error u,v: 1.1505e-03, 2.5290e-03
It: 14400, Time: 3.71, mse_0: 8.0903e-01, mse_f: 1.2387e+00, total loss: 2.2801e+00, Error u,v: 1.7124e-03, 2.0020e-03
It: 14500, Time: 3.80, mse_0: 1.0200e+00, mse_f: 1.1128e+00, total loss: 2.7647e+00, Error u,v: 2.8838e-03, 1.7568e-03
It: 14600, Time: 3.16, mse_0: 6.8188e-01, mse_f: 1.1601e+00, total loss: 3.5118e+00, Error u,v: 9.3156e-04, 2.3058e-03
It: 14700, Time: 3.10, mse_0: 2.5773e-01, mse_f: 5.7815e-01, total loss: 1.2718e+00, Error u,v: 5.4111e-04, 1.5050e-03
It: 14800, Time: 3.37, mse_0: 6.4448e-01, mse_f: 1.2904e+00, total loss: 2.8934e+00, Error u,v: 1.0092e-03, 1.5593e-03
It: 14900, Time: 3.47, mse_0: 8.0447e-01, mse_f: 1.0202e+00, total loss: 3.1627e+00, Error u,v: 2.2312e-03, 2.6208e-03
It: 15000, Time: 3.16, mse_0: 8.1168e-01, mse_f: 9.6735e-01, total loss: 2.0761e+00, Error u,v: 1.4126e-03, 1.5738e-03
starting L-BFGS training
It: 100, Time: 3.66, mse_0: 1.9438e-02, mse_f: 1.4565e-01, total loss: 1.9093e-01, Error u,v: 1.0633e-04, 1.3842e-04
It: 200, Time: 4.22, mse_0: 1.9277e-02, mse_f: 1.2904e-01, total loss: 1.7606e-01, Error u,v: 1.0725e-04, 1.4691e-04
It: 300, Time: 4.74, mse_0: 1.7044e-02, mse_f: 1.1526e-01, total loss: 1.6032e-01, Error u,v: 1.0576e-04, 1.4225e-04
It: 400, Time: 5.26, mse_0: 1.6079e-02, mse_f: 1.0263e-01, total loss: 1.4572e-01, Error u,v: 1.1057e-04, 1.3265e-04
It: 500, Time: 5.34, mse_0: 1.6058e-02, mse_f: 9.2441e-02, total loss: 1.3426e-01, Error u,v: 1.2037e-04, 1.2879e-04
It: 600, Time: 4.56, mse_0: 1.5238e-02, mse_f: 8.4383e-02, total loss: 1.2440e-01, Error u,v: 1.0723e-04, 1.3596e-04
It: 700, Time: 4.06, mse_0: 1.4521e-02, mse_f: 7.5306e-02, total loss: 1.1394e-01, Error u,v: 1.0047e-04, 1.3347e-04
It: 800, Time: 4.12, mse_0: 1.3618e-02, mse_f: 6.8179e-02, total loss: 1.0552e-01, Error u,v: 9.1675e-05, 1.1990e-04
It: 900, Time: 4.34, mse_0: 1.1833e-02, mse_f: 6.3061e-02, total loss: 9.8902e-02, Error u,v: 8.5748e-05, 1.1771e-04
It: 1000, Time: 4.66, mse_0: 1.1729e-02, mse_f: 5.8807e-02, total loss: 9.3761e-02, Error u,v: 8.9533e-05, 1.1259e-04
It: 1100, Time: 4.82, mse_0: 1.0969e-02, mse_f: 5.4605e-02, total loss: 8.7260e-02, Error u,v: 8.9877e-05, 1.0685e-04
It: 1200, Time: 4.87, mse_0: 9.7673e-03, mse_f: 5.2046e-02, total loss: 8.1830e-02, Error u,v: 8.0833e-05, 1.0162e-04
It: 1300, Time: 5.00, mse_0: 7.5751e-03, mse_f: 4.9027e-02, total loss: 7.5457e-02, Error u,v: 8.0554e-05, 9.7042e-05
It: 1400, Time: 5.40, mse_0: 6.8164e-03, mse_f: 4.4635e-02, total loss: 7.0127e-02, Error u,v: 8.7718e-05, 9.0057e-05
It: 1500, Time: 4.61, mse_0: 6.2826e-03, mse_f: 4.1747e-02, total loss: 6.5945e-02, Error u,v: 8.9390e-05, 8.9088e-05
It: 1600, Time: 4.80, mse_0: 6.1810e-03, mse_f: 3.9017e-02, total loss: 6.1371e-02, Error u,v: 9.4467e-05, 8.7091e-05
It: 1700, Time: 4.72, mse_0: 6.2442e-03, mse_f: 3.7263e-02, total loss: 5.8120e-02, Error u,v: 9.6049e-05, 8.8857e-05
It: 1800, Time: 4.57, mse_0: 5.7725e-03, mse_f: 3.5261e-02, total loss: 5.4143e-02, Error u,v: 9.5125e-05, 7.6763e-05
It: 1900, Time: 4.90, mse_0: 5.3450e-03, mse_f: 3.3288e-02, total loss: 5.0754e-02, Error u,v: 9.2115e-05, 7.5827e-05
It: 2000, Time: 4.49, mse_0: 5.2846e-03, mse_f: 3.1068e-02, total loss: 4.7467e-02, Error u,v: 9.1102e-05, 7.1805e-05
It: 2100, Time: 4.51, mse_0: 4.9758e-03, mse_f: 2.9135e-02, total loss: 4.4674e-02, Error u,v: 8.8319e-05, 7.3750e-05
It: 2200, Time: 4.63, mse_0: 4.6587e-03, mse_f: 2.7619e-02, total loss: 4.2075e-02, Error u,v: 8.1279e-05, 7.4709e-05
It: 2300, Time: 4.96, mse_0: 4.6466e-03, mse_f: 2.5791e-02, total loss: 3.9730e-02, Error u,v: 7.8869e-05, 7.3469e-05
It: 2400, Time: 5.01, mse_0: 4.6255e-03, mse_f: 2.4457e-02, total loss: 3.7804e-02, Error u,v: 7.8859e-05, 7.1982e-05
It: 2500, Time: 4.91, mse_0: 4.5876e-03, mse_f: 2.3307e-02, total loss: 3.6200e-02, Error u,v: 7.7100e-05, 7.1668e-05
It: 2600, Time: 4.73, mse_0: 4.4758e-03, mse_f: 2.2429e-02, total loss: 3.4912e-02, Error u,v: 7.5031e-05, 7.4299e-05
It: 2700, Time: 4.83, mse_0: 4.3251e-03, mse_f: 2.1558e-02, total loss: 3.3525e-02, Error u,v: 7.2328e-05, 7.1141e-05
It: 2800, Time: 4.61, mse_0: 4.2537e-03, mse_f: 2.0777e-02, total loss: 3.2273e-02, Error u,v: 7.0321e-05, 6.9762e-05
It: 2900, Time: 4.59, mse_0: 4.2219e-03, mse_f: 1.9695e-02, total loss: 3.0807e-02, Error u,v: 7.0896e-05, 6.6901e-05
It: 3000, Time: 4.88, mse_0: 4.1146e-03, mse_f: 1.8812e-02, total loss: 2.9672e-02, Error u,v: 7.0009e-05, 6.6840e-05
It: 3100, Time: 4.70, mse_0: 4.1178e-03, mse_f: 1.7973e-02, total loss: 2.8705e-02, Error u,v: 7.0007e-05, 7.0498e-05
It: 3200, Time: 4.43, mse_0: 4.1500e-03, mse_f: 1.7046e-02, total loss: 2.7597e-02, Error u,v: 7.1962e-05, 7.4488e-05
It: 3300, Time: 4.80, mse_0: 4.2384e-03, mse_f: 1.6348e-02, total loss: 2.6789e-02, Error u,v: 7.1883e-05, 7.9914e-05
It: 3400, Time: 4.58, mse_0: 4.1975e-03, mse_f: 1.5614e-02, total loss: 2.6002e-02, Error u,v: 6.9843e-05, 8.1965e-05
It: 3500, Time: 4.96, mse_0: 4.2614e-03, mse_f: 1.4710e-02, total loss: 2.5098e-02, Error u,v: 7.1332e-05, 8.1842e-05
It: 3600, Time: 5.04, mse_0: 4.5316e-03, mse_f: 1.3887e-02, total loss: 2.4253e-02, Error u,v: 7.3015e-05, 8.7163e-05
It: 3700, Time: 4.82, mse_0: 4.5069e-03, mse_f: 1.3384e-02, total loss: 2.3472e-02, Error u,v: 7.2752e-05, 8.7275e-05
It: 3800, Time: 4.80, mse_0: 4.4220e-03, mse_f: 1.3006e-02, total loss: 2.2838e-02, Error u,v: 7.2733e-05, 8.5297e-05
It: 3900, Time: 4.83, mse_0: 4.3536e-03, mse_f: 1.2685e-02, total loss: 2.2244e-02, Error u,v: 7.3765e-05, 8.1816e-05
It: 4000, Time: 5.12, mse_0: 4.2908e-03, mse_f: 1.2326e-02, total loss: 2.1541e-02, Error u,v: 7.3675e-05, 7.7713e-05
It: 4100, Time: 5.07, mse_0: 4.2365e-03, mse_f: 1.2025e-02, total loss: 2.0922e-02, Error u,v: 7.2342e-05, 7.6020e-05
It: 4200, Time: 4.85, mse_0: 4.0534e-03, mse_f: 1.1788e-02, total loss: 2.0250e-02, Error u,v: 7.0242e-05, 7.3630e-05
It: 4300, Time: 5.09, mse_0: 3.8155e-03, mse_f: 1.1439e-02, total loss: 1.9448e-02, Error u,v: 6.6647e-05, 6.9588e-05
It: 4400, Time: 5.04, mse_0: 3.6825e-03, mse_f: 1.1056e-02, total loss: 1.8724e-02, Error u,v: 6.3354e-05, 6.6982e-05
It: 4500, Time: 4.78, mse_0: 3.6064e-03, mse_f: 1.0601e-02, total loss: 1.7915e-02, Error u,v: 5.8347e-05, 6.6158e-05
It: 4600, Time: 4.83, mse_0: 3.5658e-03, mse_f: 1.0241e-02, total loss: 1.7279e-02, Error u,v: 5.5478e-05, 6.7919e-05
It: 4700, Time: 4.86, mse_0: 3.4291e-03, mse_f: 1.0029e-02, total loss: 1.6834e-02, Error u,v: 5.4863e-05, 6.8029e-05
It: 4800, Time: 5.07, mse_0: 3.2989e-03, mse_f: 9.7817e-03, total loss: 1.6312e-02, Error u,v: 5.3042e-05, 6.8344e-05
It: 4900, Time: 4.82, mse_0: 3.1528e-03, mse_f: 9.5305e-03, total loss: 1.5884e-02, Error u,v: 5.0521e-05, 6.8144e-05
It: 5000, Time: 4.68, mse_0: 3.0392e-03, mse_f: 9.2912e-03, total loss: 1.5451e-02, Error u,v: 4.8144e-05, 6.8263e-05
It: 5100, Time: 4.83, mse_0: 2.8982e-03, mse_f: 9.1414e-03, total loss: 1.5087e-02, Error u,v: 4.6076e-05, 6.8924e-05
It: 5200, Time: 4.80, mse_0: 2.8129e-03, mse_f: 9.0140e-03, total loss: 1.4731e-02, Error u,v: 4.5213e-05, 6.8745e-05
It: 5300, Time: 4.82, mse_0: 2.7418e-03, mse_f: 8.7832e-03, total loss: 1.4288e-02, Error u,v: 4.3234e-05, 6.9081e-05
It: 5400, Time: 4.86, mse_0: 2.5960e-03, mse_f: 8.6209e-03, total loss: 1.3933e-02, Error u,v: 4.2966e-05, 6.9090e-05
It: 5500, Time: 4.70, mse_0: 2.4502e-03, mse_f: 8.4352e-03, total loss: 1.3586e-02, Error u,v: 4.2126e-05, 6.9000e-05
It: 5600, Time: 4.97, mse_0: 2.3231e-03, mse_f: 8.3081e-03, total loss: 1.3265e-02, Error u,v: 4.2009e-05, 6.7676e-05
It: 5700, Time: 4.60, mse_0: 2.1521e-03, mse_f: 8.1353e-03, total loss: 1.2843e-02, Error u,v: 4.0071e-05, 6.5610e-05
It: 5800, Time: 4.63, mse_0: 1.9546e-03, mse_f: 7.9381e-03, total loss: 1.2382e-02, Error u,v: 3.8596e-05, 6.5003e-05
It: 5900, Time: 4.67, mse_0: 1.8781e-03, mse_f: 7.7386e-03, total loss: 1.2030e-02, Error u,v: 3.7879e-05, 6.5058e-05
It: 6000, Time: 4.74, mse_0: 1.8062e-03, mse_f: 7.4751e-03, total loss: 1.1666e-02, Error u,v: 3.7391e-05, 6.5196e-05
It: 6100, Time: 4.87, mse_0: 1.7113e-03, mse_f: 7.3143e-03, total loss: 1.1357e-02, Error u,v: 3.6548e-05, 6.4711e-05
It: 6200, Time: 4.81, mse_0: 1.7104e-03, mse_f: 7.1592e-03, total loss: 1.1130e-02, Error u,v: 3.6042e-05, 6.5272e-05
It: 6300, Time: 4.58, mse_0: 1.7390e-03, mse_f: 6.9232e-03, total loss: 1.0890e-02, Error u,v: 3.5976e-05, 6.5065e-05
It: 6400, Time: 4.82, mse_0: 1.7455e-03, mse_f: 6.7113e-03, total loss: 1.0663e-02, Error u,v: 3.5410e-05, 6.5743e-05
It: 6500, Time: 5.11, mse_0: 1.7533e-03, mse_f: 6.5485e-03, total loss: 1.0494e-02, Error u,v: 3.5337e-05, 6.5368e-05
It: 6600, Time: 5.47, mse_0: 1.7314e-03, mse_f: 6.3669e-03, total loss: 1.0288e-02, Error u,v: 3.5479e-05, 6.4704e-05
It: 6700, Time: 4.96, mse_0: 1.7058e-03, mse_f: 6.2102e-03, total loss: 1.0073e-02, Error u,v: 3.5725e-05, 6.4127e-05
It: 6800, Time: 6.03, mse_0: 1.6594e-03, mse_f: 6.0367e-03, total loss: 9.8030e-03, Error u,v: 3.5709e-05, 6.2895e-05
It: 6900, Time: 5.18, mse_0: 1.6359e-03, mse_f: 5.8857e-03, total loss: 9.6181e-03, Error u,v: 3.4150e-05, 6.2089e-05
It: 7000, Time: 4.70, mse_0: 1.6074e-03, mse_f: 5.7771e-03, total loss: 9.4333e-03, Error u,v: 3.4374e-05, 6.1620e-05
It: 7100, Time: 5.19, mse_0: 1.5745e-03, mse_f: 5.6711e-03, total loss: 9.2452e-03, Error u,v: 3.3747e-05, 6.1354e-05
It: 7200, Time: 5.25, mse_0: 1.5377e-03, mse_f: 5.5558e-03, total loss: 9.0770e-03, Error u,v: 3.3216e-05, 6.0975e-05
It: 7300, Time: 5.67, mse_0: 1.5427e-03, mse_f: 5.4305e-03, total loss: 8.9061e-03, Error u,v: 3.3876e-05, 6.1073e-05
It: 7400, Time: 5.09, mse_0: 1.4913e-03, mse_f: 5.3324e-03, total loss: 8.7386e-03, Error u,v: 3.3514e-05, 5.9954e-05
It: 7500, Time: 4.22, mse_0: 1.4537e-03, mse_f: 5.2305e-03, total loss: 8.5741e-03, Error u,v: 3.3858e-05, 5.9207e-05
It: 7600, Time: 4.46, mse_0: 1.4280e-03, mse_f: 5.1040e-03, total loss: 8.3748e-03, Error u,v: 3.2747e-05, 5.8803e-05
It: 7700, Time: 4.85, mse_0: 1.3713e-03, mse_f: 5.0373e-03, total loss: 8.2149e-03, Error u,v: 3.1766e-05, 5.7878e-05
It: 7800, Time: 4.80, mse_0: 1.3553e-03, mse_f: 4.9544e-03, total loss: 8.0859e-03, Error u,v: 3.1666e-05, 5.6955e-05
It: 7900, Time: 4.81, mse_0: 1.3234e-03, mse_f: 4.8531e-03, total loss: 7.9401e-03, Error u,v: 3.1071e-05, 5.5585e-05
It: 8000, Time: 4.52, mse_0: 1.2876e-03, mse_f: 4.7922e-03, total loss: 7.8144e-03, Error u,v: 3.0640e-05, 5.4656e-05
It: 8100, Time: 4.58, mse_0: 1.2755e-03, mse_f: 4.6825e-03, total loss: 7.6695e-03, Error u,v: 3.0553e-05, 5.4353e-05
It: 8200, Time: 4.14, mse_0: 1.2739e-03, mse_f: 4.5710e-03, total loss: 7.5409e-03, Error u,v: 3.0456e-05, 5.4215e-05
It: 8300, Time: 4.39, mse_0: 1.2551e-03, mse_f: 4.4879e-03, total loss: 7.4082e-03, Error u,v: 3.0190e-05, 5.3504e-05
It: 8400, Time: 4.43, mse_0: 1.2274e-03, mse_f: 4.4116e-03, total loss: 7.2888e-03, Error u,v: 3.0132e-05, 5.2889e-05
It: 8500, Time: 4.58, mse_0: 1.2080e-03, mse_f: 4.3037e-03, total loss: 7.1116e-03, Error u,v: 3.0634e-05, 5.2160e-05
It: 8600, Time: 4.58, mse_0: 1.1941e-03, mse_f: 4.1944e-03, total loss: 6.9323e-03, Error u,v: 3.0804e-05, 5.1587e-05
It: 8700, Time: 4.10, mse_0: 1.1853e-03, mse_f: 4.1178e-03, total loss: 6.8114e-03, Error u,v: 3.0480e-05, 5.0717e-05
It: 8800, Time: 4.29, mse_0: 1.1631e-03, mse_f: 4.0502e-03, total loss: 6.6901e-03, Error u,v: 3.0753e-05, 4.9986e-05
It: 8900, Time: 4.51, mse_0: 1.1434e-03, mse_f: 3.9769e-03, total loss: 6.5677e-03, Error u,v: 3.1137e-05, 4.9682e-05
It: 9000, Time: 4.98, mse_0: 1.1406e-03, mse_f: 3.8936e-03, total loss: 6.4497e-03, Error u,v: 3.1748e-05, 4.9084e-05
It: 9100, Time: 4.81, mse_0: 1.1113e-03, mse_f: 3.8402e-03, total loss: 6.3494e-03, Error u,v: 3.0985e-05, 4.9302e-05
It: 9200, Time: 4.62, mse_0: 1.1037e-03, mse_f: 3.7911e-03, total loss: 6.2571e-03, Error u,v: 3.0403e-05, 4.9417e-05
It: 9300, Time: 4.73, mse_0: 1.0709e-03, mse_f: 3.7517e-03, total loss: 6.1622e-03, Error u,v: 2.9828e-05, 4.8901e-05
It: 9400, Time: 4.78, mse_0: 1.0398e-03, mse_f: 3.7317e-03, total loss: 6.0925e-03, Error u,v: 2.9952e-05, 4.7848e-05
It: 9500, Time: 4.63, mse_0: 1.0280e-03, mse_f: 3.6770e-03, total loss: 6.0231e-03, Error u,v: 3.0116e-05, 4.7312e-05
It: 9600, Time: 4.58, mse_0: 1.0119e-03, mse_f: 3.6444e-03, total loss: 5.9545e-03, Error u,v: 2.9973e-05, 4.6704e-05
It: 9700, Time: 4.38, mse_0: 1.0064e-03, mse_f: 3.6002e-03, total loss: 5.8929e-03, Error u,v: 2.9937e-05, 4.6185e-05
It: 9800, Time: 4.38, mse_0: 9.9804e-04, mse_f: 3.5498e-03, total loss: 5.8189e-03, Error u,v: 2.9592e-05, 4.5810e-05
It: 9900, Time: 4.49, mse_0: 9.8648e-04, mse_f: 3.5056e-03, total loss: 5.7419e-03, Error u,v: 2.9713e-05, 4.5490e-05
It: 10000, Time: 4.60, mse_0: 9.6814e-04, mse_f: 3.4773e-03, total loss: 5.6793e-03, Error u,v: 2.9688e-05, 4.5319e-05
It: 10100, Time: 4.71, mse_0: 9.4515e-04, mse_f: 3.4252e-03, total loss: 5.5922e-03, Error u,v: 2.9572e-05, 4.4938e-05
It: 10200, Time: 4.38, mse_0: 9.1059e-04, mse_f: 3.3931e-03, total loss: 5.5129e-03, Error u,v: 2.9315e-05, 4.4205e-05
It: 10300, Time: 4.48, mse_0: 8.7219e-04, mse_f: 3.3611e-03, total loss: 5.4374e-03, Error u,v: 2.8960e-05, 4.3546e-05
It: 10400, Time: 4.32, mse_0: 8.3439e-04, mse_f: 3.3284e-03, total loss: 5.3361e-03, Error u,v: 2.8409e-05, 4.3006e-05
It: 10500, Time: 4.42, mse_0: 8.1189e-04, mse_f: 3.2825e-03, total loss: 5.2419e-03, Error u,v: 2.7910e-05, 4.2709e-05
It: 10600, Time: 4.69, mse_0: 7.7924e-04, mse_f: 3.2546e-03, total loss: 5.1638e-03, Error u,v: 2.7782e-05, 4.1929e-05
It: 10700, Time: 4.38, mse_0: 7.6049e-04, mse_f: 3.2133e-03, total loss: 5.0910e-03, Error u,v: 2.7660e-05, 4.1586e-05
It: 10800, Time: 4.35, mse_0: 7.4510e-04, mse_f: 3.1604e-03, total loss: 5.0137e-03, Error u,v: 2.7116e-05, 4.1130e-05
It: 10900, Time: 4.58, mse_0: 7.3155e-04, mse_f: 3.1111e-03, total loss: 4.9423e-03, Error u,v: 2.7110e-05, 4.0796e-05
It: 11000, Time: 4.76, mse_0: 7.0128e-04, mse_f: 3.0770e-03, total loss: 4.8665e-03, Error u,v: 2.6681e-05, 4.0699e-05
It: 11100, Time: 4.82, mse_0: 6.9346e-04, mse_f: 3.0144e-03, total loss: 4.7922e-03, Error u,v: 2.6703e-05, 4.0398e-05
It: 11200, Time: 4.52, mse_0: 6.8591e-04, mse_f: 2.9684e-03, total loss: 4.7299e-03, Error u,v: 2.6795e-05, 4.0122e-05
It: 11300, Time: 4.38, mse_0: 6.8408e-04, mse_f: 2.9280e-03, total loss: 4.6795e-03, Error u,v: 2.6488e-05, 3.9980e-05
It: 11400, Time: 4.49, mse_0: 6.7271e-04, mse_f: 2.8834e-03, total loss: 4.6250e-03, Error u,v: 2.6308e-05, 3.9160e-05
It: 11500, Time: 4.63, mse_0: 6.6338e-04, mse_f: 2.8480e-03, total loss: 4.5715e-03, Error u,v: 2.5865e-05, 3.8979e-05
It: 11600, Time: 4.65, mse_0: 6.5543e-04, mse_f: 2.8333e-03, total loss: 4.5372e-03, Error u,v: 2.5497e-05, 3.8806e-05
It: 11700, Time: 4.58, mse_0: 6.4613e-04, mse_f: 2.8054e-03, total loss: 4.4987e-03, Error u,v: 2.5220e-05, 3.8660e-05
It: 11800, Time: 4.68, mse_0: 6.4877e-04, mse_f: 2.7682e-03, total loss: 4.4570e-03, Error u,v: 2.4888e-05, 3.8710e-05
It: 11900, Time: 4.49, mse_0: 6.3977e-04, mse_f: 2.7462e-03, total loss: 4.4238e-03, Error u,v: 2.4595e-05, 3.8369e-05
It: 12000, Time: 4.64, mse_0: 6.2840e-04, mse_f: 2.7298e-03, total loss: 4.3969e-03, Error u,v: 2.4657e-05, 3.8073e-05
It: 12100, Time: 4.70, mse_0: 6.3510e-04, mse_f: 2.7053e-03, total loss: 4.3597e-03, Error u,v: 2.4610e-05, 3.8053e-05
It: 12200, Time: 4.71, mse_0: 6.3595e-04, mse_f: 2.6805e-03, total loss: 4.3229e-03, Error u,v: 2.4305e-05, 3.7694e-05
It: 12300, Time: 4.87, mse_0: 6.2694e-04, mse_f: 2.6537e-03, total loss: 4.2729e-03, Error u,v: 2.4168e-05, 3.7184e-05
It: 12400, Time: 4.89, mse_0: 6.0121e-04, mse_f: 2.6243e-03, total loss: 4.1975e-03, Error u,v: 2.3944e-05, 3.6358e-05
It: 12500, Time: 4.79, mse_0: 5.7392e-04, mse_f: 2.5914e-03, total loss: 4.1179e-03, Error u,v: 2.3903e-05, 3.5655e-05
It: 12600, Time: 4.83, mse_0: 5.5441e-04, mse_f: 2.5588e-03, total loss: 4.0395e-03, Error u,v: 2.3826e-05, 3.4985e-05
It: 12700, Time: 4.40, mse_0: 5.4312e-04, mse_f: 2.5302e-03, total loss: 3.9635e-03, Error u,v: 2.3586e-05, 3.4315e-05
It: 12800, Time: 4.41, mse_0: 5.3385e-04, mse_f: 2.4969e-03, total loss: 3.9124e-03, Error u,v: 2.3291e-05, 3.3738e-05
It: 12900, Time: 4.61, mse_0: 5.3205e-04, mse_f: 2.4617e-03, total loss: 3.8615e-03, Error u,v: 2.3206e-05, 3.3383e-05
It: 13000, Time: 5.01, mse_0: 5.3256e-04, mse_f: 2.4280e-03, total loss: 3.8124e-03, Error u,v: 2.3226e-05, 3.3071e-05
It: 13100, Time: 5.37, mse_0: 5.4623e-04, mse_f: 2.3614e-03, total loss: 3.7330e-03, Error u,v: 2.3356e-05, 3.3377e-05
It: 13200, Time: 5.67, mse_0: 5.4365e-04, mse_f: 2.3185e-03, total loss: 3.6771e-03, Error u,v: 2.3339e-05, 3.3469e-05
It: 13300, Time: 5.04, mse_0: 5.3162e-04, mse_f: 2.2749e-03, total loss: 3.6097e-03, Error u,v: 2.3526e-05, 3.3614e-05
It: 13400, Time: 5.28, mse_0: 5.2757e-04, mse_f: 2.2227e-03, total loss: 3.5491e-03, Error u,v: 2.4018e-05, 3.3930e-05
It: 13500, Time: 5.02, mse_0: 5.2349e-04, mse_f: 2.1896e-03, total loss: 3.5058e-03, Error u,v: 2.4087e-05, 3.3891e-05
It: 13600, Time: 4.86, mse_0: 5.0843e-04, mse_f: 2.1565e-03, total loss: 3.4566e-03, Error u,v: 2.4174e-05, 3.3387e-05
It: 13700, Time: 4.86, mse_0: 5.0191e-04, mse_f: 2.1215e-03, total loss: 3.4138e-03, Error u,v: 2.4186e-05, 3.3202e-05
It: 13800, Time: 4.98, mse_0: 5.0346e-04, mse_f: 2.0859e-03, total loss: 3.3577e-03, Error u,v: 2.4208e-05, 3.3532e-05
It: 13900, Time: 5.05, mse_0: 5.0045e-04, mse_f: 2.0593e-03, total loss: 3.3147e-03, Error u,v: 2.4107e-05, 3.3459e-05
It: 14000, Time: 5.11, mse_0: 4.9856e-04, mse_f: 2.0283e-03, total loss: 3.2727e-03, Error u,v: 2.3909e-05, 3.3445e-05
It: 14100, Time: 5.20, mse_0: 5.0101e-04, mse_f: 2.0016e-03, total loss: 3.2400e-03, Error u,v: 2.3759e-05, 3.3518e-05
It: 14200, Time: 5.36, mse_0: 4.9396e-04, mse_f: 1.9774e-03, total loss: 3.2072e-03, Error u,v: 2.3362e-05, 3.3322e-05
It: 14300, Time: 5.09, mse_0: 4.8768e-04, mse_f: 1.9496e-03, total loss: 3.1695e-03, Error u,v: 2.3331e-05, 3.3064e-05
It: 14400, Time: 4.88, mse_0: 4.8547e-04, mse_f: 1.9331e-03, total loss: 3.1467e-03, Error u,v: 2.3291e-05, 3.2701e-05
It: 14500, Time: 4.76, mse_0: 4.8016e-04, mse_f: 1.9096e-03, total loss: 3.1148e-03, Error u,v: 2.3049e-05, 3.2320e-05
It: 14600, Time: 4.59, mse_0: 4.7693e-04, mse_f: 1.8928e-03, total loss: 3.0893e-03, Error u,v: 2.2827e-05, 3.1801e-05
It: 14700, Time: 4.81, mse_0: 4.8082e-04, mse_f: 1.8701e-03, total loss: 3.0630e-03, Error u,v: 2.2870e-05, 3.1473e-05
It: 14800, Time: 5.10, mse_0: 4.8137e-04, mse_f: 1.8478e-03, total loss: 3.0317e-03, Error u,v: 2.2637e-05, 3.1070e-05
It: 14900, Time: 5.21, mse_0: 4.7450e-04, mse_f: 1.8187e-03, total loss: 2.9948e-03, Error u,v: 2.2418e-05, 3.0607e-05
It: 15000, Time: 5.28, mse_0: 4.7022e-04, mse_f: 1.7989e-03, total loss: 2.9665e-03, Error u,v: 2.2174e-05, 3.0299e-05
It: 15100, Time: 4.75, mse_0: 4.5835e-04, mse_f: 1.7763e-03, total loss: 2.9270e-03, Error u,v: 2.2008e-05, 2.9840e-05
It: 15200, Time: 5.00, mse_0: 4.5304e-04, mse_f: 1.7525e-03, total loss: 2.8938e-03, Error u,v: 2.1761e-05, 2.9643e-05
It: 15300, Time: 5.23, mse_0: 4.3871e-04, mse_f: 1.7158e-03, total loss: 2.8281e-03, Error u,v: 2.0825e-05, 2.9515e-05
It: 15400, Time: 5.63, mse_0: 4.2601e-04, mse_f: 1.6916e-03, total loss: 2.7878e-03, Error u,v: 2.0438e-05, 2.9362e-05
It: 15500, Time: 5.25, mse_0: 4.2094e-04, mse_f: 1.6767e-03, total loss: 2.7662e-03, Error u,v: 2.0264e-05, 2.9089e-05
It: 15600, Time: 5.59, mse_0: 4.1727e-04, mse_f: 1.6663e-03, total loss: 2.7511e-03, Error u,v: 2.0184e-05, 2.8920e-05
It: 15700, Time: 5.25, mse_0: 4.1265e-04, mse_f: 1.6477e-03, total loss: 2.7169e-03, Error u,v: 2.0001e-05, 2.8578e-05
It: 15800, Time: 4.72, mse_0: 4.1298e-04, mse_f: 1.6234e-03, total loss: 2.6825e-03, Error u,v: 2.0027e-05, 2.8218e-05
It: 15900, Time: 4.87, mse_0: 4.0620e-04, mse_f: 1.6059e-03, total loss: 2.6514e-03, Error u,v: 2.0072e-05, 2.8079e-05
It: 16000, Time: 5.58, mse_0: 3.9864e-04, mse_f: 1.5950e-03, total loss: 2.6223e-03, Error u,v: 1.9957e-05, 2.7710e-05
It: 16100, Time: 5.32, mse_0: 3.9393e-04, mse_f: 1.5802e-03, total loss: 2.5907e-03, Error u,v: 2.0081e-05, 2.7288e-05
It: 16200, Time: 4.71, mse_0: 3.9706e-04, mse_f: 1.5528e-03, total loss: 2.5517e-03, Error u,v: 2.0196e-05, 2.6827e-05
It: 16300, Time: 5.68, mse_0: 3.9214e-04, mse_f: 1.5384e-03, total loss: 2.5254e-03, Error u,v: 2.0052e-05, 2.6423e-05
It: 16400, Time: 5.19, mse_0: 3.9125e-04, mse_f: 1.5255e-03, total loss: 2.5051e-03, Error u,v: 2.0125e-05, 2.6101e-05
It: 16500, Time: 5.10, mse_0: 3.9157e-04, mse_f: 1.5145e-03, total loss: 2.4873e-03, Error u,v: 2.0104e-05, 2.5745e-05
It: 16600, Time: 4.93, mse_0: 3.8698e-04, mse_f: 1.5077e-03, total loss: 2.4729e-03, Error u,v: 2.0138e-05, 2.5520e-05
It: 16700, Time: 5.14, mse_0: 3.8342e-04, mse_f: 1.4895e-03, total loss: 2.4520e-03, Error u,v: 2.0094e-05, 2.5452e-05
It: 16800, Time: 4.75, mse_0: 3.8002e-04, mse_f: 1.4737e-03, total loss: 2.4277e-03, Error u,v: 2.0164e-05, 2.4990e-05
It: 16900, Time: 4.65, mse_0: 3.8049e-04, mse_f: 1.4644e-03, total loss: 2.4065e-03, Error u,v: 2.0313e-05, 2.4543e-05
It: 17000, Time: 4.54, mse_0: 3.7251e-04, mse_f: 1.4531e-03, total loss: 2.3838e-03, Error u,v: 2.0306e-05, 2.4379e-05
It: 17100, Time: 4.98, mse_0: 3.7151e-04, mse_f: 1.4417e-03, total loss: 2.3645e-03, Error u,v: 2.0173e-05, 2.4138e-05
It: 17200, Time: 4.76, mse_0: 3.7349e-04, mse_f: 1.4260e-03, total loss: 2.3443e-03, Error u,v: 2.0231e-05, 2.4041e-05
It: 17300, Time: 4.75, mse_0: 3.7394e-04, mse_f: 1.4167e-03, total loss: 2.3303e-03, Error u,v: 2.0197e-05, 2.3898e-05
It: 17400, Time: 4.92, mse_0: 3.7614e-04, mse_f: 1.3995e-03, total loss: 2.3095e-03, Error u,v: 2.0272e-05, 2.3628e-05
It: 17500, Time: 4.34, mse_0: 3.7775e-04, mse_f: 1.3809e-03, total loss: 2.2840e-03, Error u,v: 2.0147e-05, 2.3615e-05
It: 17600, Time: 4.39, mse_0: 3.7621e-04, mse_f: 1.3690e-03, total loss: 2.2623e-03, Error u,v: 2.0138e-05, 2.3353e-05
It: 17700, Time: 4.44, mse_0: 3.7488e-04, mse_f: 1.3583e-03, total loss: 2.2436e-03, Error u,v: 1.9968e-05, 2.3210e-05
It: 17800, Time: 4.63, mse_0: 3.7162e-04, mse_f: 1.3480e-03, total loss: 2.2282e-03, Error u,v: 1.9855e-05, 2.3289e-05
It: 17900, Time: 4.80, mse_0: 3.7256e-04, mse_f: 1.3385e-03, total loss: 2.2146e-03, Error u,v: 1.9712e-05, 2.3280e-05
It: 18000, Time: 4.67, mse_0: 3.7033e-04, mse_f: 1.3274e-03, total loss: 2.2003e-03, Error u,v: 1.9376e-05, 2.3418e-05
It: 18100, Time: 4.54, mse_0: 3.6715e-04, mse_f: 1.3185e-03, total loss: 2.1854e-03, Error u,v: 1.9299e-05, 2.3173e-05
It: 18200, Time: 4.56, mse_0: 3.6521e-04, mse_f: 1.3133e-03, total loss: 2.1748e-03, Error u,v: 1.9221e-05, 2.3103e-05
It: 18300, Time: 4.48, mse_0: 3.5898e-04, mse_f: 1.3100e-03, total loss: 2.1606e-03, Error u,v: 1.8979e-05, 2.2812e-05
It: 18400, Time: 4.51, mse_0: 3.5105e-04, mse_f: 1.3036e-03, total loss: 2.1467e-03, Error u,v: 1.8772e-05, 2.2377e-05
It: 18500, Time: 4.26, mse_0: 3.4096e-04, mse_f: 1.2991e-03, total loss: 2.1311e-03, Error u,v: 1.8549e-05, 2.1968e-05
It: 18600, Time: 4.30, mse_0: 3.3067e-04, mse_f: 1.2954e-03, total loss: 2.1077e-03, Error u,v: 1.8171e-05, 2.1507e-05
It: 18700, Time: 4.28, mse_0: 3.3018e-04, mse_f: 1.2839e-03, total loss: 2.0886e-03, Error u,v: 1.8047e-05, 2.1498e-05
It: 18800, Time: 4.42, mse_0: 3.2778e-04, mse_f: 1.2736e-03, total loss: 2.0712e-03, Error u,v: 1.7687e-05, 2.1375e-05
It: 18900, Time: 4.38, mse_0: 3.2230e-04, mse_f: 1.2578e-03, total loss: 2.0468e-03, Error u,v: 1.7485e-05, 2.1127e-05
It: 19000, Time: 4.65, mse_0: 3.1943e-04, mse_f: 1.2518e-03, total loss: 2.0353e-03, Error u,v: 1.7211e-05, 2.0931e-05
It: 19100, Time: 4.63, mse_0: 3.1317e-04, mse_f: 1.2401e-03, total loss: 2.0122e-03, Error u,v: 1.7002e-05, 2.0529e-05
It: 19200, Time: 4.60, mse_0: 3.1254e-04, mse_f: 1.2270e-03, total loss: 1.9950e-03, Error u,v: 1.6881e-05, 2.0370e-05
It: 19300, Time: 4.56, mse_0: 3.1023e-04, mse_f: 1.2201e-03, total loss: 1.9801e-03, Error u,v: 1.6535e-05, 1.9957e-05
It: 19400, Time: 4.63, mse_0: 3.1393e-04, mse_f: 1.2077e-03, total loss: 1.9618e-03, Error u,v: 1.6267e-05, 1.9782e-05
It: 19500, Time: 4.71, mse_0: 3.1783e-04, mse_f: 1.1934e-03, total loss: 1.9439e-03, Error u,v: 1.6128e-05, 1.9628e-05
It: 19600, Time: 4.67, mse_0: 3.1750e-04, mse_f: 1.1825e-03, total loss: 1.9288e-03, Error u,v: 1.5876e-05, 1.9506e-05
It: 19700, Time: 4.49, mse_0: 3.1639e-04, mse_f: 1.1733e-03, total loss: 1.9144e-03, Error u,v: 1.5643e-05, 1.9168e-05
It: 19800, Time: 4.64, mse_0: 3.1597e-04, mse_f: 1.1637e-03, total loss: 1.9034e-03, Error u,v: 1.5509e-05, 1.9021e-05
It: 19900, Time: 4.79, mse_0: 3.1427e-04, mse_f: 1.1556e-03, total loss: 1.8914e-03, Error u,v: 1.5398e-05, 1.8745e-05
It: 20000, Time: 5.02, mse_0: 3.1152e-04, mse_f: 1.1470e-03, total loss: 1.8746e-03, Error u,v: 1.5160e-05, 1.8592e-05
It: 20100, Time: 4.65, mse_0: 3.0986e-04, mse_f: 1.1385e-03, total loss: 1.8602e-03, Error u,v: 1.4922e-05, 1.8312e-05
It: 20200, Time: 4.53, mse_0: 3.0655e-04, mse_f: 1.1320e-03, total loss: 1.8478e-03, Error u,v: 1.4727e-05, 1.7988e-05
It: 20300, Time: 4.48, mse_0: 3.0511e-04, mse_f: 1.1263e-03, total loss: 1.8389e-03, Error u,v: 1.4663e-05, 1.7993e-05
It: 20400, Time: 4.46, mse_0: 3.0458e-04, mse_f: 1.1217e-03, total loss: 1.8318e-03, Error u,v: 1.4594e-05, 1.7991e-05
It: 20500, Time: 4.48, mse_0: 2.9973e-04, mse_f: 1.1175e-03, total loss: 1.8208e-03, Error u,v: 1.4491e-05, 1.7837e-05
It: 20600, Time: 4.51, mse_0: 2.9740e-04, mse_f: 1.1122e-03, total loss: 1.8114e-03, Error u,v: 1.4444e-05, 1.7749e-05
It: 20700, Time: 4.47, mse_0: 2.9620e-04, mse_f: 1.1041e-03, total loss: 1.7972e-03, Error u,v: 1.4516e-05, 1.7577e-05
It: 20800, Time: 4.53, mse_0: 2.9244e-04, mse_f: 1.0984e-03, total loss: 1.7833e-03, Error u,v: 1.4300e-05, 1.7493e-05
It: 20900, Time: 4.35, mse_0: 2.8887e-04, mse_f: 1.0948e-03, total loss: 1.7739e-03, Error u,v: 1.4148e-05, 1.7413e-05
It: 21000, Time: 4.15, mse_0: 2.7804e-04, mse_f: 1.0937e-03, total loss: 1.7611e-03, Error u,v: 1.3911e-05, 1.7388e-05
It: 21100, Time: 4.28, mse_0: 2.7462e-04, mse_f: 1.0844e-03, total loss: 1.7482e-03, Error u,v: 1.3840e-05, 1.7486e-05
It: 21200, Time: 4.77, mse_0: 2.6868e-04, mse_f: 1.0800e-03, total loss: 1.7381e-03, Error u,v: 1.3696e-05, 1.7446e-05
It: 21300, Time: 4.81, mse_0: 2.6400e-04, mse_f: 1.0764e-03, total loss: 1.7292e-03, Error u,v: 1.3615e-05, 1.7244e-05
It: 21400, Time: 4.60, mse_0: 2.5763e-04, mse_f: 1.0687e-03, total loss: 1.7132e-03, Error u,v: 1.3428e-05, 1.6952e-05
It: 21500, Time: 5.08, mse_0: 2.5613e-04, mse_f: 1.0605e-03, total loss: 1.6991e-03, Error u,v: 1.3328e-05, 1.6821e-05
It: 21600, Time: 4.97, mse_0: 2.5880e-04, mse_f: 1.0532e-03, total loss: 1.6923e-03, Error u,v: 1.3278e-05, 1.6890e-05
It: 21700, Time: 4.38, mse_0: 2.5801e-04, mse_f: 1.0449e-03, total loss: 1.6787e-03, Error u,v: 1.3175e-05, 1.6669e-05
It: 21800, Time: 4.29, mse_0: 2.5434e-04, mse_f: 1.0422e-03, total loss: 1.6692e-03, Error u,v: 1.2938e-05, 1.6487e-05
It: 21900, Time: 4.26, mse_0: 2.4902e-04, mse_f: 1.0373e-03, total loss: 1.6572e-03, Error u,v: 1.2853e-05, 1.6253e-05
It: 22000, Time: 4.51, mse_0: 2.4436e-04, mse_f: 1.0315e-03, total loss: 1.6468e-03, Error u,v: 1.2703e-05, 1.6286e-05
It: 22100, Time: 4.82, mse_0: 2.3486e-04, mse_f: 1.0255e-03, total loss: 1.6322e-03, Error u,v: 1.2628e-05, 1.6242e-05
It: 22200, Time: 4.64, mse_0: 2.3243e-04, mse_f: 1.0149e-03, total loss: 1.6199e-03, Error u,v: 1.2649e-05, 1.6294e-05
It: 22300, Time: 4.52, mse_0: 2.2707e-04, mse_f: 1.0069e-03, total loss: 1.6061e-03, Error u,v: 1.2687e-05, 1.6059e-05
It: 22400, Time: 4.62, mse_0: 2.2295e-04, mse_f: 1.0021e-03, total loss: 1.5942e-03, Error u,v: 1.2632e-05, 1.6042e-05
It: 22500, Time: 4.37, mse_0: 2.2116e-04, mse_f: 9.9711e-04, total loss: 1.5857e-03, Error u,v: 1.2550e-05, 1.6012e-05
It: 22600, Time: 4.44, mse_0: 2.1938e-04, mse_f: 9.9535e-04, total loss: 1.5780e-03, Error u,v: 1.2603e-05, 1.6040e-05
It: 22700, Time: 4.99, mse_0: 2.1664e-04, mse_f: 9.9187e-04, total loss: 1.5686e-03, Error u,v: 1.2754e-05, 1.6166e-05
It: 22800, Time: 5.16, mse_0: 2.0936e-04, mse_f: 9.8816e-04, total loss: 1.5557e-03, Error u,v: 1.2532e-05, 1.6241e-05
It: 22900, Time: 5.47, mse_0: 2.0667e-04, mse_f: 9.8433e-04, total loss: 1.5445e-03, Error u,v: 1.2399e-05, 1.5933e-05
It: 23000, Time: 4.68, mse_0: 2.0545e-04, mse_f: 9.7873e-04, total loss: 1.5337e-03, Error u,v: 1.2323e-05, 1.5732e-05
It: 23100, Time: 4.53, mse_0: 2.0626e-04, mse_f: 9.7450e-04, total loss: 1.5288e-03, Error u,v: 1.2324e-05, 1.5676e-05
It: 23200, Time: 4.17, mse_0: 2.0597e-04, mse_f: 9.6677e-04, total loss: 1.5180e-03, Error u,v: 1.2245e-05, 1.5775e-05
It: 23300, Time: 4.30, mse_0: 2.0611e-04, mse_f: 9.6117e-04, total loss: 1.5108e-03, Error u,v: 1.2319e-05, 1.5672e-05
It: 23400, Time: 5.41, mse_0: 2.0137e-04, mse_f: 9.5775e-04, total loss: 1.4996e-03, Error u,v: 1.2230e-05, 1.5612e-05
It: 23500, Time: 5.85, mse_0: 1.9434e-04, mse_f: 9.4960e-04, total loss: 1.4844e-03, Error u,v: 1.2036e-05, 1.5347e-05
It: 23600, Time: 5.11, mse_0: 1.8813e-04, mse_f: 9.4655e-04, total loss: 1.4743e-03, Error u,v: 1.1904e-05, 1.5043e-05
It: 23700, Time: 5.69, mse_0: 1.8337e-04, mse_f: 9.4250e-04, total loss: 1.4639e-03, Error u,v: 1.1910e-05, 1.4923e-05
It: 23800, Time: 4.99, mse_0: 1.8141e-04, mse_f: 9.3789e-04, total loss: 1.4554e-03, Error u,v: 1.1940e-05, 1.4910e-05
It: 23900, Time: 5.08, mse_0: 1.8082e-04, mse_f: 9.3379e-04, total loss: 1.4495e-03, Error u,v: 1.1896e-05, 1.4967e-05
It: 24000, Time: 5.04, mse_0: 1.7820e-04, mse_f: 9.3235e-04, total loss: 1.4425e-03, Error u,v: 1.1982e-05, 1.4966e-05
It: 24100, Time: 5.16, mse_0: 1.7692e-04, mse_f: 9.2807e-04, total loss: 1.4366e-03, Error u,v: 1.2003e-05, 1.4905e-05
It: 24200, Time: 4.94, mse_0: 1.7291e-04, mse_f: 9.2483e-04, total loss: 1.4289e-03, Error u,v: 1.1804e-05, 1.4927e-05
It: 24300, Time: 5.01, mse_0: 1.7109e-04, mse_f: 9.1832e-04, total loss: 1.4204e-03, Error u,v: 1.1670e-05, 1.4902e-05
It: 24400, Time: 5.22, mse_0: 1.6983e-04, mse_f: 9.1507e-04, total loss: 1.4145e-03, Error u,v: 1.1525e-05, 1.4772e-05
It: 24500, Time: 5.07, mse_0: 1.6917e-04, mse_f: 9.1209e-04, total loss: 1.4095e-03, Error u,v: 1.1425e-05, 1.4762e-05
It: 24600, Time: 5.17, mse_0: 1.6888e-04, mse_f: 9.0669e-04, total loss: 1.4037e-03, Error u,v: 1.1279e-05, 1.4751e-05
It: 24700, Time: 5.14, mse_0: 1.6701e-04, mse_f: 9.0101e-04, total loss: 1.3945e-03, Error u,v: 1.1074e-05, 1.4750e-05
It: 24800, Time: 5.05, mse_0: 1.6535e-04, mse_f: 8.9322e-04, total loss: 1.3817e-03, Error u,v: 1.0888e-05, 1.4709e-05
It: 24900, Time: 5.29, mse_0: 1.6314e-04, mse_f: 8.9016e-04, total loss: 1.3729e-03, Error u,v: 1.0771e-05, 1.4608e-05
It: 25000, Time: 4.88, mse_0: 1.6026e-04, mse_f: 8.8565e-04, total loss: 1.3650e-03, Error u,v: 1.0798e-05, 1.4614e-05
It: 25100, Time: 4.55, mse_0: 1.5843e-04, mse_f: 8.7723e-04, total loss: 1.3529e-03, Error u,v: 1.0858e-05, 1.4644e-05
It: 25200, Time: 4.72, mse_0: 1.5715e-04, mse_f: 8.7362e-04, total loss: 1.3443e-03, Error u,v: 1.0672e-05, 1.4682e-05
It: 25300, Time: 5.25, mse_0: 1.5545e-04, mse_f: 8.6965e-04, total loss: 1.3343e-03, Error u,v: 1.0648e-05, 1.4616e-05
It: 25400, Time: 5.28, mse_0: 1.5719e-04, mse_f: 8.6337e-04, total loss: 1.3247e-03, Error u,v: 1.0591e-05, 1.4642e-05
It: 25500, Time: 5.78, mse_0: 1.5961e-04, mse_f: 8.5374e-04, total loss: 1.3142e-03, Error u,v: 1.0569e-05, 1.4657e-05
It: 25600, Time: 4.83, mse_0: 1.6046e-04, mse_f: 8.4708e-04, total loss: 1.3035e-03, Error u,v: 1.0413e-05, 1.4732e-05
It: 25700, Time: 4.73, mse_0: 1.5799e-04, mse_f: 8.4096e-04, total loss: 1.2902e-03, Error u,v: 1.0446e-05, 1.4827e-05
It: 25800, Time: 4.88, mse_0: 1.5595e-04, mse_f: 8.3508e-04, total loss: 1.2820e-03, Error u,v: 1.0395e-05, 1.4876e-05
It: 25900, Time: 4.82, mse_0: 1.5396e-04, mse_f: 8.3083e-04, total loss: 1.2748e-03, Error u,v: 1.0365e-05, 1.4877e-05
It: 26000, Time: 5.27, mse_0: 1.5342e-04, mse_f: 8.2485e-04, total loss: 1.2684e-03, Error u,v: 1.0353e-05, 1.4907e-05
It: 26100, Time: 5.33, mse_0: 1.5011e-04, mse_f: 8.1872e-04, total loss: 1.2603e-03, Error u,v: 1.0412e-05, 1.4712e-05
It: 26200, Time: 5.21, mse_0: 1.4878e-04, mse_f: 8.1517e-04, total loss: 1.2536e-03, Error u,v: 1.0426e-05, 1.4638e-05
It: 26300, Time: 5.11, mse_0: 1.4726e-04, mse_f: 8.1340e-04, total loss: 1.2472e-03, Error u,v: 1.0427e-05, 1.4600e-05
It: 26400, Time: 5.20, mse_0: 1.4816e-04, mse_f: 8.0637e-04, total loss: 1.2394e-03, Error u,v: 1.0406e-05, 1.4546e-05
It: 26500, Time: 5.01, mse_0: 1.5063e-04, mse_f: 7.9799e-04, total loss: 1.2298e-03, Error u,v: 1.0393e-05, 1.4387e-05
It: 26600, Time: 5.24, mse_0: 1.4886e-04, mse_f: 7.9020e-04, total loss: 1.2205e-03, Error u,v: 1.0404e-05, 1.4179e-05
It: 26700, Time: 5.41, mse_0: 1.4817e-04, mse_f: 7.8485e-04, total loss: 1.2133e-03, Error u,v: 1.0398e-05, 1.4020e-05
It: 26800, Time: 5.04, mse_0: 1.4832e-04, mse_f: 7.7779e-04, total loss: 1.2053e-03, Error u,v: 1.0425e-05, 1.3942e-05
It: 26900, Time: 4.85, mse_0: 1.4770e-04, mse_f: 7.7345e-04, total loss: 1.1986e-03, Error u,v: 1.0393e-05, 1.3852e-05
It: 27000, Time: 4.84, mse_0: 1.4652e-04, mse_f: 7.6933e-04, total loss: 1.1919e-03, Error u,v: 1.0453e-05, 1.3731e-05
It: 27100, Time: 5.23, mse_0: 1.4592e-04, mse_f: 7.6463e-04, total loss: 1.1832e-03, Error u,v: 1.0378e-05, 1.3709e-05
It: 27200, Time: 5.46, mse_0: 1.4599e-04, mse_f: 7.5815e-04, total loss: 1.1745e-03, Error u,v: 1.0241e-05, 1.3705e-05
It: 27300, Time: 5.22, mse_0: 1.4634e-04, mse_f: 7.5210e-04, total loss: 1.1688e-03, Error u,v: 1.0171e-05, 1.3703e-05
It: 27400, Time: 4.85, mse_0: 1.4639e-04, mse_f: 7.4841e-04, total loss: 1.1627e-03, Error u,v: 1.0117e-05, 1.3634e-05
It: 27500, Time: 4.34, mse_0: 1.4473e-04, mse_f: 7.4432e-04, total loss: 1.1568e-03, Error u,v: 1.0094e-05, 1.3550e-05
It: 27600, Time: 4.28, mse_0: 1.3938e-04, mse_f: 7.3969e-04, total loss: 1.1490e-03, Error u,v: 9.9088e-06, 1.3509e-05
It: 27700, Time: 4.70, mse_0: 1.3609e-04, mse_f: 7.3420e-04, total loss: 1.1417e-03, Error u,v: 9.9263e-06, 1.3499e-05
It: 27800, Time: 4.66, mse_0: 1.3363e-04, mse_f: 7.3012e-04, total loss: 1.1347e-03, Error u,v: 9.8207e-06, 1.3418e-05
It: 27900, Time: 4.23, mse_0: 1.3307e-04, mse_f: 7.2599e-04, total loss: 1.1282e-03, Error u,v: 9.8167e-06, 1.3412e-05
It: 28000, Time: 4.13, mse_0: 1.3379e-04, mse_f: 7.1974e-04, total loss: 1.1218e-03, Error u,v: 9.8705e-06, 1.3370e-05
It: 28100, Time: 4.11, mse_0: 1.3387e-04, mse_f: 7.1593e-04, total loss: 1.1171e-03, Error u,v: 9.7700e-06, 1.3353e-05
It: 28200, Time: 4.36, mse_0: 1.3607e-04, mse_f: 7.0847e-04, total loss: 1.1100e-03, Error u,v: 9.5528e-06, 1.3438e-05
It: 28300, Time: 4.60, mse_0: 1.3565e-04, mse_f: 7.0366e-04, total loss: 1.1033e-03, Error u,v: 9.4353e-06, 1.3465e-05
It: 28400, Time: 4.49, mse_0: 1.3444e-04, mse_f: 7.0009e-04, total loss: 1.0981e-03, Error u,v: 9.3626e-06, 1.3488e-05
It: 28500, Time: 4.63, mse_0: 1.3358e-04, mse_f: 6.9725e-04, total loss: 1.0932e-03, Error u,v: 9.2122e-06, 1.3478e-05
It: 28600, Time: 4.26, mse_0: 1.3202e-04, mse_f: 6.9508e-04, total loss: 1.0864e-03, Error u,v: 9.0053e-06, 1.3469e-05
It: 28700, Time: 4.28, mse_0: 1.3133e-04, mse_f: 6.9098e-04, total loss: 1.0798e-03, Error u,v: 8.8417e-06, 1.3463e-05
It: 28800, Time: 4.25, mse_0: 1.3149e-04, mse_f: 6.8817e-04, total loss: 1.0746e-03, Error u,v: 8.8750e-06, 1.3439e-05
It: 28900, Time: 4.36, mse_0: 1.3154e-04, mse_f: 6.8535e-04, total loss: 1.0693e-03, Error u,v: 8.8898e-06, 1.3393e-05
It: 29000, Time: 4.30, mse_0: 1.3225e-04, mse_f: 6.8220e-04, total loss: 1.0644e-03, Error u,v: 8.8781e-06, 1.3368e-05
It: 29100, Time: 4.37, mse_0: 1.3056e-04, mse_f: 6.8027e-04, total loss: 1.0588e-03, Error u,v: 8.8963e-06, 1.3377e-05
It: 29200, Time: 5.75, mse_0: 1.2784e-04, mse_f: 6.7855e-04, total loss: 1.0535e-03, Error u,v: 8.9259e-06, 1.3277e-05
It: 29300, Time: 6.12, mse_0: 1.2612e-04, mse_f: 6.7611e-04, total loss: 1.0487e-03, Error u,v: 8.8678e-06, 1.3280e-05
It: 29400, Time: 6.12, mse_0: 1.2370e-04, mse_f: 6.7301e-04, total loss: 1.0433e-03, Error u,v: 8.9168e-06, 1.3205e-05
It: 29500, Time: 6.00, mse_0: 1.2259e-04, mse_f: 6.6655e-04, total loss: 1.0355e-03, Error u,v: 8.9884e-06, 1.3230e-05
It: 29600, Time: 6.21, mse_0: 1.2108e-04, mse_f: 6.6286e-04, total loss: 1.0311e-03, Error u,v: 9.0167e-06, 1.3158e-05
It: 29700, Time: 6.14, mse_0: 1.2003e-04, mse_f: 6.5990e-04, total loss: 1.0263e-03, Error u,v: 9.0465e-06, 1.3121e-05
It: 29800, Time: 6.04, mse_0: 1.1987e-04, mse_f: 6.5643e-04, total loss: 1.0209e-03, Error u,v: 8.9281e-06, 1.3110e-05
It: 29900, Time: 5.37, mse_0: 1.2079e-04, mse_f: 6.5289e-04, total loss: 1.0167e-03, Error u,v: 9.0553e-06, 1.2957e-05
It: 30000, Time: 4.36, mse_0: 1.2098e-04, mse_f: 6.4906e-04, total loss: 1.0115e-03, Error u,v: 9.0522e-06, 1.2855e-05
It: 30100, Time: 4.40, mse_0: 1.2026e-04, mse_f: 6.4630e-04, total loss: 1.0068e-03, Error u,v: 8.8517e-06, 1.2805e-05
It: 30200, Time: 4.64, mse_0: 1.1953e-04, mse_f: 6.4338e-04, total loss: 1.0024e-03, Error u,v: 8.8415e-06, 1.2795e-05
It: 30300, Time: 4.43, mse_0: 1.1879e-04, mse_f: 6.3942e-04, total loss: 9.9775e-04, Error u,v: 8.7800e-06, 1.2823e-05
It: 30400, Time: 4.38, mse_0: 1.1853e-04, mse_f: 6.3726e-04, total loss: 9.9410e-04, Error u,v: 8.6765e-06, 1.2749e-05
It: 30500, Time: 4.15, mse_0: 1.1760e-04, mse_f: 6.3551e-04, total loss: 9.9070e-04, Error u,v: 8.6389e-06, 1.2676e-05
It: 30600, Time: 4.11, mse_0: 1.1708e-04, mse_f: 6.3391e-04, total loss: 9.8784e-04, Error u,v: 8.5525e-06, 1.2652e-05
It: 30700, Time: 4.11, mse_0: 1.1698e-04, mse_f: 6.2977e-04, total loss: 9.8433e-04, Error u,v: 8.4857e-06, 1.2597e-05
It: 30800, Time: 5.17, mse_0: 1.1658e-04, mse_f: 6.2674e-04, total loss: 9.7984e-04, Error u,v: 8.3975e-06, 1.2581e-05
It: 30900, Time: 5.44, mse_0: 1.1553e-04, mse_f: 6.2490e-04, total loss: 9.7677e-04, Error u,v: 8.3461e-06, 1.2541e-05
It: 31000, Time: 5.68, mse_0: 1.1396e-04, mse_f: 6.2222e-04, total loss: 9.7296e-04, Error u,v: 8.3442e-06, 1.2538e-05
It: 31100, Time: 5.62, mse_0: 1.1313e-04, mse_f: 6.1897e-04, total loss: 9.6880e-04, Error u,v: 8.3519e-06, 1.2417e-05
It: 31200, Time: 5.30, mse_0: 1.1289e-04, mse_f: 6.1666e-04, total loss: 9.6523e-04, Error u,v: 8.3021e-06, 1.2347e-05
It: 31300, Time: 4.92, mse_0: 1.1166e-04, mse_f: 6.1337e-04, total loss: 9.6070e-04, Error u,v: 8.2408e-06, 1.2329e-05
It: 31400, Time: 4.84, mse_0: 1.0991e-04, mse_f: 6.1049e-04, total loss: 9.5628e-04, Error u,v: 8.2365e-06, 1.2315e-05
It: 31500, Time: 4.62, mse_0: 1.0884e-04, mse_f: 6.0907e-04, total loss: 9.5292e-04, Error u,v: 8.2569e-06, 1.2225e-05
It: 31600, Time: 4.50, mse_0: 1.0836e-04, mse_f: 6.0666e-04, total loss: 9.4987e-04, Error u,v: 8.2101e-06, 1.2234e-05
It: 31700, Time: 4.37, mse_0: 1.0782e-04, mse_f: 6.0510e-04, total loss: 9.4753e-04, Error u,v: 8.1777e-06, 1.2186e-05
It: 31800, Time: 4.62, mse_0: 1.0716e-04, mse_f: 6.0408e-04, total loss: 9.4556e-04, Error u,v: 8.1685e-06, 1.2169e-05
It: 31900, Time: 4.35, mse_0: 1.0745e-04, mse_f: 6.0223e-04, total loss: 9.4359e-04, Error u,v: 8.1349e-06, 1.2209e-05
It: 32000, Time: 4.23, mse_0: 1.0856e-04, mse_f: 6.0038e-04, total loss: 9.4073e-04, Error u,v: 8.0858e-06, 1.2175e-05
It: 32100, Time: 4.76, mse_0: 1.0877e-04, mse_f: 5.9865e-04, total loss: 9.3809e-04, Error u,v: 8.1123e-06, 1.2135e-05
It: 32200, Time: 4.84, mse_0: 1.0926e-04, mse_f: 5.9629e-04, total loss: 9.3510e-04, Error u,v: 8.1365e-06, 1.2086e-05
It: 32300, Time: 5.50, mse_0: 1.0853e-04, mse_f: 5.9411e-04, total loss: 9.3197e-04, Error u,v: 8.1850e-06, 1.2077e-05
It: 32400, Time: 4.36, mse_0: 1.0783e-04, mse_f: 5.9045e-04, total loss: 9.2846e-04, Error u,v: 8.1983e-06, 1.2081e-05
It: 32500, Time: 4.77, mse_0: 1.0834e-04, mse_f: 5.8630e-04, total loss: 9.2498e-04, Error u,v: 8.2395e-06, 1.2069e-05
It: 32600, Time: 4.86, mse_0: 1.0729e-04, mse_f: 5.8446e-04, total loss: 9.2253e-04, Error u,v: 8.2375e-06, 1.2025e-05
It: 32700, Time: 5.03, mse_0: 1.0704e-04, mse_f: 5.8157e-04, total loss: 9.1897e-04, Error u,v: 8.2107e-06, 1.1984e-05
It: 32800, Time: 5.27, mse_0: 1.0841e-04, mse_f: 5.7563e-04, total loss: 9.1346e-04, Error u,v: 8.2056e-06, 1.2049e-05
It: 32900, Time: 5.00, mse_0: 1.1069e-04, mse_f: 5.6884e-04, total loss: 9.0733e-04, Error u,v: 8.2471e-06, 1.1939e-05
It: 33000, Time: 4.50, mse_0: 1.1055e-04, mse_f: 5.6585e-04, total loss: 9.0452e-04, Error u,v: 8.2319e-06, 1.1978e-05
It: 33100, Time: 4.61, mse_0: 1.1034e-04, mse_f: 5.6345e-04, total loss: 9.0115e-04, Error u,v: 8.2433e-06, 1.2017e-05
It: 33200, Time: 4.26, mse_0: 1.1050e-04, mse_f: 5.6007e-04, total loss: 8.9775e-04, Error u,v: 8.3342e-06, 1.1927e-05
It: 33300, Time: 4.52, mse_0: 1.0891e-04, mse_f: 5.5805e-04, total loss: 8.9389e-04, Error u,v: 8.4012e-06, 1.1935e-05
It: 33400, Time: 5.01, mse_0: 1.0868e-04, mse_f: 5.5588e-04, total loss: 8.9118e-04, Error u,v: 8.4712e-06, 1.1955e-05
It: 33500, Time: 5.39, mse_0: 1.0884e-04, mse_f: 5.5361e-04, total loss: 8.8850e-04, Error u,v: 8.5489e-06, 1.1983e-05
It: 33600, Time: 4.92, mse_0: 1.0906e-04, mse_f: 5.5104e-04, total loss: 8.8558e-04, Error u,v: 8.5046e-06, 1.2030e-05
It: 33700, Time: 4.95, mse_0: 1.0916e-04, mse_f: 5.4923e-04, total loss: 8.8333e-04, Error u,v: 8.5385e-06, 1.2054e-05
It: 33800, Time: 4.50, mse_0: 1.0904e-04, mse_f: 5.4801e-04, total loss: 8.8132e-04, Error u,v: 8.5199e-06, 1.2029e-05
It: 33900, Time: 4.54, mse_0: 1.0896e-04, mse_f: 5.4602e-04, total loss: 8.7819e-04, Error u,v: 8.5015e-06, 1.1986e-05
It: 34000, Time: 4.98, mse_0: 1.0889e-04, mse_f: 5.4306e-04, total loss: 8.7375e-04, Error u,v: 8.5350e-06, 1.2004e-05
It: 34100, Time: 4.90, mse_0: 1.0943e-04, mse_f: 5.4178e-04, total loss: 8.7144e-04, Error u,v: 8.5229e-06, 1.2026e-05
It: 34200, Time: 4.55, mse_0: 1.0913e-04, mse_f: 5.4073e-04, total loss: 8.6912e-04, Error u,v: 8.5111e-06, 1.1969e-05
It: 34300, Time: 4.83, mse_0: 1.0798e-04, mse_f: 5.3991e-04, total loss: 8.6648e-04, Error u,v: 8.5257e-06, 1.1991e-05
It: 34400, Time: 5.15, mse_0: 1.0716e-04, mse_f: 5.3932e-04, total loss: 8.6467e-04, Error u,v: 8.5585e-06, 1.1984e-05
It: 34500, Time: 5.09, mse_0: 1.0702e-04, mse_f: 5.3834e-04, total loss: 8.6245e-04, Error u,v: 8.5466e-06, 1.1935e-05
It: 34600, Time: 5.02, mse_0: 1.0735e-04, mse_f: 5.3676e-04, total loss: 8.6056e-04, Error u,v: 8.5752e-06, 1.1979e-05
It: 34700, Time: 4.81, mse_0: 1.0718e-04, mse_f: 5.3543e-04, total loss: 8.5850e-04, Error u,v: 8.6051e-06, 1.1988e-05
It: 34800, Time: 5.29, mse_0: 1.0613e-04, mse_f: 5.3468e-04, total loss: 8.5683e-04, Error u,v: 8.5803e-06, 1.1970e-05
It: 34900, Time: 5.30, mse_0: 1.0494e-04, mse_f: 5.3423e-04, total loss: 8.5365e-04, Error u,v: 8.4756e-06, 1.1942e-05
It: 35000, Time: 4.79, mse_0: 1.0488e-04, mse_f: 5.3321e-04, total loss: 8.5239e-04, Error u,v: 8.4535e-06, 1.1901e-05
It: 35100, Time: 4.84, mse_0: 1.0395e-04, mse_f: 5.3277e-04, total loss: 8.5035e-04, Error u,v: 8.4842e-06, 1.1915e-05
It: 35200, Time: 5.41, mse_0: 1.0300e-04, mse_f: 5.3148e-04, total loss: 8.4777e-04, Error u,v: 8.4900e-06, 1.1925e-05
It: 35300, Time: 5.34, mse_0: 1.0240e-04, mse_f: 5.3089e-04, total loss: 8.4472e-04, Error u,v: 8.4854e-06, 1.1935e-05
It: 35400, Time: 5.47, mse_0: 1.0194e-04, mse_f: 5.2903e-04, total loss: 8.4239e-04, Error u,v: 8.4466e-06, 1.1912e-05
It: 35500, Time: 5.43, mse_0: 1.0088e-04, mse_f: 5.2747e-04, total loss: 8.3902e-04, Error u,v: 8.4192e-06, 1.1918e-05
It: 35600, Time: 4.58, mse_0: 1.0042e-04, mse_f: 5.2670e-04, total loss: 8.3736e-04, Error u,v: 8.3593e-06, 1.1882e-05
It: 35700, Time: 5.15, mse_0: 1.0022e-04, mse_f: 5.2606e-04, total loss: 8.3524e-04, Error u,v: 8.3425e-06, 1.1865e-05
It: 35800, Time: 5.81, mse_0: 9.9939e-05, mse_f: 5.2497e-04, total loss: 8.3386e-04, Error u,v: 8.3298e-06, 1.1864e-05
It: 35900, Time: 5.92, mse_0: 9.9938e-05, mse_f: 5.2504e-04, total loss: 8.3239e-04, Error u,v: 8.3410e-06, 1.1876e-05
It: 36000, Time: 6.08, mse_0: 9.9860e-05, mse_f: 5.2458e-04, total loss: 8.3090e-04, Error u,v: 8.3155e-06, 1.1893e-05
It: 36100, Time: 5.00, mse_0: 9.9534e-05, mse_f: 5.2372e-04, total loss: 8.2976e-04, Error u,v: 8.2742e-06, 1.1914e-05
It: 36200, Time: 5.27, mse_0: 9.8369e-05, mse_f: 5.2397e-04, total loss: 8.2827e-04, Error u,v: 8.2800e-06, 1.1911e-05
It: 36300, Time: 5.73, mse_0: 9.8112e-05, mse_f: 5.2373e-04, total loss: 8.2691e-04, Error u,v: 8.2226e-06, 1.1914e-05
It: 36400, Time: 5.09, mse_0: 9.7489e-05, mse_f: 5.2333e-04, total loss: 8.2497e-04, Error u,v: 8.1542e-06, 1.1952e-05
It: 36500, Time: 4.72, mse_0: 9.6749e-05, mse_f: 5.2287e-04, total loss: 8.2341e-04, Error u,v: 8.1357e-06, 1.1960e-05
It: 36600, Time: 4.74, mse_0: 9.5416e-05, mse_f: 5.2253e-04, total loss: 8.2098e-04, Error u,v: 8.1248e-06, 1.2003e-05
It: 36700, Time: 5.73, mse_0: 9.4798e-05, mse_f: 5.2188e-04, total loss: 8.1819e-04, Error u,v: 8.0575e-06, 1.2073e-05
It: 36800, Time: 5.50, mse_0: 9.4411e-05, mse_f: 5.2010e-04, total loss: 8.1548e-04, Error u,v: 8.0256e-06, 1.2127e-05
It: 36900, Time: 5.38, mse_0: 9.5011e-05, mse_f: 5.1890e-04, total loss: 8.1366e-04, Error u,v: 8.0210e-06, 1.2107e-05
It: 37000, Time: 4.99, mse_0: 9.4085e-05, mse_f: 5.1835e-04, total loss: 8.1092e-04, Error u,v: 8.0008e-06, 1.2151e-05
It: 37100, Time: 4.87, mse_0: 9.3561e-05, mse_f: 5.1707e-04, total loss: 8.0867e-04, Error u,v: 8.0040e-06, 1.2176e-05
It: 37200, Time: 5.13, mse_0: 9.2419e-05, mse_f: 5.1712e-04, total loss: 8.0665e-04, Error u,v: 8.0325e-06, 1.2193e-05
It: 37300, Time: 4.96, mse_0: 9.1054e-05, mse_f: 5.1610e-04, total loss: 8.0379e-04, Error u,v: 8.0361e-06, 1.2203e-05
It: 37400, Time: 4.89, mse_0: 9.0412e-05, mse_f: 5.1487e-04, total loss: 8.0191e-04, Error u,v: 8.0082e-06, 1.2206e-05
It: 37500, Time: 5.15, mse_0: 9.0154e-05, mse_f: 5.1369e-04, total loss: 7.9930e-04, Error u,v: 8.0221e-06, 1.2261e-05
It: 37600, Time: 5.07, mse_0: 8.8559e-05, mse_f: 5.1191e-04, total loss: 7.9616e-04, Error u,v: 8.0193e-06, 1.2245e-05
It: 37700, Time: 4.83, mse_0: 8.6917e-05, mse_f: 5.1143e-04, total loss: 7.9324e-04, Error u,v: 7.9800e-06, 1.2169e-05
It: 37800, Time: 4.53, mse_0: 8.6365e-05, mse_f: 5.0954e-04, total loss: 7.9007e-04, Error u,v: 8.0007e-06, 1.2159e-05
It: 37900, Time: 5.29, mse_0: 8.6133e-05, mse_f: 5.0900e-04, total loss: 7.8781e-04, Error u,v: 7.9306e-06, 1.2170e-05
It: 38000, Time: 5.32, mse_0: 8.6257e-05, mse_f: 5.0810e-04, total loss: 7.8516e-04, Error u,v: 7.8768e-06, 1.2114e-05
It: 38100, Time: 4.46, mse_0: 8.6459e-05, mse_f: 5.0629e-04, total loss: 7.8304e-04, Error u,v: 7.8096e-06, 1.2102e-05
It: 38200, Time: 4.55, mse_0: 8.6103e-05, mse_f: 5.0517e-04, total loss: 7.8113e-04, Error u,v: 7.8438e-06, 1.2107e-05
It: 38300, Time: 4.87, mse_0: 8.5732e-05, mse_f: 5.0544e-04, total loss: 7.7996e-04, Error u,v: 7.8389e-06, 1.2121e-05
It: 38400, Time: 4.99, mse_0: 8.5294e-05, mse_f: 5.0515e-04, total loss: 7.7849e-04, Error u,v: 7.8190e-06, 1.2098e-05
It: 38500, Time: 4.93, mse_0: 8.4482e-05, mse_f: 5.0506e-04, total loss: 7.7618e-04, Error u,v: 7.7683e-06, 1.2087e-05
It: 38600, Time: 4.95, mse_0: 8.3560e-05, mse_f: 5.0493e-04, total loss: 7.7415e-04, Error u,v: 7.7362e-06, 1.2062e-05
It: 38700, Time: 5.71, mse_0: 8.3047e-05, mse_f: 5.0269e-04, total loss: 7.7139e-04, Error u,v: 7.7670e-06, 1.2058e-05
It: 38800, Time: 5.79, mse_0: 8.3109e-05, mse_f: 5.0119e-04, total loss: 7.6876e-04, Error u,v: 7.7390e-06, 1.2050e-05
It: 38900, Time: 5.43, mse_0: 8.2452e-05, mse_f: 4.9975e-04, total loss: 7.6674e-04, Error u,v: 7.7330e-06, 1.2011e-05
It: 39000, Time: 4.82, mse_0: 8.2052e-05, mse_f: 4.9863e-04, total loss: 7.6421e-04, Error u,v: 7.7342e-06, 1.2070e-05
It: 39100, Time: 4.54, mse_0: 8.1296e-05, mse_f: 4.9717e-04, total loss: 7.6104e-04, Error u,v: 7.6959e-06, 1.2170e-05
It: 39200, Time: 5.48, mse_0: 8.1430e-05, mse_f: 4.9624e-04, total loss: 7.5965e-04, Error u,v: 7.7082e-06, 1.2217e-05
It: 39300, Time: 5.59, mse_0: 8.0444e-05, mse_f: 4.9599e-04, total loss: 7.5787e-04, Error u,v: 7.7169e-06, 1.2165e-05
It: 39400, Time: 4.78, mse_0: 7.9134e-05, mse_f: 4.9630e-04, total loss: 7.5528e-04, Error u,v: 7.6538e-06, 1.2163e-05
It: 39500, Time: 4.68, mse_0: 7.8739e-05, mse_f: 4.9618e-04, total loss: 7.5231e-04, Error u,v: 7.6732e-06, 1.2125e-05
It: 39600, Time: 4.85, mse_0: 7.8238e-05, mse_f: 4.9464e-04, total loss: 7.4986e-04, Error u,v: 7.6934e-06, 1.2028e-05
It: 39700, Time: 4.75, mse_0: 7.7576e-05, mse_f: 4.9423e-04, total loss: 7.4766e-04, Error u,v: 7.6668e-06, 1.1910e-05
It: 39800, Time: 5.12, mse_0: 7.6885e-05, mse_f: 4.9322e-04, total loss: 7.4542e-04, Error u,v: 7.6842e-06, 1.1809e-05
It: 39900, Time: 4.85, mse_0: 7.6715e-05, mse_f: 4.9223e-04, total loss: 7.4300e-04, Error u,v: 7.6437e-06, 1.1804e-05
It: 40000, Time: 4.58, mse_0: 7.6721e-05, mse_f: 4.9161e-04, total loss: 7.4110e-04, Error u,v: 7.5783e-06, 1.1809e-05
It: 40100, Time: 4.84, mse_0: 7.6741e-05, mse_f: 4.9081e-04, total loss: 7.3903e-04, Error u,v: 7.5419e-06, 1.1817e-05
It: 40200, Time: 4.56, mse_0: 7.6284e-05, mse_f: 4.9054e-04, total loss: 7.3780e-04, Error u,v: 7.5414e-06, 1.1834e-05
It: 40300, Time: 4.38, mse_0: 7.6098e-05, mse_f: 4.9062e-04, total loss: 7.3660e-04, Error u,v: 7.5326e-06, 1.1868e-05
It: 40400, Time: 5.44, mse_0: 7.5649e-05, mse_f: 4.8973e-04, total loss: 7.3481e-04, Error u,v: 7.5058e-06, 1.1858e-05
It: 40500, Time: 5.48, mse_0: 7.5359e-05, mse_f: 4.8909e-04, total loss: 7.3362e-04, Error u,v: 7.4940e-06, 1.1832e-05
It: 40600, Time: 4.38, mse_0: 7.5245e-05, mse_f: 4.8850e-04, total loss: 7.3274e-04, Error u,v: 7.5044e-06, 1.1826e-05
It: 40700, Time: 4.22, mse_0: 7.5044e-05, mse_f: 4.8832e-04, total loss: 7.3165e-04, Error u,v: 7.4897e-06, 1.1827e-05
It: 40800, Time: 4.49, mse_0: 7.5178e-05, mse_f: 4.8826e-04, total loss: 7.3113e-04, Error u,v: 7.4875e-06, 1.1816e-05
It: 40900, Time: 4.78, mse_0: 7.5023e-05, mse_f: 4.8814e-04, total loss: 7.3020e-04, Error u,v: 7.4970e-06, 1.1831e-05
It: 41000, Time: 4.80, mse_0: 7.4578e-05, mse_f: 4.8733e-04, total loss: 7.2877e-04, Error u,v: 7.4803e-06, 1.1810e-05
It: 41100, Time: 4.73, mse_0: 7.4555e-05, mse_f: 4.8679e-04, total loss: 7.2775e-04, Error u,v: 7.4792e-06, 1.1785e-05
It: 41200, Time: 5.43, mse_0: 7.4702e-05, mse_f: 4.8633e-04, total loss: 7.2675e-04, Error u,v: 7.4902e-06, 1.1780e-05
It: 41300, Time: 5.63, mse_0: 7.4735e-05, mse_f: 4.8621e-04, total loss: 7.2503e-04, Error u,v: 7.4484e-06, 1.1804e-05
It: 41400, Time: 4.44, mse_0: 7.4838e-05, mse_f: 4.8587e-04, total loss: 7.2408e-04, Error u,v: 7.4358e-06, 1.1860e-05
It: 41500, Time: 4.54, mse_0: 7.4983e-05, mse_f: 4.8540e-04, total loss: 7.2327e-04, Error u,v: 7.4488e-06, 1.1826e-05
It: 41600, Time: 4.69, mse_0: 7.4316e-05, mse_f: 4.8548e-04, total loss: 7.2195e-04, Error u,v: 7.4292e-06, 1.1782e-05
It: 41700, Time: 5.40, mse_0: 7.4192e-05, mse_f: 4.8533e-04, total loss: 7.2111e-04, Error u,v: 7.4159e-06, 1.1793e-05
It: 41800, Time: 5.21, mse_0: 7.3877e-05, mse_f: 4.8494e-04, total loss: 7.2008e-04, Error u,v: 7.4250e-06, 1.1783e-05
It: 41900, Time: 5.31, mse_0: 7.3297e-05, mse_f: 4.8335e-04, total loss: 7.1854e-04, Error u,v: 7.3678e-06, 1.1765e-05
It: 42000, Time: 5.00, mse_0: 7.2603e-05, mse_f: 4.8297e-04, total loss: 7.1673e-04, Error u,v: 7.3553e-06, 1.1786e-05
It: 42100, Time: 4.78, mse_0: 7.1595e-05, mse_f: 4.8213e-04, total loss: 7.1500e-04, Error u,v: 7.3477e-06, 1.1783e-05
It: 42200, Time: 4.70, mse_0: 7.1047e-05, mse_f: 4.8216e-04, total loss: 7.1419e-04, Error u,v: 7.3111e-06, 1.1785e-05
It: 42300, Time: 4.57, mse_0: 7.0895e-05, mse_f: 4.8170e-04, total loss: 7.1299e-04, Error u,v: 7.2692e-06, 1.1801e-05
It: 42400, Time: 4.61, mse_0: 7.0188e-05, mse_f: 4.8137e-04, total loss: 7.1168e-04, Error u,v: 7.2625e-06, 1.1817e-05
It: 42500, Time: 4.49, mse_0: 7.0190e-05, mse_f: 4.8054e-04, total loss: 7.1067e-04, Error u,v: 7.2724e-06, 1.1827e-05
It: 42600, Time: 4.55, mse_0: 6.9472e-05, mse_f: 4.8041e-04, total loss: 7.0983e-04, Error u,v: 7.2424e-06, 1.1830e-05
It: 42700, Time: 5.08, mse_0: 6.8594e-05, mse_f: 4.7980e-04, total loss: 7.0822e-04, Error u,v: 7.1879e-06, 1.1763e-05
It: 42800, Time: 4.97, mse_0: 6.7906e-05, mse_f: 4.7968e-04, total loss: 7.0658e-04, Error u,v: 7.1148e-06, 1.1721e-05
It: 42900, Time: 4.63, mse_0: 6.7539e-05, mse_f: 4.7982e-04, total loss: 7.0517e-04, Error u,v: 7.0220e-06, 1.1721e-05
It: 43000, Time: 4.75, mse_0: 6.6920e-05, mse_f: 4.7959e-04, total loss: 7.0330e-04, Error u,v: 6.9740e-06, 1.1681e-05
It: 43100, Time: 4.75, mse_0: 6.6844e-05, mse_f: 4.7914e-04, total loss: 7.0170e-04, Error u,v: 6.9183e-06, 1.1677e-05
It: 43200, Time: 4.72, mse_0: 6.6922e-05, mse_f: 4.7890e-04, total loss: 7.0079e-04, Error u,v: 6.8535e-06, 1.1669e-05
It: 43300, Time: 4.73, mse_0: 6.6764e-05, mse_f: 4.7890e-04, total loss: 7.0022e-04, Error u,v: 6.8226e-06, 1.1658e-05
It: 43400, Time: 5.28, mse_0: 6.6567e-05, mse_f: 4.7817e-04, total loss: 6.9855e-04, Error u,v: 6.7922e-06, 1.1682e-05
It: 43500, Time: 5.03, mse_0: 6.6604e-05, mse_f: 4.7719e-04, total loss: 6.9755e-04, Error u,v: 6.7666e-06, 1.1675e-05
It: 43600, Time: 5.34, mse_0: 6.6502e-05, mse_f: 4.7636e-04, total loss: 6.9625e-04, Error u,v: 6.7676e-06, 1.1678e-05
It: 43700, Time: 4.71, mse_0: 6.5935e-05, mse_f: 4.7585e-04, total loss: 6.9457e-04, Error u,v: 6.7499e-06, 1.1717e-05
It: 43800, Time: 4.49, mse_0: 6.5988e-05, mse_f: 4.7631e-04, total loss: 6.9354e-04, Error u,v: 6.6999e-06, 1.1721e-05
It: 43900, Time: 4.90, mse_0: 6.5780e-05, mse_f: 4.7596e-04, total loss: 6.9182e-04, Error u,v: 6.7076e-06, 1.1685e-05
It: 44000, Time: 4.75, mse_0: 6.5959e-05, mse_f: 4.7557e-04, total loss: 6.9141e-04, Error u,v: 6.7280e-06, 1.1659e-05
It: 44100, Time: 5.09, mse_0: 6.5664e-05, mse_f: 4.7497e-04, total loss: 6.8993e-04, Error u,v: 6.7157e-06, 1.1596e-05
It: 44200, Time: 5.40, mse_0: 6.5649e-05, mse_f: 4.7512e-04, total loss: 6.8953e-04, Error u,v: 6.7043e-06, 1.1584e-05
It: 44300, Time: 4.80, mse_0: 6.5256e-05, mse_f: 4.7524e-04, total loss: 6.8845e-04, Error u,v: 6.6763e-06, 1.1588e-05
It: 44400, Time: 4.74, mse_0: 6.5119e-05, mse_f: 4.7495e-04, total loss: 6.8806e-04, Error u,v: 6.6711e-06, 1.1593e-05
It: 44500, Time: 4.72, mse_0: 6.5029e-05, mse_f: 4.7491e-04, total loss: 6.8713e-04, Error u,v: 6.6263e-06, 1.1559e-05
It: 44600, Time: 4.67, mse_0: 6.4844e-05, mse_f: 4.7464e-04, total loss: 6.8651e-04, Error u,v: 6.6164e-06, 1.1569e-05
It: 44700, Time: 4.81, mse_0: 6.4894e-05, mse_f: 4.7389e-04, total loss: 6.8582e-04, Error u,v: 6.6194e-06, 1.1550e-05
It: 44800, Time: 4.91, mse_0: 6.4654e-05, mse_f: 4.7381e-04, total loss: 6.8492e-04, Error u,v: 6.6019e-06, 1.1530e-05
It: 44900, Time: 4.51, mse_0: 6.4582e-05, mse_f: 4.7373e-04, total loss: 6.8443e-04, Error u,v: 6.5851e-06, 1.1520e-05
It: 45000, Time: 4.53, mse_0: 6.4398e-05, mse_f: 4.7358e-04, total loss: 6.8357e-04, Error u,v: 6.5687e-06, 1.1532e-05
It: 45100, Time: 4.74, mse_0: 6.4047e-05, mse_f: 4.7370e-04, total loss: 6.8248e-04, Error u,v: 6.5324e-06, 1.1555e-05
It: 45200, Time: 4.96, mse_0: 6.4012e-05, mse_f: 4.7356e-04, total loss: 6.8164e-04, Error u,v: 6.5370e-06, 1.1594e-05
It: 45300, Time: 4.95, mse_0: 6.3851e-05, mse_f: 4.7318e-04, total loss: 6.8104e-04, Error u,v: 6.5342e-06, 1.1624e-05
It: 45400, Time: 4.84, mse_0: 6.3914e-05, mse_f: 4.7187e-04, total loss: 6.8021e-04, Error u,v: 6.5219e-06, 1.1644e-05
It: 45500, Time: 4.94, mse_0: 6.3913e-05, mse_f: 4.7126e-04, total loss: 6.7911e-04, Error u,v: 6.4978e-06, 1.1642e-05
It: 45600, Time: 4.96, mse_0: 6.4264e-05, mse_f: 4.7007e-04, total loss: 6.7784e-04, Error u,v: 6.5006e-06, 1.1670e-05
It: 45700, Time: 4.84, mse_0: 6.4252e-05, mse_f: 4.6876e-04, total loss: 6.7613e-04, Error u,v: 6.5123e-06, 1.1638e-05
It: 45800, Time: 4.77, mse_0: 6.4026e-05, mse_f: 4.6796e-04, total loss: 6.7519e-04, Error u,v: 6.5144e-06, 1.1639e-05
It: 45900, Time: 4.75, mse_0: 6.3776e-05, mse_f: 4.6739e-04, total loss: 6.7413e-04, Error u,v: 6.5192e-06, 1.1643e-05
It: 46000, Time: 4.99, mse_0: 6.3678e-05, mse_f: 4.6704e-04, total loss: 6.7313e-04, Error u,v: 6.5441e-06, 1.1661e-05
It: 46100, Time: 4.98, mse_0: 6.3830e-05, mse_f: 4.6613e-04, total loss: 6.7165e-04, Error u,v: 6.5741e-06, 1.1669e-05
It: 46200, Time: 4.94, mse_0: 6.3646e-05, mse_f: 4.6560e-04, total loss: 6.7014e-04, Error u,v: 6.6644e-06, 1.1622e-05
It: 46300, Time: 4.52, mse_0: 6.3397e-05, mse_f: 4.6507e-04, total loss: 6.6862e-04, Error u,v: 6.7130e-06, 1.1590e-05
It: 46400, Time: 5.11, mse_0: 6.3733e-05, mse_f: 4.6469e-04, total loss: 6.6775e-04, Error u,v: 6.7031e-06, 1.1588e-05
It: 46500, Time: 5.27, mse_0: 6.4520e-05, mse_f: 4.6337e-04, total loss: 6.6646e-04, Error u,v: 6.7242e-06, 1.1562e-05
It: 46600, Time: 5.70, mse_0: 6.4652e-05, mse_f: 4.6218e-04, total loss: 6.6463e-04, Error u,v: 6.7470e-06, 1.1528e-05
It: 46700, Time: 6.13, mse_0: 6.4953e-05, mse_f: 4.6101e-04, total loss: 6.6259e-04, Error u,v: 6.8298e-06, 1.1533e-05
It: 46800, Time: 4.96, mse_0: 6.5170e-05, mse_f: 4.6025e-04, total loss: 6.6126e-04, Error u,v: 6.8548e-06, 1.1531e-05
It: 46900, Time: 4.99, mse_0: 6.5448e-05, mse_f: 4.5914e-04, total loss: 6.5989e-04, Error u,v: 6.8875e-06, 1.1514e-05
It: 47000, Time: 5.03, mse_0: 6.5858e-05, mse_f: 4.5775e-04, total loss: 6.5853e-04, Error u,v: 6.8704e-06, 1.1484e-05
It: 47100, Time: 5.07, mse_0: 6.6268e-05, mse_f: 4.5654e-04, total loss: 6.5666e-04, Error u,v: 6.8610e-06, 1.1397e-05
It: 47200, Time: 4.89, mse_0: 6.6081e-05, mse_f: 4.5520e-04, total loss: 6.5508e-04, Error u,v: 6.8662e-06, 1.1298e-05
It: 47300, Time: 5.23, mse_0: 6.6010e-05, mse_f: 4.5454e-04, total loss: 6.5387e-04, Error u,v: 6.9110e-06, 1.1234e-05
It: 47400, Time: 5.05, mse_0: 6.5755e-05, mse_f: 4.5293e-04, total loss: 6.5220e-04, Error u,v: 6.9371e-06, 1.1145e-05
It: 47500, Time: 4.44, mse_0: 6.5529e-05, mse_f: 4.5204e-04, total loss: 6.5067e-04, Error u,v: 6.9215e-06, 1.1104e-05
It: 47600, Time: 4.67, mse_0: 6.5099e-05, mse_f: 4.5139e-04, total loss: 6.4945e-04, Error u,v: 6.8754e-06, 1.1105e-05
It: 47700, Time: 5.00, mse_0: 6.5315e-05, mse_f: 4.5104e-04, total loss: 6.4882e-04, Error u,v: 6.8818e-06, 1.1089e-05
It: 47800, Time: 4.53, mse_0: 6.4851e-05, mse_f: 4.5035e-04, total loss: 6.4735e-04, Error u,v: 6.8639e-06, 1.1098e-05
It: 47900, Time: 4.23, mse_0: 6.5074e-05, mse_f: 4.4930e-04, total loss: 6.4659e-04, Error u,v: 6.8588e-06, 1.1108e-05
It: 48000, Time: 4.33, mse_0: 6.5116e-05, mse_f: 4.4848e-04, total loss: 6.4567e-04, Error u,v: 6.8282e-06, 1.1083e-05
It: 48100, Time: 4.95, mse_0: 6.5058e-05, mse_f: 4.4800e-04, total loss: 6.4473e-04, Error u,v: 6.8255e-06, 1.1084e-05
It: 48200, Time: 4.96, mse_0: 6.4794e-05, mse_f: 4.4783e-04, total loss: 6.4401e-04, Error u,v: 6.8377e-06, 1.1101e-05
It: 48300, Time: 5.07, mse_0: 6.5008e-05, mse_f: 4.4751e-04, total loss: 6.4352e-04, Error u,v: 6.8502e-06, 1.1100e-05
It: 48400, Time: 5.11, mse_0: 6.5246e-05, mse_f: 4.4671e-04, total loss: 6.4256e-04, Error u,v: 6.8363e-06, 1.1141e-05
It: 48500, Time: 5.59, mse_0: 6.5187e-05, mse_f: 4.4620e-04, total loss: 6.4168e-04, Error u,v: 6.8303e-06, 1.1104e-05
It: 48600, Time: 4.73, mse_0: 6.5172e-05, mse_f: 4.4533e-04, total loss: 6.4030e-04, Error u,v: 6.8148e-06, 1.1133e-05
It: 48700, Time: 5.17, mse_0: 6.5187e-05, mse_f: 4.4477e-04, total loss: 6.3932e-04, Error u,v: 6.7958e-06, 1.1105e-05
It: 48800, Time: 4.98, mse_0: 6.4839e-05, mse_f: 4.4467e-04, total loss: 6.3801e-04, Error u,v: 6.7445e-06, 1.1068e-05
It: 48900, Time: 5.43, mse_0: 6.4307e-05, mse_f: 4.4451e-04, total loss: 6.3701e-04, Error u,v: 6.7250e-06, 1.1042e-05
It: 49000, Time: 5.38, mse_0: 6.4455e-05, mse_f: 4.4462e-04, total loss: 6.3649e-04, Error u,v: 6.7198e-06, 1.1039e-05
It: 49100, Time: 5.73, mse_0: 6.4383e-05, mse_f: 4.4451e-04, total loss: 6.3574e-04, Error u,v: 6.7183e-06, 1.1058e-05
It: 49200, Time: 5.41, mse_0: 6.4087e-05, mse_f: 4.4404e-04, total loss: 6.3428e-04, Error u,v: 6.7386e-06, 1.1052e-05
It: 49300, Time: 4.67, mse_0: 6.4303e-05, mse_f: 4.4352e-04, total loss: 6.3343e-04, Error u,v: 6.7513e-06, 1.1063e-05
It: 49400, Time: 4.65, mse_0: 6.4322e-05, mse_f: 4.4276e-04, total loss: 6.3184e-04, Error u,v: 6.7978e-06, 1.1069e-05
It: 49500, Time: 4.76, mse_0: 6.4438e-05, mse_f: 4.4221e-04, total loss: 6.3054e-04, Error u,v: 6.7751e-06, 1.1020e-05
It: 49600, Time: 4.53, mse_0: 6.4668e-05, mse_f: 4.4144e-04, total loss: 6.2966e-04, Error u,v: 6.7898e-06, 1.0970e-05
It: 49700, Time: 4.25, mse_0: 6.4883e-05, mse_f: 4.4117e-04, total loss: 6.2872e-04, Error u,v: 6.7621e-06, 1.0936e-05
It: 49800, Time: 4.50, mse_0: 6.4822e-05, mse_f: 4.4016e-04, total loss: 6.2716e-04, Error u,v: 6.7230e-06, 1.0936e-05
It: 49900, Time: 4.43, mse_0: 6.4460e-05, mse_f: 4.3946e-04, total loss: 6.2550e-04, Error u,v: 6.7961e-06, 1.0955e-05
It: 50000, Time: 4.55, mse_0: 6.3668e-05, mse_f: 4.3847e-04, total loss: 6.2351e-04, Error u,v: 6.7032e-06, 1.0878e-05
Error u: 6.703203e-06
Error v: 1.087785e-05
Error u: 6.703203e-06
Error v: 1.087785e-05
